2019-03-24 12:18:55,414 [BombeRLeWorld] INFO: Initializing game world
2019-03-24 12:18:55,474 [BombeRLeWorld] INFO: Starting process for agent <qn_agent>
2019-03-24 12:18:55,819 [BombeRLeWorld] INFO: STARTING ROUND #1
2019-03-24 12:18:55,928 [BombeRLeWorld] INFO: STARTING STEP 1
2019-03-24 12:18:55,986 [BombeRLeWorld] INFO: Agent <qn_agent> chose action WAIT in 0.05s.
2019-03-24 12:18:56,031 [BombeRLeWorld] INFO: STARTING STEP 2
2019-03-24 12:18:56,085 [BombeRLeWorld] INFO: Agent <qn_agent> chose action WAIT in 0.04s.
2019-03-24 12:18:56,136 [BombeRLeWorld] INFO: STARTING STEP 3
2019-03-24 12:18:56,188 [BombeRLeWorld] INFO: Agent <qn_agent> chose action RIGHT in 0.05s.
2019-03-24 12:18:56,240 [BombeRLeWorld] INFO: STARTING STEP 4
2019-03-24 12:18:56,293 [BombeRLeWorld] INFO: Agent <qn_agent> chose action BOMB in 0.05s.
2019-03-24 12:18:56,293 [BombeRLeWorld] INFO: Agent <qn_agent> drops bomb at (2, 15)
2019-03-24 12:18:56,345 [BombeRLeWorld] INFO: STARTING STEP 5
2019-03-24 12:18:56,397 [BombeRLeWorld] INFO: Agent <qn_agent> chose action LEFT in 0.04s.
2019-03-24 12:18:56,450 [BombeRLeWorld] INFO: STARTING STEP 6
2019-03-24 12:18:56,500 [BombeRLeWorld] INFO: Agent <qn_agent> chose action UP in 0.04s.
2019-03-24 12:18:56,555 [BombeRLeWorld] INFO: STARTING STEP 7
2019-03-24 12:18:56,613 [BombeRLeWorld] INFO: Agent <qn_agent> chose action WAIT in 0.04s.
2019-03-24 12:18:56,659 [BombeRLeWorld] INFO: STARTING STEP 8
2019-03-24 12:18:56,728 [BombeRLeWorld] INFO: Agent <qn_agent> chose action WAIT in 0.05s.
2019-03-24 12:18:56,764 [BombeRLeWorld] INFO: STARTING STEP 9
2019-03-24 12:18:56,825 [BombeRLeWorld] INFO: Agent <qn_agent> chose action WAIT in 0.05s.
2019-03-24 12:18:56,826 [BombeRLeWorld] INFO: Agent <qn_agent>'s bomb at (2, 15) explodes
2019-03-24 12:18:56,868 [BombeRLeWorld] INFO: STARTING STEP 10
2019-03-24 12:18:56,907 [BombeRLeWorld] INFO: Agent <qn_agent> chose action WAIT in 0.03s.
2019-03-24 12:18:56,973 [BombeRLeWorld] INFO: STARTING STEP 11
2019-03-24 12:18:57,020 [BombeRLeWorld] INFO: Agent <qn_agent> chose action WAIT in 0.04s.
2019-03-24 12:18:57,077 [BombeRLeWorld] INFO: STARTING STEP 12
2019-03-24 12:18:57,137 [BombeRLeWorld] INFO: Agent <qn_agent> chose action WAIT in 0.04s.
2019-03-24 12:18:57,177 [BombeRLeWorld] INFO: STARTING STEP 13
2019-03-24 12:18:57,239 [BombeRLeWorld] INFO: Agent <qn_agent> chose action WAIT in 0.05s.
2019-03-24 12:18:57,282 [BombeRLeWorld] INFO: STARTING STEP 14
2019-03-24 12:18:57,356 [BombeRLeWorld] INFO: Agent <qn_agent> chose action DOWN in 0.07s.
2019-03-24 12:18:57,386 [BombeRLeWorld] INFO: STARTING STEP 15
2019-03-24 12:18:57,437 [BombeRLeWorld] INFO: Agent <qn_agent> chose action WAIT in 0.04s.
2019-03-24 12:18:57,491 [BombeRLeWorld] INFO: STARTING STEP 16
2019-03-24 12:18:57,549 [BombeRLeWorld] INFO: Agent <qn_agent> chose action WAIT in 0.05s.
2019-03-24 12:18:57,595 [BombeRLeWorld] INFO: STARTING STEP 17
2019-03-24 12:18:57,679 [BombeRLeWorld] INFO: Agent <qn_agent> chose action WAIT in 0.07s.
2019-03-24 12:18:57,698 [BombeRLeWorld] INFO: STARTING STEP 18
2019-03-24 12:18:57,755 [BombeRLeWorld] INFO: Agent <qn_agent> chose action WAIT in 0.05s.
2019-03-24 12:18:57,802 [BombeRLeWorld] INFO: STARTING STEP 19
2019-03-24 12:18:57,847 [BombeRLeWorld] INFO: Agent <qn_agent> chose action WAIT in 0.04s.
2019-03-24 12:18:57,911 [BombeRLeWorld] INFO: STARTING STEP 20
2019-03-24 12:18:57,972 [BombeRLeWorld] INFO: Agent <qn_agent> chose action WAIT in 0.05s.
2019-03-24 12:18:58,016 [BombeRLeWorld] INFO: STARTING STEP 21
2019-03-24 12:18:58,073 [BombeRLeWorld] INFO: Agent <qn_agent> chose action WAIT in 0.04s.
2019-03-24 12:18:58,121 [BombeRLeWorld] INFO: STARTING STEP 22
2019-03-24 12:18:58,176 [BombeRLeWorld] INFO: Agent <qn_agent> chose action WAIT in 0.05s.
2019-03-24 12:18:58,225 [BombeRLeWorld] INFO: STARTING STEP 23
2019-03-24 12:18:58,266 [BombeRLeWorld] INFO: Agent <qn_agent> chose action WAIT in 0.04s.
2019-03-24 12:18:58,330 [BombeRLeWorld] INFO: STARTING STEP 24
2019-03-24 12:18:58,388 [BombeRLeWorld] INFO: Agent <qn_agent> chose action WAIT in 0.04s.
2019-03-24 12:18:58,436 [BombeRLeWorld] INFO: STARTING STEP 25
2019-03-24 12:18:58,496 [BombeRLeWorld] INFO: Agent <qn_agent> chose action WAIT in 0.05s.
2019-03-24 12:18:58,541 [BombeRLeWorld] INFO: STARTING STEP 26
2019-03-24 12:18:58,601 [BombeRLeWorld] INFO: Agent <qn_agent> chose action LEFT in 0.05s.
2019-03-24 12:18:58,645 [BombeRLeWorld] INFO: STARTING STEP 27
2019-03-24 12:18:58,700 [BombeRLeWorld] INFO: Agent <qn_agent> chose action WAIT in 0.05s.
2019-03-24 12:18:58,750 [BombeRLeWorld] INFO: STARTING STEP 28
2019-03-24 12:18:58,804 [BombeRLeWorld] INFO: Agent <qn_agent> chose action WAIT in 0.04s.
2019-03-24 12:18:58,861 [BombeRLeWorld] INFO: STARTING STEP 29
2019-03-24 12:18:58,918 [BombeRLeWorld] INFO: Agent <qn_agent> chose action WAIT in 0.04s.
2019-03-24 12:18:58,965 [BombeRLeWorld] INFO: STARTING STEP 30
2019-03-24 12:18:59,026 [BombeRLeWorld] INFO: Agent <qn_agent> chose action WAIT in 0.05s.
2019-03-24 12:18:59,070 [BombeRLeWorld] INFO: STARTING STEP 31
2019-03-24 12:18:59,144 [BombeRLeWorld] INFO: Agent <qn_agent> chose action WAIT in 0.06s.
2019-03-24 12:18:59,174 [BombeRLeWorld] INFO: STARTING STEP 32
2019-03-24 12:18:59,235 [BombeRLeWorld] INFO: Agent <qn_agent> chose action WAIT in 0.05s.
2019-03-24 12:18:59,280 [BombeRLeWorld] INFO: STARTING STEP 33
2019-03-24 12:18:59,322 [BombeRLeWorld] INFO: Agent <qn_agent> chose action WAIT in 0.03s.
2019-03-24 12:18:59,386 [BombeRLeWorld] INFO: STARTING STEP 34
2019-03-24 12:18:59,449 [BombeRLeWorld] INFO: Agent <qn_agent> chose action WAIT in 0.05s.
2019-03-24 12:18:59,490 [BombeRLeWorld] INFO: STARTING STEP 35
2019-03-24 12:18:59,547 [BombeRLeWorld] INFO: Agent <qn_agent> chose action WAIT in 0.05s.
2019-03-24 12:18:59,595 [BombeRLeWorld] INFO: STARTING STEP 36
2019-03-24 12:18:59,657 [BombeRLeWorld] INFO: Agent <qn_agent> chose action DOWN in 0.05s.
2019-03-24 12:18:59,699 [BombeRLeWorld] INFO: STARTING STEP 37
2019-03-24 12:18:59,739 [BombeRLeWorld] INFO: Agent <qn_agent> chose action WAIT in 0.03s.
2019-03-24 12:18:59,804 [BombeRLeWorld] INFO: STARTING STEP 38
2019-03-24 12:18:59,856 [BombeRLeWorld] INFO: Agent <qn_agent> chose action WAIT in 0.04s.
2019-03-24 12:18:59,908 [BombeRLeWorld] INFO: STARTING STEP 39
2019-03-24 12:18:59,971 [BombeRLeWorld] INFO: Agent <qn_agent> chose action WAIT in 0.05s.
2019-03-24 12:19:00,014 [BombeRLeWorld] INFO: STARTING STEP 40
2019-03-24 12:19:00,080 [BombeRLeWorld] INFO: Agent <qn_agent> chose action WAIT in 0.05s.
2019-03-24 12:19:00,119 [BombeRLeWorld] INFO: STARTING STEP 41
2019-03-24 12:19:00,177 [BombeRLeWorld] INFO: Agent <qn_agent> chose action WAIT in 0.05s.
2019-03-24 12:19:00,224 [BombeRLeWorld] INFO: STARTING STEP 42
2019-03-24 12:19:00,260 [BombeRLeWorld] INFO: Agent <qn_agent> chose action WAIT in 0.03s.
2019-03-24 12:19:00,328 [BombeRLeWorld] INFO: STARTING STEP 43
2019-03-24 12:19:00,386 [BombeRLeWorld] INFO: Agent <qn_agent> chose action WAIT in 0.05s.
2019-03-24 12:19:00,432 [BombeRLeWorld] INFO: STARTING STEP 44
2019-03-24 12:19:00,506 [BombeRLeWorld] INFO: Agent <qn_agent> chose action WAIT in 0.06s.
2019-03-24 12:19:00,540 [BombeRLeWorld] INFO: STARTING STEP 45
2019-03-24 12:19:00,612 [BombeRLeWorld] INFO: Agent <qn_agent> chose action WAIT in 0.06s.
2019-03-24 12:19:00,645 [BombeRLeWorld] INFO: STARTING STEP 46
2019-03-24 12:19:00,694 [BombeRLeWorld] INFO: Agent <qn_agent> chose action WAIT in 0.04s.
2019-03-24 12:19:00,749 [BombeRLeWorld] INFO: STARTING STEP 47
2019-03-24 12:19:00,797 [BombeRLeWorld] INFO: Agent <qn_agent> chose action DOWN in 0.04s.
2019-03-24 12:19:00,854 [BombeRLeWorld] INFO: STARTING STEP 48
2019-03-24 12:19:00,930 [BombeRLeWorld] INFO: Agent <qn_agent> chose action WAIT in 0.07s.
2019-03-24 12:19:00,959 [BombeRLeWorld] INFO: STARTING STEP 49
2019-03-24 12:19:01,018 [BombeRLeWorld] INFO: Agent <qn_agent> chose action WAIT in 0.05s.
2019-03-24 12:19:01,063 [BombeRLeWorld] INFO: STARTING STEP 50
2019-03-24 12:19:01,120 [BombeRLeWorld] INFO: Agent <qn_agent> chose action WAIT in 0.05s.
2019-03-24 12:19:01,167 [BombeRLeWorld] INFO: STARTING STEP 51
2019-03-24 12:19:01,205 [BombeRLeWorld] INFO: Agent <qn_agent> chose action WAIT in 0.03s.
2019-03-24 12:19:01,271 [BombeRLeWorld] INFO: STARTING STEP 52
2019-03-24 12:19:01,319 [BombeRLeWorld] INFO: Agent <qn_agent> chose action WAIT in 0.04s.
2019-03-24 12:19:01,375 [BombeRLeWorld] INFO: STARTING STEP 53
2019-03-24 12:19:01,444 [BombeRLeWorld] INFO: Agent <qn_agent> chose action WAIT in 0.06s.
2019-03-24 12:19:01,482 [BombeRLeWorld] INFO: STARTING STEP 54
2019-03-24 12:19:01,552 [BombeRLeWorld] INFO: Agent <qn_agent> chose action WAIT in 0.05s.
2019-03-24 12:19:01,587 [BombeRLeWorld] INFO: STARTING STEP 55
2019-03-24 12:19:01,635 [BombeRLeWorld] INFO: Agent <qn_agent> chose action WAIT in 0.04s.
2019-03-24 12:19:01,691 [BombeRLeWorld] INFO: STARTING STEP 56
2019-03-24 12:19:01,757 [BombeRLeWorld] INFO: Agent <qn_agent> chose action WAIT in 0.06s.
2019-03-24 12:19:01,796 [BombeRLeWorld] INFO: STARTING STEP 57
2019-03-24 12:19:01,853 [BombeRLeWorld] INFO: Agent <qn_agent> chose action WAIT in 0.05s.
2019-03-24 12:19:01,901 [BombeRLeWorld] INFO: STARTING STEP 58
2019-03-24 12:19:01,968 [BombeRLeWorld] INFO: Agent <qn_agent> chose action WAIT in 0.06s.
2019-03-24 12:19:02,005 [BombeRLeWorld] INFO: STARTING STEP 59
2019-03-24 12:19:02,065 [BombeRLeWorld] INFO: Agent <qn_agent> chose action WAIT in 0.05s.
2019-03-24 12:19:02,107 [BombeRLeWorld] INFO: STARTING STEP 60
2019-03-24 12:19:02,143 [BombeRLeWorld] INFO: Agent <qn_agent> chose action UP in 0.03s.
2019-03-24 12:19:02,209 [BombeRLeWorld] INFO: STARTING STEP 61
2019-03-24 12:19:02,262 [BombeRLeWorld] INFO: Agent <qn_agent> chose action WAIT in 0.04s.
2019-03-24 12:19:02,314 [BombeRLeWorld] INFO: STARTING STEP 62
2019-03-24 12:19:02,378 [BombeRLeWorld] INFO: Agent <qn_agent> chose action WAIT in 0.05s.
2019-03-24 12:19:02,425 [BombeRLeWorld] INFO: STARTING STEP 63
2019-03-24 12:19:02,501 [BombeRLeWorld] INFO: Agent <qn_agent> chose action WAIT in 0.06s.
2019-03-24 12:19:02,529 [BombeRLeWorld] INFO: STARTING STEP 64
2019-03-24 12:19:02,582 [BombeRLeWorld] INFO: Agent <qn_agent> chose action WAIT in 0.05s.
2019-03-24 12:19:02,634 [BombeRLeWorld] INFO: STARTING STEP 65
2019-03-24 12:19:02,681 [BombeRLeWorld] INFO: Agent <qn_agent> chose action WAIT in 0.03s.
2019-03-24 12:19:02,739 [BombeRLeWorld] INFO: STARTING STEP 66
2019-03-24 12:19:02,799 [BombeRLeWorld] INFO: Agent <qn_agent> chose action WAIT in 0.05s.
2019-03-24 12:19:02,843 [BombeRLeWorld] INFO: STARTING STEP 67
2019-03-24 12:19:02,905 [BombeRLeWorld] INFO: Agent <qn_agent> chose action WAIT in 0.05s.
2019-03-24 12:19:02,948 [BombeRLeWorld] INFO: STARTING STEP 68
2019-03-24 12:19:03,015 [BombeRLeWorld] INFO: Agent <qn_agent> chose action WAIT in 0.06s.
2019-03-24 12:19:03,052 [BombeRLeWorld] INFO: STARTING STEP 69
2019-03-24 12:19:03,097 [BombeRLeWorld] INFO: Agent <qn_agent> chose action WAIT in 0.03s.
2019-03-24 12:19:03,157 [BombeRLeWorld] INFO: STARTING STEP 70
2019-03-24 12:19:03,199 [BombeRLeWorld] INFO: Agent <qn_agent> chose action WAIT in 0.03s.
2019-03-24 12:19:03,261 [BombeRLeWorld] INFO: STARTING STEP 71
2019-03-24 12:19:03,315 [BombeRLeWorld] INFO: Agent <qn_agent> chose action WAIT in 0.05s.
2019-03-24 12:19:03,372 [BombeRLeWorld] INFO: STARTING STEP 72
2019-03-24 12:19:03,433 [BombeRLeWorld] INFO: Agent <qn_agent> chose action WAIT in 0.05s.
2019-03-24 12:19:03,476 [BombeRLeWorld] INFO: STARTING STEP 73
2019-03-24 12:19:03,535 [BombeRLeWorld] INFO: Agent <qn_agent> chose action WAIT in 0.05s.
2019-03-24 12:19:03,581 [BombeRLeWorld] INFO: STARTING STEP 74
2019-03-24 12:19:03,617 [BombeRLeWorld] INFO: Agent <qn_agent> chose action WAIT in 0.03s.
2019-03-24 12:19:03,685 [BombeRLeWorld] INFO: STARTING STEP 75
2019-03-24 12:19:03,734 [BombeRLeWorld] INFO: Agent <qn_agent> chose action WAIT in 0.04s.
2019-03-24 12:19:03,790 [BombeRLeWorld] INFO: STARTING STEP 76
2019-03-24 12:19:03,845 [BombeRLeWorld] INFO: Agent <qn_agent> chose action WAIT in 0.05s.
2019-03-24 12:19:03,897 [BombeRLeWorld] INFO: STARTING STEP 77
2019-03-24 12:19:03,966 [BombeRLeWorld] INFO: Agent <qn_agent> chose action WAIT in 0.05s.
2019-03-24 12:19:04,000 [BombeRLeWorld] INFO: STARTING STEP 78
2019-03-24 12:19:04,055 [BombeRLeWorld] INFO: Agent <qn_agent> chose action WAIT in 0.05s.
2019-03-24 12:19:04,105 [BombeRLeWorld] INFO: STARTING STEP 79
2019-03-24 12:19:04,150 [BombeRLeWorld] INFO: Agent <qn_agent> chose action WAIT in 0.04s.
2019-03-24 12:19:04,207 [BombeRLeWorld] INFO: STARTING STEP 80
2019-03-24 12:19:04,259 [BombeRLeWorld] INFO: Agent <qn_agent> chose action WAIT in 0.05s.
2019-03-24 12:19:04,312 [BombeRLeWorld] INFO: STARTING STEP 81
2019-03-24 12:19:04,372 [BombeRLeWorld] INFO: Agent <qn_agent> chose action WAIT in 0.05s.
2019-03-24 12:19:04,413 [BombeRLeWorld] INFO: STARTING STEP 82
2019-03-24 12:19:04,479 [BombeRLeWorld] INFO: Agent <qn_agent> chose action WAIT in 0.05s.
2019-03-24 12:19:04,518 [BombeRLeWorld] INFO: STARTING STEP 83
2019-03-24 12:19:04,564 [BombeRLeWorld] INFO: Agent <qn_agent> chose action WAIT in 0.04s.
2019-03-24 12:19:04,622 [BombeRLeWorld] INFO: STARTING STEP 84
2019-03-24 12:19:04,673 [BombeRLeWorld] INFO: Agent <qn_agent> chose action WAIT in 0.04s.
2019-03-24 12:19:04,727 [BombeRLeWorld] INFO: STARTING STEP 85
2019-03-24 12:19:04,793 [BombeRLeWorld] INFO: Agent <qn_agent> chose action WAIT in 0.05s.
2019-03-24 12:19:04,831 [BombeRLeWorld] INFO: STARTING STEP 86
2019-03-24 12:19:04,896 [BombeRLeWorld] INFO: Agent <qn_agent> chose action WAIT in 0.05s.
2019-03-24 12:19:04,936 [BombeRLeWorld] INFO: STARTING STEP 87
2019-03-24 12:19:05,005 [BombeRLeWorld] INFO: Agent <qn_agent> chose action WAIT in 0.05s.
2019-03-24 12:19:05,045 [BombeRLeWorld] INFO: STARTING STEP 88
2019-03-24 12:19:05,082 [BombeRLeWorld] INFO: Agent <qn_agent> chose action WAIT in 0.03s.
2019-03-24 12:19:05,150 [BombeRLeWorld] INFO: STARTING STEP 89
2019-03-24 12:19:05,201 [BombeRLeWorld] INFO: Agent <qn_agent> chose action WAIT in 0.04s.
2019-03-24 12:19:05,255 [BombeRLeWorld] INFO: STARTING STEP 90
2019-03-24 12:19:05,309 [BombeRLeWorld] INFO: Agent <qn_agent> chose action WAIT in 0.04s.
2019-03-24 12:19:05,359 [BombeRLeWorld] INFO: STARTING STEP 91
2019-03-24 12:19:05,423 [BombeRLeWorld] INFO: Agent <qn_agent> chose action WAIT in 0.05s.
2019-03-24 12:19:05,463 [BombeRLeWorld] INFO: STARTING STEP 92
2019-03-24 12:19:05,520 [BombeRLeWorld] INFO: Agent <qn_agent> chose action WAIT in 0.04s.
2019-03-24 12:19:05,568 [BombeRLeWorld] INFO: STARTING STEP 93
2019-03-24 12:19:05,613 [BombeRLeWorld] INFO: Agent <qn_agent> chose action DOWN in 0.04s.
2019-03-24 12:19:05,672 [BombeRLeWorld] INFO: STARTING STEP 94
2019-03-24 12:19:05,737 [BombeRLeWorld] INFO: Agent <qn_agent> chose action WAIT in 0.05s.
2019-03-24 12:19:05,776 [BombeRLeWorld] INFO: STARTING STEP 95
2019-03-24 12:19:05,841 [BombeRLeWorld] INFO: Agent <qn_agent> chose action WAIT in 0.05s.
2019-03-24 12:19:05,880 [BombeRLeWorld] INFO: STARTING STEP 96
2019-03-24 12:19:05,945 [BombeRLeWorld] INFO: Agent <qn_agent> chose action WAIT in 0.05s.
2019-03-24 12:19:05,984 [BombeRLeWorld] INFO: STARTING STEP 97
2019-03-24 12:19:06,066 [BombeRLeWorld] INFO: Agent <qn_agent> chose action WAIT in 0.07s.
2019-03-24 12:19:06,087 [BombeRLeWorld] INFO: STARTING STEP 98
2019-03-24 12:19:06,147 [BombeRLeWorld] INFO: Agent <qn_agent> chose action WAIT in 0.04s.
2019-03-24 12:19:06,191 [BombeRLeWorld] INFO: STARTING STEP 99
2019-03-24 12:19:06,252 [BombeRLeWorld] INFO: Agent <qn_agent> chose action WAIT in 0.05s.
2019-03-24 12:19:06,296 [BombeRLeWorld] INFO: STARTING STEP 100
2019-03-24 12:19:06,359 [BombeRLeWorld] INFO: Agent <qn_agent> chose action BOMB in 0.05s.
2019-03-24 12:19:06,360 [BombeRLeWorld] INFO: Agent <qn_agent> drops bomb at (1, 15)
2019-03-24 12:19:06,400 [BombeRLeWorld] INFO: STARTING STEP 101
2019-03-24 12:19:06,443 [BombeRLeWorld] INFO: Agent <qn_agent> chose action RIGHT in 0.04s.
2019-03-24 12:19:06,508 [BombeRLeWorld] INFO: STARTING STEP 102
2019-03-24 12:19:06,562 [BombeRLeWorld] INFO: Agent <qn_agent> chose action RIGHT in 0.04s.
2019-03-24 12:19:06,613 [BombeRLeWorld] INFO: STARTING STEP 103
2019-03-24 12:19:06,671 [BombeRLeWorld] INFO: Agent <qn_agent> chose action UP in 0.05s.
2019-03-24 12:19:06,718 [BombeRLeWorld] INFO: STARTING STEP 104
2019-03-24 12:19:06,774 [BombeRLeWorld] INFO: Agent <qn_agent> chose action WAIT in 0.05s.
2019-03-24 12:19:06,821 [BombeRLeWorld] INFO: STARTING STEP 105
2019-03-24 12:19:06,881 [BombeRLeWorld] INFO: Agent <qn_agent> chose action WAIT in 0.05s.
2019-03-24 12:19:06,881 [BombeRLeWorld] INFO: Agent <qn_agent>'s bomb at (1, 15) explodes
2019-03-24 12:19:06,926 [BombeRLeWorld] INFO: STARTING STEP 106
2019-03-24 12:19:06,974 [BombeRLeWorld] INFO: Agent <qn_agent> chose action WAIT in 0.04s.
2019-03-24 12:19:07,030 [BombeRLeWorld] INFO: STARTING STEP 107
2019-03-24 12:19:07,115 [BombeRLeWorld] INFO: Agent <qn_agent> chose action BOMB in 0.06s.
2019-03-24 12:19:07,154 [BombeRLeWorld] INFO: Agent <qn_agent> drops bomb at (3, 14)
2019-03-24 12:19:07,155 [BombeRLeWorld] INFO: STARTING STEP 108
2019-03-24 12:19:07,208 [BombeRLeWorld] INFO: Agent <qn_agent> chose action DOWN in 0.04s.
2019-03-24 12:19:07,259 [BombeRLeWorld] INFO: STARTING STEP 109
2019-03-24 12:19:07,320 [BombeRLeWorld] INFO: Agent <qn_agent> chose action RIGHT in 0.06s.
2019-03-24 12:19:07,364 [BombeRLeWorld] INFO: STARTING STEP 110
2019-03-24 12:19:07,443 [BombeRLeWorld] INFO: Agent <qn_agent> chose action WAIT in 0.06s.
2019-03-24 12:19:07,469 [BombeRLeWorld] INFO: STARTING STEP 111
2019-03-24 12:19:07,516 [BombeRLeWorld] INFO: Agent <qn_agent> chose action WAIT in 0.03s.
2019-03-24 12:19:07,573 [BombeRLeWorld] INFO: STARTING STEP 112
2019-03-24 12:19:07,619 [BombeRLeWorld] INFO: Agent <qn_agent> chose action RIGHT in 0.04s.
2019-03-24 12:19:07,620 [BombeRLeWorld] INFO: Agent <qn_agent>'s bomb at (3, 14) explodes
2019-03-24 12:19:07,677 [BombeRLeWorld] INFO: STARTING STEP 113
2019-03-24 12:19:07,738 [BombeRLeWorld] INFO: Agent <qn_agent> chose action LEFT in 0.05s.
2019-03-24 12:19:07,782 [BombeRLeWorld] INFO: STARTING STEP 114
2019-03-24 12:19:07,850 [BombeRLeWorld] INFO: Agent <qn_agent> chose action RIGHT in 0.05s.
2019-03-24 12:19:07,887 [BombeRLeWorld] INFO: STARTING STEP 115
2019-03-24 12:19:07,939 [BombeRLeWorld] INFO: Agent <qn_agent> chose action BOMB in 0.05s.
2019-03-24 12:19:07,939 [BombeRLeWorld] INFO: Agent <qn_agent> drops bomb at (5, 15)
2019-03-24 12:19:07,992 [BombeRLeWorld] INFO: STARTING STEP 116
2019-03-24 12:19:08,036 [BombeRLeWorld] INFO: Agent <qn_agent> chose action RIGHT in 0.03s.
2019-03-24 12:19:08,095 [BombeRLeWorld] INFO: STARTING STEP 117
2019-03-24 12:19:08,151 [BombeRLeWorld] INFO: Agent <qn_agent> chose action RIGHT in 0.05s.
2019-03-24 12:19:08,200 [BombeRLeWorld] INFO: STARTING STEP 118
2019-03-24 12:19:08,251 [BombeRLeWorld] INFO: Agent <qn_agent> chose action UP in 0.04s.
2019-03-24 12:19:08,304 [BombeRLeWorld] INFO: STARTING STEP 119
2019-03-24 12:19:08,370 [BombeRLeWorld] INFO: Agent <qn_agent> chose action WAIT in 0.06s.
2019-03-24 12:19:08,409 [BombeRLeWorld] INFO: STARTING STEP 120
2019-03-24 12:19:08,457 [BombeRLeWorld] INFO: Agent <qn_agent> chose action WAIT in 0.04s.
2019-03-24 12:19:08,459 [BombeRLeWorld] INFO: Agent <qn_agent>'s bomb at (5, 15) explodes
2019-03-24 12:19:08,459 [BombeRLeWorld] INFO: Coin found at (8, 15)
2019-03-24 12:19:08,460 [BombeRLeWorld] INFO: Coin found at (5, 14)
2019-03-24 12:19:08,513 [BombeRLeWorld] INFO: STARTING STEP 121
2019-03-24 12:19:08,564 [BombeRLeWorld] INFO: Agent <qn_agent> chose action WAIT in 0.03s.
2019-03-24 12:19:08,618 [BombeRLeWorld] INFO: STARTING STEP 122
2019-03-24 12:19:08,681 [BombeRLeWorld] INFO: Agent <qn_agent> chose action WAIT in 0.05s.
2019-03-24 12:19:08,722 [BombeRLeWorld] INFO: STARTING STEP 123
2019-03-24 12:19:08,784 [BombeRLeWorld] INFO: Agent <qn_agent> chose action WAIT in 0.05s.
2019-03-24 12:19:08,827 [BombeRLeWorld] INFO: STARTING STEP 124
2019-03-24 12:19:08,878 [BombeRLeWorld] INFO: Agent <qn_agent> chose action WAIT in 0.05s.
2019-03-24 12:19:08,932 [BombeRLeWorld] INFO: STARTING STEP 125
2019-03-24 12:19:08,981 [BombeRLeWorld] INFO: Agent <qn_agent> chose action WAIT in 0.04s.
2019-03-24 12:19:09,037 [BombeRLeWorld] INFO: STARTING STEP 126
2019-03-24 12:19:09,096 [BombeRLeWorld] INFO: Agent <qn_agent> chose action WAIT in 0.05s.
2019-03-24 12:19:09,142 [BombeRLeWorld] INFO: STARTING STEP 127
2019-03-24 12:19:09,201 [BombeRLeWorld] INFO: Agent <qn_agent> chose action WAIT in 0.04s.
2019-03-24 12:19:09,247 [BombeRLeWorld] INFO: STARTING STEP 128
2019-03-24 12:19:09,310 [BombeRLeWorld] INFO: Agent <qn_agent> chose action WAIT in 0.06s.
2019-03-24 12:19:09,350 [BombeRLeWorld] INFO: STARTING STEP 129
2019-03-24 12:19:09,387 [BombeRLeWorld] INFO: Agent <qn_agent> chose action WAIT in 0.03s.
2019-03-24 12:19:09,454 [BombeRLeWorld] INFO: STARTING STEP 130
2019-03-24 12:19:09,496 [BombeRLeWorld] INFO: Agent <qn_agent> chose action WAIT in 0.03s.
2019-03-24 12:19:09,558 [BombeRLeWorld] INFO: STARTING STEP 131
2019-03-24 12:19:09,619 [BombeRLeWorld] INFO: Agent <qn_agent> chose action WAIT in 0.04s.
2019-03-24 12:19:09,663 [BombeRLeWorld] INFO: STARTING STEP 132
2019-03-24 12:19:09,728 [BombeRLeWorld] INFO: Agent <qn_agent> chose action WAIT in 0.05s.
2019-03-24 12:19:09,767 [BombeRLeWorld] INFO: STARTING STEP 133
2019-03-24 12:19:09,828 [BombeRLeWorld] INFO: Agent <qn_agent> chose action WAIT in 0.04s.
2019-03-24 12:19:09,872 [BombeRLeWorld] INFO: STARTING STEP 134
2019-03-24 12:19:09,911 [BombeRLeWorld] INFO: Agent <qn_agent> chose action LEFT in 0.03s.
2019-03-24 12:19:09,976 [BombeRLeWorld] INFO: STARTING STEP 135
2019-03-24 12:19:10,039 [BombeRLeWorld] INFO: Agent <qn_agent> chose action WAIT in 0.05s.
2019-03-24 12:19:10,081 [BombeRLeWorld] INFO: STARTING STEP 136
2019-03-24 12:19:10,140 [BombeRLeWorld] INFO: Agent <qn_agent> chose action WAIT in 0.05s.
2019-03-24 12:19:10,186 [BombeRLeWorld] INFO: STARTING STEP 137
2019-03-24 12:19:10,257 [BombeRLeWorld] INFO: Agent <qn_agent> chose action WAIT in 0.06s.
2019-03-24 12:19:10,290 [BombeRLeWorld] INFO: STARTING STEP 138
2019-03-24 12:19:10,336 [BombeRLeWorld] INFO: Agent <qn_agent> chose action LEFT in 0.03s.
2019-03-24 12:19:10,394 [BombeRLeWorld] INFO: STARTING STEP 139
2019-03-24 12:19:10,436 [BombeRLeWorld] INFO: Agent <qn_agent> chose action WAIT in 0.04s.
2019-03-24 12:19:10,499 [BombeRLeWorld] INFO: STARTING STEP 140
2019-03-24 12:19:10,559 [BombeRLeWorld] INFO: Agent <qn_agent> chose action WAIT in 0.05s.
2019-03-24 12:19:10,604 [BombeRLeWorld] INFO: STARTING STEP 141
2019-03-24 12:19:10,677 [BombeRLeWorld] INFO: Agent <qn_agent> chose action WAIT in 0.06s.
2019-03-24 12:19:10,708 [BombeRLeWorld] INFO: STARTING STEP 142
2019-03-24 12:19:10,774 [BombeRLeWorld] INFO: Agent <qn_agent> chose action WAIT in 0.06s.
2019-03-24 12:19:10,813 [BombeRLeWorld] INFO: STARTING STEP 143
2019-03-24 12:19:10,874 [BombeRLeWorld] INFO: Agent <qn_agent> chose action WAIT in 0.03s.
2019-03-24 12:19:10,917 [BombeRLeWorld] INFO: STARTING STEP 144
2019-03-24 12:19:10,972 [BombeRLeWorld] INFO: Agent <qn_agent> chose action WAIT in 0.04s.
2019-03-24 12:19:11,022 [BombeRLeWorld] INFO: STARTING STEP 145
2019-03-24 12:19:11,085 [BombeRLeWorld] INFO: Agent <qn_agent> chose action WAIT in 0.05s.
2019-03-24 12:19:11,133 [BombeRLeWorld] INFO: STARTING STEP 146
2019-03-24 12:19:11,197 [BombeRLeWorld] INFO: Agent <qn_agent> chose action WAIT in 0.05s.
2019-03-24 12:19:11,237 [BombeRLeWorld] INFO: STARTING STEP 147
2019-03-24 12:19:11,294 [BombeRLeWorld] INFO: Agent <qn_agent> chose action WAIT in 0.04s.
2019-03-24 12:19:11,342 [BombeRLeWorld] INFO: STARTING STEP 148
2019-03-24 12:19:11,386 [BombeRLeWorld] INFO: Agent <qn_agent> chose action WAIT in 0.03s.
2019-03-24 12:19:11,447 [BombeRLeWorld] INFO: STARTING STEP 149
2019-03-24 12:19:11,520 [BombeRLeWorld] INFO: Agent <qn_agent> chose action WAIT in 0.06s.
2019-03-24 12:19:11,550 [BombeRLeWorld] INFO: STARTING STEP 150
2019-03-24 12:19:11,616 [BombeRLeWorld] INFO: Agent <qn_agent> chose action WAIT in 0.06s.
2019-03-24 12:19:11,656 [BombeRLeWorld] INFO: STARTING STEP 151
2019-03-24 12:19:11,726 [BombeRLeWorld] INFO: Agent <qn_agent> chose action WAIT in 0.06s.
2019-03-24 12:19:11,761 [BombeRLeWorld] INFO: STARTING STEP 152
2019-03-24 12:19:11,807 [BombeRLeWorld] INFO: Agent <qn_agent> chose action WAIT in 0.03s.
2019-03-24 12:19:11,863 [BombeRLeWorld] INFO: STARTING STEP 153
2019-03-24 12:19:11,904 [BombeRLeWorld] INFO: Agent <qn_agent> chose action LEFT in 0.03s.
2019-03-24 12:19:11,967 [BombeRLeWorld] INFO: STARTING STEP 154
2019-03-24 12:19:12,028 [BombeRLeWorld] INFO: Agent <qn_agent> chose action WAIT in 0.05s.
2019-03-24 12:19:12,071 [BombeRLeWorld] INFO: STARTING STEP 155
2019-03-24 12:19:12,151 [BombeRLeWorld] INFO: Agent <qn_agent> chose action WAIT in 0.05s.
2019-03-24 12:19:12,171 [BombeRLeWorld] INFO: STARTING STEP 156
2019-03-24 12:19:12,242 [BombeRLeWorld] INFO: Agent <qn_agent> chose action WAIT in 0.06s.
2019-03-24 12:19:12,275 [BombeRLeWorld] INFO: STARTING STEP 157
2019-03-24 12:19:12,325 [BombeRLeWorld] INFO: Agent <qn_agent> chose action WAIT in 0.04s.
2019-03-24 12:19:12,380 [BombeRLeWorld] INFO: STARTING STEP 158
2019-03-24 12:19:12,432 [BombeRLeWorld] INFO: Agent <qn_agent> chose action WAIT in 0.05s.
2019-03-24 12:19:12,484 [BombeRLeWorld] INFO: STARTING STEP 159
2019-03-24 12:19:12,544 [BombeRLeWorld] INFO: Agent <qn_agent> chose action WAIT in 0.05s.
2019-03-24 12:19:12,589 [BombeRLeWorld] INFO: STARTING STEP 160
2019-03-24 12:19:12,653 [BombeRLeWorld] INFO: Agent <qn_agent> chose action WAIT in 0.06s.
2019-03-24 12:19:12,694 [BombeRLeWorld] INFO: STARTING STEP 161
2019-03-24 12:19:12,752 [BombeRLeWorld] INFO: Agent <qn_agent> chose action WAIT in 0.04s.
2019-03-24 12:19:12,799 [BombeRLeWorld] INFO: STARTING STEP 162
2019-03-24 12:19:12,847 [BombeRLeWorld] INFO: Agent <qn_agent> chose action WAIT in 0.04s.
2019-03-24 12:19:12,902 [BombeRLeWorld] INFO: STARTING STEP 163
2019-03-24 12:19:12,956 [BombeRLeWorld] INFO: Agent <qn_agent> chose action WAIT in 0.04s.
2019-03-24 12:19:13,007 [BombeRLeWorld] INFO: STARTING STEP 164
2019-03-24 12:19:13,075 [BombeRLeWorld] INFO: Agent <qn_agent> chose action WAIT in 0.05s.
2019-03-24 12:19:13,111 [BombeRLeWorld] INFO: STARTING STEP 165
2019-03-24 12:19:13,172 [BombeRLeWorld] INFO: Agent <qn_agent> chose action WAIT in 0.05s.
2019-03-24 12:19:13,219 [BombeRLeWorld] INFO: STARTING STEP 166
2019-03-24 12:19:13,276 [BombeRLeWorld] INFO: Agent <qn_agent> chose action WAIT in 0.04s.
2019-03-24 12:19:13,323 [BombeRLeWorld] INFO: STARTING STEP 167
2019-03-24 12:19:13,373 [BombeRLeWorld] INFO: Agent <qn_agent> chose action WAIT in 0.04s.
2019-03-24 12:19:13,427 [BombeRLeWorld] INFO: STARTING STEP 168
2019-03-24 12:19:13,481 [BombeRLeWorld] INFO: Agent <qn_agent> chose action WAIT in 0.05s.
2019-03-24 12:19:13,532 [BombeRLeWorld] INFO: STARTING STEP 169
2019-03-24 12:19:13,589 [BombeRLeWorld] INFO: Agent <qn_agent> chose action WAIT in 0.05s.
2019-03-24 12:19:13,637 [BombeRLeWorld] INFO: STARTING STEP 170
2019-03-24 12:19:13,683 [BombeRLeWorld] INFO: Agent <qn_agent> chose action WAIT in 0.03s.
2019-03-24 12:19:13,741 [BombeRLeWorld] INFO: STARTING STEP 171
2019-03-24 12:19:13,794 [BombeRLeWorld] INFO: Agent <qn_agent> chose action WAIT in 0.04s.
2019-03-24 12:19:13,846 [BombeRLeWorld] INFO: STARTING STEP 172
2019-03-24 12:19:13,917 [BombeRLeWorld] INFO: Agent <qn_agent> chose action WAIT in 0.06s.
2019-03-24 12:19:13,951 [BombeRLeWorld] INFO: STARTING STEP 173
2019-03-24 12:19:14,017 [BombeRLeWorld] INFO: Agent <qn_agent> chose action WAIT in 0.05s.
2019-03-24 12:19:14,054 [BombeRLeWorld] INFO: STARTING STEP 174
2019-03-24 12:19:14,108 [BombeRLeWorld] INFO: Agent <qn_agent> chose action WAIT in 0.05s.
2019-03-24 12:19:14,159 [BombeRLeWorld] INFO: STARTING STEP 175
2019-03-24 12:19:14,205 [BombeRLeWorld] INFO: Agent <qn_agent> chose action WAIT in 0.03s.
2019-03-24 12:19:14,263 [BombeRLeWorld] INFO: STARTING STEP 176
2019-03-24 12:19:14,313 [BombeRLeWorld] INFO: Agent <qn_agent> chose action WAIT in 0.04s.
2019-03-24 12:19:14,367 [BombeRLeWorld] INFO: STARTING STEP 177
2019-03-24 12:19:14,425 [BombeRLeWorld] INFO: Agent <qn_agent> chose action WAIT in 0.05s.
2019-03-24 12:19:14,472 [BombeRLeWorld] INFO: STARTING STEP 178
2019-03-24 12:19:14,533 [BombeRLeWorld] INFO: Agent <qn_agent> chose action WAIT in 0.06s.
2019-03-24 12:19:14,575 [BombeRLeWorld] INFO: STARTING STEP 179
2019-03-24 12:19:14,621 [BombeRLeWorld] INFO: Agent <qn_agent> chose action WAIT in 0.03s.
2019-03-24 12:19:14,681 [BombeRLeWorld] INFO: STARTING STEP 180
2019-03-24 12:19:14,719 [BombeRLeWorld] INFO: Agent <qn_agent> chose action WAIT in 0.03s.
2019-03-24 12:19:14,785 [BombeRLeWorld] INFO: STARTING STEP 181
2019-03-24 12:19:14,839 [BombeRLeWorld] INFO: Agent <qn_agent> chose action WAIT in 0.05s.
2019-03-24 12:19:14,890 [BombeRLeWorld] INFO: STARTING STEP 182
2019-03-24 12:19:14,947 [BombeRLeWorld] INFO: Agent <qn_agent> chose action WAIT in 0.04s.
2019-03-24 12:19:14,993 [BombeRLeWorld] INFO: STARTING STEP 183
2019-03-24 12:19:15,057 [BombeRLeWorld] INFO: Agent <qn_agent> chose action RIGHT in 0.05s.
2019-03-24 12:19:15,102 [BombeRLeWorld] INFO: STARTING STEP 184
2019-03-24 12:19:15,150 [BombeRLeWorld] INFO: Agent <qn_agent> chose action WAIT in 0.03s.
2019-03-24 12:19:15,206 [BombeRLeWorld] INFO: STARTING STEP 185
2019-03-24 12:19:15,256 [BombeRLeWorld] INFO: Agent <qn_agent> chose action WAIT in 0.04s.
2019-03-24 12:19:15,310 [BombeRLeWorld] INFO: STARTING STEP 186
2019-03-24 12:19:15,384 [BombeRLeWorld] INFO: Agent <qn_agent> chose action WAIT in 0.06s.
2019-03-24 12:19:15,414 [BombeRLeWorld] INFO: STARTING STEP 187
2019-03-24 12:19:15,487 [BombeRLeWorld] INFO: Agent <qn_agent> chose action WAIT in 0.06s.
2019-03-24 12:19:15,524 [BombeRLeWorld] INFO: STARTING STEP 188
2019-03-24 12:19:15,584 [BombeRLeWorld] INFO: Agent <qn_agent> chose action WAIT in 0.05s.
2019-03-24 12:19:15,628 [BombeRLeWorld] INFO: STARTING STEP 189
2019-03-24 12:19:15,665 [BombeRLeWorld] INFO: Agent <qn_agent> chose action WAIT in 0.03s.
2019-03-24 12:19:15,733 [BombeRLeWorld] INFO: STARTING STEP 190
2019-03-24 12:19:15,809 [BombeRLeWorld] INFO: Agent <qn_agent> chose action WAIT in 0.06s.
2019-03-24 12:19:15,838 [BombeRLeWorld] INFO: STARTING STEP 191
2019-03-24 12:19:15,902 [BombeRLeWorld] INFO: Agent <qn_agent> chose action WAIT in 0.05s.
2019-03-24 12:19:15,942 [BombeRLeWorld] INFO: STARTING STEP 192
2019-03-24 12:19:16,006 [BombeRLeWorld] INFO: Agent <qn_agent> chose action WAIT in 0.05s.
2019-03-24 12:19:16,049 [BombeRLeWorld] INFO: STARTING STEP 193
2019-03-24 12:19:16,094 [BombeRLeWorld] INFO: Agent <qn_agent> chose action WAIT in 0.04s.
2019-03-24 12:19:16,155 [BombeRLeWorld] INFO: STARTING STEP 194
2019-03-24 12:19:16,196 [BombeRLeWorld] INFO: Agent <qn_agent> chose action WAIT in 0.03s.
2019-03-24 12:19:16,259 [BombeRLeWorld] INFO: STARTING STEP 195
2019-03-24 12:19:16,327 [BombeRLeWorld] INFO: Agent <qn_agent> chose action WAIT in 0.06s.
2019-03-24 12:19:16,362 [BombeRLeWorld] INFO: STARTING STEP 196
2019-03-24 12:19:16,430 [BombeRLeWorld] INFO: Agent <qn_agent> chose action WAIT in 0.05s.
2019-03-24 12:19:16,471 [BombeRLeWorld] INFO: STARTING STEP 197
2019-03-24 12:19:16,526 [BombeRLeWorld] INFO: Agent <qn_agent> chose action WAIT in 0.05s.
2019-03-24 12:19:16,575 [BombeRLeWorld] INFO: STARTING STEP 198
2019-03-24 12:19:16,619 [BombeRLeWorld] INFO: Agent <qn_agent> chose action WAIT in 0.03s.
2019-03-24 12:19:16,680 [BombeRLeWorld] INFO: STARTING STEP 199
2019-03-24 12:19:16,729 [BombeRLeWorld] INFO: Agent <qn_agent> chose action WAIT in 0.04s.
2019-03-24 12:19:16,784 [BombeRLeWorld] INFO: STARTING STEP 200
2019-03-24 12:19:16,843 [BombeRLeWorld] INFO: Agent <qn_agent> chose action WAIT in 0.05s.
2019-03-24 12:19:16,892 [BombeRLeWorld] INFO: STARTING STEP 201
2019-03-24 12:19:16,957 [BombeRLeWorld] INFO: Agent <qn_agent> chose action WAIT in 0.05s.
2019-03-24 12:19:16,996 [BombeRLeWorld] INFO: STARTING STEP 202
2019-03-24 12:19:17,054 [BombeRLeWorld] INFO: Agent <qn_agent> chose action BOMB in 0.05s.
2019-03-24 12:19:17,054 [BombeRLeWorld] INFO: Agent <qn_agent> drops bomb at (7, 14)
2019-03-24 12:19:17,101 [BombeRLeWorld] INFO: STARTING STEP 203
2019-03-24 12:19:17,149 [BombeRLeWorld] INFO: Agent <qn_agent> chose action WAIT in 0.04s.
2019-03-24 12:19:17,206 [BombeRLeWorld] INFO: STARTING STEP 204
2019-03-24 12:19:17,268 [BombeRLeWorld] INFO: Agent <qn_agent> chose action LEFT in 0.05s.
2019-03-24 12:19:17,316 [BombeRLeWorld] INFO: STARTING STEP 205
2019-03-24 12:19:17,380 [BombeRLeWorld] INFO: Agent <qn_agent> chose action WAIT in 0.05s.
2019-03-24 12:19:17,421 [BombeRLeWorld] INFO: STARTING STEP 206
2019-03-24 12:19:17,475 [BombeRLeWorld] INFO: Agent <qn_agent> chose action WAIT in 0.05s.
2019-03-24 12:19:17,526 [BombeRLeWorld] INFO: STARTING STEP 207
2019-03-24 12:19:17,585 [BombeRLeWorld] INFO: Agent <qn_agent> chose action WAIT in 0.03s.
2019-03-24 12:19:17,585 [BombeRLeWorld] INFO: Agent <qn_agent>'s bomb at (7, 14) explodes
2019-03-24 12:19:17,586 [BombeRLeWorld] INFO: Agent <qn_agent> blown up by own bomb
2019-03-24 12:19:17,587 [BombeRLeWorld] INFO: No agent left alive, wrap up round
2019-03-24 12:19:17,692 [BombeRLeWorld] INFO: WRAPPING UP ROUND #1
2019-03-24 12:19:20,797 [BombeRLeWorld] WARNING: End-of-round requested while no round was running
2019-03-24 12:19:20,797 [BombeRLeWorld] INFO: SHUT DOWN
