2019-03-25 05:47:40,043 [BombeRLeWorld] INFO: Initializing game world
2019-03-25 05:47:40,997 [BombeRLeWorld] INFO: Starting process for agent <simple_agent_0>
2019-03-25 05:47:41,133 [BombeRLeWorld] INFO: Starting process for agent <simple_agent_1>
2019-03-25 05:47:41,201 [BombeRLeWorld] INFO: Starting process for agent <qn_agent>
2019-03-25 05:47:44,499 [BombeRLeWorld] INFO: STARTING ROUND #1
2019-03-25 05:47:44,624 [BombeRLeWorld] INFO: STARTING STEP 1
2019-03-25 05:47:44,737 [BombeRLeWorld] INFO: Agent <simple_agent_1> chose action RIGHT in 0.01s.
2019-03-25 05:47:44,738 [BombeRLeWorld] INFO: Agent <qn_agent> chose action UP in 0.09s.
2019-03-25 05:47:44,738 [BombeRLeWorld] INFO: Agent <simple_agent_0> chose action DOWN in 0.01s.
2019-03-25 05:47:44,738 [BombeRLeWorld] INFO: STARTING STEP 2
2019-03-25 05:47:44,795 [BombeRLeWorld] INFO: Agent <qn_agent> chose action BOMB in 0.03s.
2019-03-25 05:47:44,795 [BombeRLeWorld] INFO: Agent <qn_agent> drops bomb at (15, 14)
2019-03-25 05:47:44,801 [BombeRLeWorld] INFO: Agent <simple_agent_0> chose action BOMB in 0.00s.
2019-03-25 05:47:44,802 [BombeRLeWorld] INFO: Agent <simple_agent_0> drops bomb at (15, 2)
2019-03-25 05:47:44,803 [BombeRLeWorld] INFO: Agent <simple_agent_1> chose action BOMB in 0.00s.
2019-03-25 05:47:44,803 [BombeRLeWorld] INFO: Agent <simple_agent_1> drops bomb at (2, 1)
2019-03-25 05:47:44,842 [BombeRLeWorld] INFO: STARTING STEP 3
2019-03-25 05:47:44,887 [BombeRLeWorld] INFO: Agent <simple_agent_1> chose action LEFT in 0.00s.
2019-03-25 05:47:44,888 [BombeRLeWorld] INFO: Agent <simple_agent_0> chose action UP in 0.00s.
2019-03-25 05:47:44,888 [BombeRLeWorld] INFO: Agent <qn_agent> chose action RIGHT in 0.03s.
2019-03-25 05:47:44,947 [BombeRLeWorld] INFO: STARTING STEP 4
2019-03-25 05:47:44,997 [BombeRLeWorld] INFO: Agent <simple_agent_1> chose action DOWN in 0.00s.
2019-03-25 05:47:44,998 [BombeRLeWorld] INFO: Agent <qn_agent> chose action DOWN in 0.04s.
2019-03-25 05:47:44,998 [BombeRLeWorld] INFO: Agent <simple_agent_0> chose action LEFT in 0.00s.
2019-03-25 05:47:45,051 [BombeRLeWorld] INFO: STARTING STEP 5
2019-03-25 05:47:45,115 [BombeRLeWorld] INFO: Agent <qn_agent> chose action LEFT in 0.05s.
2019-03-25 05:47:45,116 [BombeRLeWorld] INFO: Agent <simple_agent_1> chose action UP in 0.00s.
2019-03-25 05:47:45,116 [BombeRLeWorld] INFO: Agent <simple_agent_0> chose action RIGHT in 0.00s.
2019-03-25 05:47:45,155 [BombeRLeWorld] INFO: STARTING STEP 6
2019-03-25 05:47:45,204 [BombeRLeWorld] INFO: Agent <qn_agent> chose action WAIT in 0.03s.
2019-03-25 05:47:45,205 [BombeRLeWorld] INFO: Agent <simple_agent_1> chose action DOWN in 0.00s.
2019-03-25 05:47:45,205 [BombeRLeWorld] INFO: Agent <simple_agent_0> chose action LEFT in 0.00s.
2019-03-25 05:47:45,260 [BombeRLeWorld] INFO: STARTING STEP 7
2019-03-25 05:47:45,326 [BombeRLeWorld] INFO: Agent <simple_agent_1> chose action WAIT in 0.00s.
2019-03-25 05:47:45,327 [BombeRLeWorld] INFO: Agent <simple_agent_0> chose action WAIT in 0.00s.
2019-03-25 05:47:45,327 [BombeRLeWorld] INFO: Agent <qn_agent> chose action WAIT in 0.05s.
2019-03-25 05:47:45,328 [BombeRLeWorld] INFO: Agent <qn_agent>'s bomb at (15, 14) explodes
2019-03-25 05:47:45,328 [BombeRLeWorld] INFO: Coin found at (15, 12)
2019-03-25 05:47:45,330 [BombeRLeWorld] INFO: Agent <simple_agent_0>'s bomb at (15, 2) explodes
2019-03-25 05:47:45,332 [BombeRLeWorld] INFO: Agent <simple_agent_1>'s bomb at (2, 1) explodes
2019-03-25 05:47:45,373 [BombeRLeWorld] INFO: STARTING STEP 8
2019-03-25 05:47:45,420 [BombeRLeWorld] INFO: Agent <simple_agent_1> chose action BOMB in 0.00s.
2019-03-25 05:47:45,421 [BombeRLeWorld] INFO: Agent <simple_agent_1> drops bomb at (1, 2)
2019-03-25 05:47:45,421 [BombeRLeWorld] INFO: Agent <simple_agent_0> chose action BOMB in 0.00s.
2019-03-25 05:47:45,421 [BombeRLeWorld] INFO: Agent <simple_agent_0> drops bomb at (14, 1)
2019-03-25 05:47:45,422 [BombeRLeWorld] INFO: Agent <qn_agent> chose action BOMB in 0.03s.
2019-03-25 05:47:45,422 [BombeRLeWorld] INFO: Agent <qn_agent> drops bomb at (14, 15)
2019-03-25 05:47:45,478 [BombeRLeWorld] INFO: STARTING STEP 9
2019-03-25 05:47:45,575 [BombeRLeWorld] INFO: Agent <qn_agent> chose action RIGHT in 0.07s.
2019-03-25 05:47:45,575 [BombeRLeWorld] INFO: Agent <simple_agent_0> chose action RIGHT in 0.01s.
2019-03-25 05:47:45,576 [BombeRLeWorld] INFO: Agent <simple_agent_1> chose action UP in 0.01s.
2019-03-25 05:47:45,578 [BombeRLeWorld] INFO: STARTING STEP 10
2019-03-25 05:47:45,623 [BombeRLeWorld] INFO: Agent <simple_agent_1> chose action RIGHT in 0.01s.
2019-03-25 05:47:45,623 [BombeRLeWorld] INFO: Agent <simple_agent_0> chose action DOWN in 0.01s.
2019-03-25 05:47:45,624 [BombeRLeWorld] INFO: Agent <qn_agent> chose action UP in 0.03s.
2019-03-25 05:47:45,683 [BombeRLeWorld] INFO: STARTING STEP 11
2019-03-25 05:47:45,731 [BombeRLeWorld] INFO: Agent <simple_agent_1> chose action RIGHT in 0.00s.
2019-03-25 05:47:45,731 [BombeRLeWorld] INFO: Agent <qn_agent> chose action UP in 0.04s.
2019-03-25 05:47:45,731 [BombeRLeWorld] INFO: Agent <simple_agent_0> chose action DOWN in 0.01s.
2019-03-25 05:47:45,784 [BombeRLeWorld] INFO: STARTING STEP 12
2019-03-25 05:47:45,826 [BombeRLeWorld] INFO: Agent <simple_agent_1> chose action DOWN in 0.00s.
2019-03-25 05:47:45,827 [BombeRLeWorld] INFO: Agent <simple_agent_0> chose action DOWN in 0.00s.
2019-03-25 05:47:45,827 [BombeRLeWorld] INFO: Agent <qn_agent> chose action UP in 0.03s.
2019-03-25 05:47:45,828 [BombeRLeWorld] INFO: Agent <qn_agent> picked up coin at (15, 12) and receives 1 point
2019-03-25 05:47:45,889 [BombeRLeWorld] INFO: STARTING STEP 13
2019-03-25 05:47:46,025 [BombeRLeWorld] INFO: Agent <simple_agent_0> chose action DOWN in 0.01s.
2019-03-25 05:47:46,026 [BombeRLeWorld] INFO: Agent <qn_agent> chose action UP in 0.10s.
2019-03-25 05:47:46,026 [BombeRLeWorld] INFO: Agent <simple_agent_1> chose action UP in 0.00s.
2019-03-25 05:47:46,026 [BombeRLeWorld] INFO: Agent <simple_agent_1>'s bomb at (1, 2) explodes
2019-03-25 05:47:46,028 [BombeRLeWorld] INFO: Agent <simple_agent_0>'s bomb at (14, 1) explodes
2019-03-25 05:47:46,029 [BombeRLeWorld] INFO: Agent <qn_agent>'s bomb at (14, 15) explodes
2019-03-25 05:47:46,031 [BombeRLeWorld] INFO: STARTING STEP 14
2019-03-25 05:47:46,113 [BombeRLeWorld] INFO: Agent <simple_agent_1> chose action DOWN in 0.01s.
2019-03-25 05:47:46,114 [BombeRLeWorld] INFO: Agent <qn_agent> chose action DOWN in 0.05s.
2019-03-25 05:47:46,114 [BombeRLeWorld] INFO: Agent <simple_agent_0> chose action BOMB in 0.00s.
2019-03-25 05:47:46,115 [BombeRLeWorld] INFO: Agent <simple_agent_0> drops bomb at (15, 5)
2019-03-25 05:47:46,133 [BombeRLeWorld] INFO: STARTING STEP 15
2019-03-25 05:47:46,178 [BombeRLeWorld] INFO: Agent <simple_agent_1> chose action BOMB in 0.00s.
2019-03-25 05:47:46,178 [BombeRLeWorld] INFO: Agent <simple_agent_1> drops bomb at (3, 2)
2019-03-25 05:47:46,179 [BombeRLeWorld] INFO: Agent <simple_agent_0> chose action UP in 0.01s.
2019-03-25 05:47:46,179 [BombeRLeWorld] INFO: Agent <qn_agent> chose action BOMB in 0.03s.
2019-03-25 05:47:46,179 [BombeRLeWorld] INFO: Agent <qn_agent> drops bomb at (15, 12)
2019-03-25 05:47:46,234 [BombeRLeWorld] INFO: STARTING STEP 16
2019-03-25 05:47:46,295 [BombeRLeWorld] INFO: Agent <simple_agent_1> chose action UP in 0.01s.
2019-03-25 05:47:46,296 [BombeRLeWorld] INFO: Agent <qn_agent> chose action DOWN in 0.04s.
2019-03-25 05:47:46,296 [BombeRLeWorld] INFO: Agent <simple_agent_0> chose action UP in 0.01s.
2019-03-25 05:47:46,344 [BombeRLeWorld] INFO: STARTING STEP 17
2019-03-25 05:47:46,433 [BombeRLeWorld] INFO: Agent <simple_agent_1> chose action RIGHT in 0.01s.
2019-03-25 05:47:46,434 [BombeRLeWorld] INFO: Agent <simple_agent_0> chose action UP in 0.01s.
2019-03-25 05:47:46,434 [BombeRLeWorld] INFO: Agent <qn_agent> chose action DOWN in 0.07s.
2019-03-25 05:47:46,445 [BombeRLeWorld] INFO: STARTING STEP 18
2019-03-25 05:47:46,517 [BombeRLeWorld] INFO: Agent <simple_agent_1> chose action RIGHT in 0.00s.
2019-03-25 05:47:46,518 [BombeRLeWorld] INFO: Agent <qn_agent> chose action DOWN in 0.06s.
2019-03-25 05:47:46,518 [BombeRLeWorld] INFO: Agent <simple_agent_0> chose action UP in 0.01s.
2019-03-25 05:47:46,550 [BombeRLeWorld] INFO: STARTING STEP 19
2019-03-25 05:47:46,613 [BombeRLeWorld] INFO: Agent <simple_agent_0> chose action LEFT in 0.01s.
2019-03-25 05:47:46,614 [BombeRLeWorld] INFO: Agent <qn_agent> chose action LEFT in 0.05s.
2019-03-25 05:47:46,614 [BombeRLeWorld] INFO: Agent <simple_agent_1> chose action DOWN in 0.01s.
2019-03-25 05:47:46,615 [BombeRLeWorld] INFO: Agent <simple_agent_0>'s bomb at (15, 5) explodes
2019-03-25 05:47:46,655 [BombeRLeWorld] INFO: STARTING STEP 20
2019-03-25 05:47:46,687 [BombeRLeWorld] INFO: Agent <qn_agent> chose action WAIT in 0.02s.
2019-03-25 05:47:46,688 [BombeRLeWorld] INFO: Agent <simple_agent_0> chose action LEFT in 0.00s.
2019-03-25 05:47:46,688 [BombeRLeWorld] INFO: Agent <simple_agent_1> chose action UP in 0.00s.
2019-03-25 05:47:46,689 [BombeRLeWorld] INFO: Agent <simple_agent_1>'s bomb at (3, 2) explodes
2019-03-25 05:47:46,689 [BombeRLeWorld] INFO: Coin found at (3, 5)
2019-03-25 05:47:46,690 [BombeRLeWorld] INFO: Agent <qn_agent>'s bomb at (15, 12) explodes
2019-03-25 05:47:46,759 [BombeRLeWorld] INFO: STARTING STEP 21
2019-03-25 05:47:46,794 [BombeRLeWorld] INFO: Agent <simple_agent_1> chose action DOWN in 0.00s.
2019-03-25 05:47:46,795 [BombeRLeWorld] INFO: Agent <qn_agent> chose action BOMB in 0.02s.
2019-03-25 05:47:46,795 [BombeRLeWorld] INFO: Agent <qn_agent> drops bomb at (14, 15)
2019-03-25 05:47:46,795 [BombeRLeWorld] INFO: Agent <simple_agent_0> chose action DOWN in 0.00s.
2019-03-25 05:47:46,860 [BombeRLeWorld] INFO: STARTING STEP 22
2019-03-25 05:47:46,906 [BombeRLeWorld] INFO: Agent <qn_agent> chose action WAIT in 0.03s.
2019-03-25 05:47:46,906 [BombeRLeWorld] INFO: Agent <simple_agent_1> chose action BOMB in 0.00s.
2019-03-25 05:47:46,906 [BombeRLeWorld] INFO: Agent <simple_agent_1> drops bomb at (5, 2)
2019-03-25 05:47:46,907 [BombeRLeWorld] INFO: Agent <simple_agent_0> chose action BOMB in 0.00s.
2019-03-25 05:47:46,907 [BombeRLeWorld] INFO: Agent <simple_agent_0> drops bomb at (13, 2)
2019-03-25 05:47:46,962 [BombeRLeWorld] INFO: STARTING STEP 23
2019-03-25 05:47:47,006 [BombeRLeWorld] INFO: Agent <simple_agent_1> chose action UP in 0.01s.
2019-03-25 05:47:47,007 [BombeRLeWorld] INFO: Agent <qn_agent> chose action RIGHT in 0.03s.
2019-03-25 05:47:47,007 [BombeRLeWorld] INFO: Agent <simple_agent_0> chose action UP in 0.01s.
2019-03-25 05:47:47,063 [BombeRLeWorld] INFO: STARTING STEP 24
2019-03-25 05:47:47,116 [BombeRLeWorld] INFO: Agent <qn_agent> chose action UP in 0.05s.
2019-03-25 05:47:47,117 [BombeRLeWorld] INFO: Agent <simple_agent_1> chose action LEFT in 0.01s.
2019-03-25 05:47:47,117 [BombeRLeWorld] INFO: Agent <simple_agent_0> chose action RIGHT in 0.01s.
2019-03-25 05:47:47,166 [BombeRLeWorld] INFO: STARTING STEP 25
2019-03-25 05:47:47,221 [BombeRLeWorld] INFO: Agent <qn_agent> chose action WAIT in 0.04s.
2019-03-25 05:47:47,221 [BombeRLeWorld] INFO: Agent <simple_agent_1> chose action LEFT in 0.01s.
2019-03-25 05:47:47,221 [BombeRLeWorld] INFO: Agent <simple_agent_0> chose action LEFT in 0.01s.
2019-03-25 05:47:47,270 [BombeRLeWorld] INFO: STARTING STEP 26
2019-03-25 05:47:47,327 [BombeRLeWorld] INFO: Agent <simple_agent_0> chose action RIGHT in 0.01s.
2019-03-25 05:47:47,328 [BombeRLeWorld] INFO: Agent <simple_agent_1> chose action DOWN in 0.01s.
2019-03-25 05:47:47,328 [BombeRLeWorld] INFO: Agent <qn_agent> chose action LEFT in 0.05s.
2019-03-25 05:47:47,329 [BombeRLeWorld] INFO: Agent <qn_agent>'s bomb at (14, 15) explodes
2019-03-25 05:47:47,374 [BombeRLeWorld] INFO: STARTING STEP 27
2019-03-25 05:47:47,432 [BombeRLeWorld] INFO: Agent <qn_agent> chose action BOMB in 0.04s.
2019-03-25 05:47:47,433 [BombeRLeWorld] INFO: Agent <qn_agent> drops bomb at (15, 14)
2019-03-25 05:47:47,433 [BombeRLeWorld] INFO: Agent <simple_agent_1> chose action DOWN in 0.01s.
2019-03-25 05:47:47,434 [BombeRLeWorld] INFO: Agent <simple_agent_0> chose action RIGHT in 0.01s.
2019-03-25 05:47:47,434 [BombeRLeWorld] INFO: Agent <simple_agent_1>'s bomb at (5, 2) explodes
2019-03-25 05:47:47,435 [BombeRLeWorld] INFO: Agent <simple_agent_0>'s bomb at (13, 2) explodes
2019-03-25 05:47:47,479 [BombeRLeWorld] INFO: STARTING STEP 28
2019-03-25 05:47:47,555 [BombeRLeWorld] INFO: Agent <qn_agent> chose action DOWN in 0.07s.
2019-03-25 05:47:47,555 [BombeRLeWorld] INFO: Agent <simple_agent_0> chose action LEFT in 0.01s.
2019-03-25 05:47:47,556 [BombeRLeWorld] INFO: Agent <simple_agent_1> chose action DOWN in 0.00s.
2019-03-25 05:47:47,584 [BombeRLeWorld] INFO: STARTING STEP 29
2019-03-25 05:47:47,647 [BombeRLeWorld] INFO: Agent <simple_agent_1> chose action DOWN in 0.00s.
2019-03-25 05:47:47,647 [BombeRLeWorld] INFO: Agent <qn_agent> chose action LEFT in 0.04s.
2019-03-25 05:47:47,648 [BombeRLeWorld] INFO: Agent <simple_agent_0> chose action LEFT in 0.01s.
2019-03-25 05:47:47,648 [BombeRLeWorld] INFO: Agent <simple_agent_1> picked up coin at (3, 5) and receives 1 point
2019-03-25 05:47:47,688 [BombeRLeWorld] INFO: STARTING STEP 30
2019-03-25 05:47:47,728 [BombeRLeWorld] INFO: Agent <simple_agent_0> chose action LEFT in 0.00s.
2019-03-25 05:47:47,729 [BombeRLeWorld] INFO: Agent <simple_agent_1> chose action BOMB in 0.00s.
2019-03-25 05:47:47,729 [BombeRLeWorld] INFO: Agent <simple_agent_1> drops bomb at (3, 5)
2019-03-25 05:47:47,729 [BombeRLeWorld] INFO: Agent <qn_agent> chose action LEFT in 0.03s.
2019-03-25 05:47:47,798 [BombeRLeWorld] INFO: STARTING STEP 31
2019-03-25 05:47:47,847 [BombeRLeWorld] INFO: Agent <qn_agent> chose action WAIT in 0.04s.
2019-03-25 05:47:47,848 [BombeRLeWorld] INFO: Agent <simple_agent_1> chose action UP in 0.01s.
2019-03-25 05:47:47,849 [BombeRLeWorld] INFO: Agent <simple_agent_0> chose action LEFT in 0.00s.
2019-03-25 05:47:47,903 [BombeRLeWorld] INFO: STARTING STEP 32
2019-03-25 05:47:47,958 [BombeRLeWorld] INFO: Agent <simple_agent_0> chose action BOMB in 0.01s.
2019-03-25 05:47:47,958 [BombeRLeWorld] INFO: Agent <simple_agent_0> drops bomb at (11, 1)
2019-03-25 05:47:47,959 [BombeRLeWorld] INFO: Agent <simple_agent_1> chose action UP in 0.01s.
2019-03-25 05:47:47,959 [BombeRLeWorld] INFO: Agent <qn_agent> chose action WAIT in 0.03s.
2019-03-25 05:47:47,959 [BombeRLeWorld] INFO: Agent <qn_agent>'s bomb at (15, 14) explodes
2019-03-25 05:47:48,010 [BombeRLeWorld] INFO: STARTING STEP 33
2019-03-25 05:47:48,068 [BombeRLeWorld] INFO: Agent <simple_agent_1> chose action UP in 0.01s.
2019-03-25 05:47:48,068 [BombeRLeWorld] INFO: Agent <simple_agent_0> chose action RIGHT in 0.01s.
2019-03-25 05:47:48,069 [BombeRLeWorld] INFO: Agent <qn_agent> chose action BOMB in 0.04s.
2019-03-25 05:47:48,069 [BombeRLeWorld] INFO: Agent <qn_agent> drops bomb at (13, 15)
2019-03-25 05:47:48,112 [BombeRLeWorld] INFO: STARTING STEP 34
2019-03-25 05:47:48,191 [BombeRLeWorld] INFO: Agent <simple_agent_0> chose action RIGHT in 0.01s.
2019-03-25 05:47:48,192 [BombeRLeWorld] INFO: Agent <qn_agent> chose action RIGHT in 0.05s.
2019-03-25 05:47:48,192 [BombeRLeWorld] INFO: Agent <simple_agent_1> chose action UP in 0.01s.
2019-03-25 05:47:48,212 [BombeRLeWorld] INFO: STARTING STEP 35
2019-03-25 05:47:48,287 [BombeRLeWorld] INFO: Agent <simple_agent_0> chose action DOWN in 0.01s.
2019-03-25 05:47:48,287 [BombeRLeWorld] INFO: Agent <qn_agent> chose action RIGHT in 0.06s.
2019-03-25 05:47:48,287 [BombeRLeWorld] INFO: Agent <simple_agent_1> chose action LEFT in 0.02s.
2019-03-25 05:47:48,288 [BombeRLeWorld] INFO: Agent <simple_agent_1>'s bomb at (3, 5) explodes
2019-03-25 05:47:48,288 [BombeRLeWorld] INFO: Coin found at (3, 6)
2019-03-25 05:47:48,317 [BombeRLeWorld] INFO: STARTING STEP 36
2019-03-25 05:47:48,386 [BombeRLeWorld] INFO: Agent <simple_agent_1> chose action RIGHT in 0.01s.
2019-03-25 05:47:48,386 [BombeRLeWorld] INFO: Agent <simple_agent_0> chose action DOWN in 0.01s.
2019-03-25 05:47:48,388 [BombeRLeWorld] INFO: Agent <qn_agent> chose action DOWN in 0.05s.
2019-03-25 05:47:48,421 [BombeRLeWorld] INFO: STARTING STEP 37
2019-03-25 05:47:48,477 [BombeRLeWorld] INFO: Agent <simple_agent_0> chose action DOWN in 0.01s.
2019-03-25 05:47:48,478 [BombeRLeWorld] INFO: Agent <qn_agent> chose action LEFT in 0.04s.
2019-03-25 05:47:48,478 [BombeRLeWorld] INFO: Agent <simple_agent_1> chose action DOWN in 0.01s.
2019-03-25 05:47:48,479 [BombeRLeWorld] INFO: Agent <simple_agent_0>'s bomb at (11, 1) explodes
2019-03-25 05:47:48,479 [BombeRLeWorld] INFO: Coin found at (11, 2)
2019-03-25 05:47:48,525 [BombeRLeWorld] INFO: STARTING STEP 38
2019-03-25 05:47:48,567 [BombeRLeWorld] INFO: Agent <qn_agent> chose action RIGHT in 0.03s.
2019-03-25 05:47:48,567 [BombeRLeWorld] INFO: Agent <simple_agent_1> chose action DOWN in 0.01s.
2019-03-25 05:47:48,568 [BombeRLeWorld] INFO: Agent <simple_agent_0> chose action DOWN in 0.01s.
2019-03-25 05:47:48,570 [BombeRLeWorld] INFO: Agent <qn_agent>'s bomb at (13, 15) explodes
2019-03-25 05:47:48,572 [BombeRLeWorld] INFO: Agent <qn_agent> blown up by own bomb
2019-03-25 05:47:48,574 [BombeRLeWorld] INFO: No training agent left alive, wrap up round
2019-03-25 05:47:48,679 [BombeRLeWorld] INFO: WRAPPING UP ROUND #1
2019-03-25 05:47:49,308 [BombeRLeWorld] INFO: Agent <qn_agent> loses 1 point for being slowest (avg. 0.045s)
2019-03-25 05:48:04,825 [BombeRLeWorld] INFO: STARTING ROUND #2
2019-03-25 05:48:04,923 [BombeRLeWorld] INFO: STARTING STEP 1
2019-03-25 05:48:04,959 [BombeRLeWorld] INFO: Agent <simple_agent_1> chose action DOWN in 0.00s.
2019-03-25 05:48:04,959 [BombeRLeWorld] INFO: Agent <qn_agent> chose action UP in 0.03s.
2019-03-25 05:48:04,960 [BombeRLeWorld] INFO: Agent <simple_agent_0> chose action RIGHT in 0.00s.
2019-03-25 05:48:05,027 [BombeRLeWorld] INFO: STARTING STEP 2
2019-03-25 05:48:05,081 [BombeRLeWorld] INFO: Agent <simple_agent_0> chose action BOMB in 0.00s.
2019-03-25 05:48:05,082 [BombeRLeWorld] INFO: Agent <simple_agent_0> drops bomb at (2, 1)
2019-03-25 05:48:05,082 [BombeRLeWorld] INFO: Agent <simple_agent_1> chose action BOMB in 0.01s.
2019-03-25 05:48:05,083 [BombeRLeWorld] INFO: Agent <simple_agent_1> drops bomb at (15, 2)
2019-03-25 05:48:05,083 [BombeRLeWorld] INFO: Agent <qn_agent> chose action BOMB in 0.04s.
2019-03-25 05:48:05,083 [BombeRLeWorld] INFO: Agent <qn_agent> drops bomb at (15, 14)
2019-03-25 05:48:05,130 [BombeRLeWorld] INFO: STARTING STEP 3
2019-03-25 05:48:05,184 [BombeRLeWorld] INFO: Agent <qn_agent> chose action DOWN in 0.04s.
2019-03-25 05:48:05,185 [BombeRLeWorld] INFO: Agent <simple_agent_1> chose action UP in 0.00s.
2019-03-25 05:48:05,185 [BombeRLeWorld] INFO: Agent <simple_agent_0> chose action LEFT in 0.00s.
2019-03-25 05:48:05,231 [BombeRLeWorld] INFO: STARTING STEP 4
2019-03-25 05:48:05,287 [BombeRLeWorld] INFO: Agent <qn_agent> chose action LEFT in 0.03s.
2019-03-25 05:48:05,288 [BombeRLeWorld] INFO: Agent <simple_agent_1> chose action LEFT in 0.00s.
2019-03-25 05:48:05,290 [BombeRLeWorld] INFO: Agent <simple_agent_0> chose action DOWN in 0.00s.
2019-03-25 05:48:05,334 [BombeRLeWorld] INFO: STARTING STEP 5
2019-03-25 05:48:05,390 [BombeRLeWorld] INFO: Agent <simple_agent_0> chose action UP in 0.00s.
2019-03-25 05:48:05,390 [BombeRLeWorld] INFO: Agent <simple_agent_1> chose action RIGHT in 0.00s.
2019-03-25 05:48:05,390 [BombeRLeWorld] INFO: Agent <qn_agent> chose action WAIT in 0.03s.
2019-03-25 05:48:05,436 [BombeRLeWorld] INFO: STARTING STEP 6
2019-03-25 05:48:05,478 [BombeRLeWorld] INFO: Agent <simple_agent_1> chose action LEFT in 0.00s.
2019-03-25 05:48:05,478 [BombeRLeWorld] INFO: Agent <qn_agent> chose action RIGHT in 0.04s.
2019-03-25 05:48:05,479 [BombeRLeWorld] INFO: Agent <simple_agent_0> chose action DOWN in 0.00s.
2019-03-25 05:48:05,541 [BombeRLeWorld] INFO: STARTING STEP 7
2019-03-25 05:48:05,582 [BombeRLeWorld] INFO: Agent <simple_agent_1> chose action WAIT in 0.00s.
2019-03-25 05:48:05,582 [BombeRLeWorld] INFO: Agent <qn_agent> chose action LEFT in 0.03s.
2019-03-25 05:48:05,583 [BombeRLeWorld] INFO: Agent <simple_agent_0> chose action WAIT in 0.00s.
2019-03-25 05:48:05,583 [BombeRLeWorld] INFO: Agent <simple_agent_0>'s bomb at (2, 1) explodes
2019-03-25 05:48:05,585 [BombeRLeWorld] INFO: Agent <simple_agent_1>'s bomb at (15, 2) explodes
2019-03-25 05:48:05,586 [BombeRLeWorld] INFO: Agent <qn_agent>'s bomb at (15, 14) explodes
2019-03-25 05:48:05,646 [BombeRLeWorld] INFO: STARTING STEP 8
2019-03-25 05:48:05,680 [BombeRLeWorld] INFO: Agent <simple_agent_0> chose action BOMB in 0.00s.
2019-03-25 05:48:05,681 [BombeRLeWorld] INFO: Agent <simple_agent_0> drops bomb at (1, 2)
2019-03-25 05:48:05,681 [BombeRLeWorld] INFO: Agent <simple_agent_1> chose action BOMB in 0.00s.
2019-03-25 05:48:05,681 [BombeRLeWorld] INFO: Agent <simple_agent_1> drops bomb at (14, 1)
2019-03-25 05:48:05,682 [BombeRLeWorld] INFO: Agent <qn_agent> chose action BOMB in 0.02s.
2019-03-25 05:48:05,682 [BombeRLeWorld] INFO: Agent <qn_agent> drops bomb at (14, 15)
2019-03-25 05:48:05,749 [BombeRLeWorld] INFO: STARTING STEP 9
2019-03-25 05:48:05,811 [BombeRLeWorld] INFO: Agent <qn_agent> chose action DOWN in 0.04s.
2019-03-25 05:48:05,812 [BombeRLeWorld] INFO: Agent <simple_agent_1> chose action RIGHT in 0.00s.
2019-03-25 05:48:05,812 [BombeRLeWorld] INFO: Agent <simple_agent_0> chose action UP in 0.01s.
2019-03-25 05:48:05,855 [BombeRLeWorld] INFO: STARTING STEP 10
2019-03-25 05:48:05,929 [BombeRLeWorld] INFO: Agent <qn_agent> chose action RIGHT in 0.07s.
2019-03-25 05:48:05,930 [BombeRLeWorld] INFO: Agent <simple_agent_1> chose action DOWN in 0.01s.
2019-03-25 05:48:05,930 [BombeRLeWorld] INFO: Agent <simple_agent_0> chose action RIGHT in 0.01s.
2019-03-25 05:48:05,960 [BombeRLeWorld] INFO: STARTING STEP 11
2019-03-25 05:48:06,017 [BombeRLeWorld] INFO: Agent <simple_agent_1> chose action DOWN in 0.01s.
2019-03-25 05:48:06,018 [BombeRLeWorld] INFO: Agent <qn_agent> chose action UP in 0.04s.
2019-03-25 05:48:06,018 [BombeRLeWorld] INFO: Agent <simple_agent_0> chose action RIGHT in 0.00s.
2019-03-25 05:48:06,065 [BombeRLeWorld] INFO: STARTING STEP 12
2019-03-25 05:48:06,118 [BombeRLeWorld] INFO: Agent <simple_agent_1> chose action DOWN in 0.00s.
2019-03-25 05:48:06,119 [BombeRLeWorld] INFO: Agent <simple_agent_0> chose action DOWN in 0.00s.
2019-03-25 05:48:06,119 [BombeRLeWorld] INFO: Agent <qn_agent> chose action UP in 0.03s.
2019-03-25 05:48:06,174 [BombeRLeWorld] INFO: STARTING STEP 13
2019-03-25 05:48:06,232 [BombeRLeWorld] INFO: Agent <simple_agent_1> chose action DOWN in 0.00s.
2019-03-25 05:48:06,232 [BombeRLeWorld] INFO: Agent <simple_agent_0> chose action UP in 0.00s.
2019-03-25 05:48:06,233 [BombeRLeWorld] INFO: Agent <qn_agent> chose action UP in 0.03s.
2019-03-25 05:48:06,233 [BombeRLeWorld] INFO: Agent <simple_agent_0>'s bomb at (1, 2) explodes
2019-03-25 05:48:06,235 [BombeRLeWorld] INFO: Agent <simple_agent_1>'s bomb at (14, 1) explodes
2019-03-25 05:48:06,237 [BombeRLeWorld] INFO: Agent <qn_agent>'s bomb at (14, 15) explodes
2019-03-25 05:48:06,284 [BombeRLeWorld] INFO: STARTING STEP 14
2019-03-25 05:48:06,346 [BombeRLeWorld] INFO: Agent <qn_agent> chose action UP in 0.04s.
2019-03-25 05:48:06,346 [BombeRLeWorld] INFO: Agent <simple_agent_1> chose action BOMB in 0.00s.
2019-03-25 05:48:06,347 [BombeRLeWorld] INFO: Agent <simple_agent_1> drops bomb at (15, 5)
2019-03-25 05:48:06,347 [BombeRLeWorld] INFO: Agent <simple_agent_0> chose action DOWN in 0.01s.
2019-03-25 05:48:06,396 [BombeRLeWorld] INFO: STARTING STEP 15
2019-03-25 05:48:06,486 [BombeRLeWorld] INFO: Agent <simple_agent_1> chose action UP in 0.01s.
2019-03-25 05:48:06,487 [BombeRLeWorld] INFO: Agent <simple_agent_0> chose action BOMB in 0.00s.
2019-03-25 05:48:06,487 [BombeRLeWorld] INFO: Agent <simple_agent_0> drops bomb at (3, 2)
2019-03-25 05:48:06,488 [BombeRLeWorld] INFO: Agent <qn_agent> chose action BOMB in 0.06s.
2019-03-25 05:48:06,488 [BombeRLeWorld] INFO: Agent <qn_agent> drops bomb at (15, 11)
2019-03-25 05:48:06,497 [BombeRLeWorld] INFO: STARTING STEP 16
2019-03-25 05:48:06,573 [BombeRLeWorld] INFO: Agent <simple_agent_0> chose action UP in 0.00s.
2019-03-25 05:48:06,574 [BombeRLeWorld] INFO: Agent <simple_agent_1> chose action UP in 0.01s.
2019-03-25 05:48:06,574 [BombeRLeWorld] INFO: Agent <qn_agent> chose action DOWN in 0.06s.
2019-03-25 05:48:06,600 [BombeRLeWorld] INFO: STARTING STEP 17
2019-03-25 05:48:06,658 [BombeRLeWorld] INFO: Agent <simple_agent_1> chose action UP in 0.01s.
2019-03-25 05:48:06,659 [BombeRLeWorld] INFO: Agent <qn_agent> chose action DOWN in 0.05s.
2019-03-25 05:48:06,659 [BombeRLeWorld] INFO: Agent <simple_agent_0> chose action RIGHT in 0.01s.
2019-03-25 05:48:06,704 [BombeRLeWorld] INFO: STARTING STEP 18
2019-03-25 05:48:06,751 [BombeRLeWorld] INFO: Agent <simple_agent_1> chose action UP in 0.01s.
2019-03-25 05:48:06,751 [BombeRLeWorld] INFO: Agent <qn_agent> chose action DOWN in 0.03s.
2019-03-25 05:48:06,752 [BombeRLeWorld] INFO: Agent <simple_agent_0> chose action RIGHT in 0.00s.
2019-03-25 05:48:06,812 [BombeRLeWorld] INFO: STARTING STEP 19
2019-03-25 05:48:06,904 [BombeRLeWorld] INFO: Agent <simple_agent_0> chose action LEFT in 0.00s.
2019-03-25 05:48:06,904 [BombeRLeWorld] INFO: Agent <simple_agent_1> chose action LEFT in 0.01s.
2019-03-25 05:48:06,905 [BombeRLeWorld] INFO: Agent <qn_agent> chose action DOWN in 0.05s.
2019-03-25 05:48:06,905 [BombeRLeWorld] INFO: Agent <simple_agent_1>'s bomb at (15, 5) explodes
2019-03-25 05:48:06,905 [BombeRLeWorld] INFO: Coin found at (14, 5)
2019-03-25 05:48:06,914 [BombeRLeWorld] INFO: STARTING STEP 20
2019-03-25 05:48:06,970 [BombeRLeWorld] INFO: Agent <qn_agent> chose action WAIT in 0.04s.
2019-03-25 05:48:06,971 [BombeRLeWorld] INFO: Agent <simple_agent_0> chose action RIGHT in 0.00s.
2019-03-25 05:48:06,971 [BombeRLeWorld] INFO: Agent <simple_agent_1> chose action LEFT in 0.01s.
2019-03-25 05:48:06,972 [BombeRLeWorld] INFO: Agent <simple_agent_0>'s bomb at (3, 2) explodes
2019-03-25 05:48:06,973 [BombeRLeWorld] INFO: Agent <qn_agent>'s bomb at (15, 11) explodes
2019-03-25 05:48:06,973 [BombeRLeWorld] INFO: Coin found at (13, 11)
2019-03-25 05:48:07,015 [BombeRLeWorld] INFO: STARTING STEP 21
2019-03-25 05:48:07,046 [BombeRLeWorld] INFO: Agent <qn_agent> chose action LEFT in 0.03s.
2019-03-25 05:48:07,047 [BombeRLeWorld] INFO: Agent <simple_agent_1> chose action LEFT in 0.00s.
2019-03-25 05:48:07,047 [BombeRLeWorld] INFO: Agent <simple_agent_0> chose action BOMB in 0.00s.
2019-03-25 05:48:07,048 [BombeRLeWorld] INFO: Agent <simple_agent_0> drops bomb at (5, 1)
2019-03-25 05:48:07,120 [BombeRLeWorld] INFO: STARTING STEP 22
2019-03-25 05:48:07,161 [BombeRLeWorld] INFO: Agent <simple_agent_1> chose action LEFT in 0.00s.
2019-03-25 05:48:07,161 [BombeRLeWorld] INFO: Agent <qn_agent> chose action UP in 0.03s.
2019-03-25 05:48:07,162 [BombeRLeWorld] INFO: Agent <simple_agent_0> chose action LEFT in 0.01s.
2019-03-25 05:48:07,226 [BombeRLeWorld] INFO: STARTING STEP 23
2019-03-25 05:48:07,269 [BombeRLeWorld] INFO: Agent <simple_agent_0> chose action LEFT in 0.01s.
2019-03-25 05:48:07,269 [BombeRLeWorld] INFO: Agent <simple_agent_1> chose action BOMB in 0.00s.
2019-03-25 05:48:07,270 [BombeRLeWorld] INFO: Agent <simple_agent_1> drops bomb at (11, 1)
2019-03-25 05:48:07,270 [BombeRLeWorld] INFO: Agent <qn_agent> chose action LEFT in 0.02s.
2019-03-25 05:48:07,330 [BombeRLeWorld] INFO: STARTING STEP 24
2019-03-25 05:48:07,377 [BombeRLeWorld] INFO: Agent <simple_agent_1> chose action RIGHT in 0.01s.
2019-03-25 05:48:07,377 [BombeRLeWorld] INFO: Agent <qn_agent> chose action BOMB in 0.04s.
2019-03-25 05:48:07,377 [BombeRLeWorld] INFO: Agent <qn_agent> drops bomb at (13, 15)
2019-03-25 05:48:07,378 [BombeRLeWorld] INFO: Agent <simple_agent_0> chose action DOWN in 0.01s.
2019-03-25 05:48:07,441 [BombeRLeWorld] INFO: STARTING STEP 25
2019-03-25 05:48:07,510 [BombeRLeWorld] INFO: Agent <qn_agent> chose action RIGHT in 0.04s.
2019-03-25 05:48:07,510 [BombeRLeWorld] INFO: Agent <simple_agent_0> chose action DOWN in 0.02s.
2019-03-25 05:48:07,511 [BombeRLeWorld] INFO: Agent <simple_agent_1> chose action RIGHT in 0.02s.
2019-03-25 05:48:07,545 [BombeRLeWorld] INFO: STARTING STEP 26
2019-03-25 05:48:07,594 [BombeRLeWorld] INFO: Agent <simple_agent_0> chose action DOWN in 0.01s.
2019-03-25 05:48:07,595 [BombeRLeWorld] INFO: Agent <simple_agent_1> chose action RIGHT in 0.01s.
2019-03-25 05:48:07,595 [BombeRLeWorld] INFO: Agent <qn_agent> chose action RIGHT in 0.03s.
2019-03-25 05:48:07,595 [BombeRLeWorld] INFO: Agent <simple_agent_0>'s bomb at (5, 1) explodes
2019-03-25 05:48:07,596 [BombeRLeWorld] INFO: Coin found at (5, 2)
2019-03-25 05:48:07,650 [BombeRLeWorld] INFO: STARTING STEP 27
2019-03-25 05:48:07,703 [BombeRLeWorld] INFO: Agent <simple_agent_0> chose action DOWN in 0.00s.
2019-03-25 05:48:07,704 [BombeRLeWorld] INFO: Agent <qn_agent> chose action UP in 0.04s.
2019-03-25 05:48:07,704 [BombeRLeWorld] INFO: Agent <simple_agent_1> chose action RIGHT in 0.01s.
2019-03-25 05:48:07,755 [BombeRLeWorld] INFO: STARTING STEP 28
2019-03-25 05:48:07,823 [BombeRLeWorld] INFO: Agent <simple_agent_1> chose action DOWN in 0.01s.
2019-03-25 05:48:07,823 [BombeRLeWorld] INFO: Agent <qn_agent> chose action UP in 0.05s.
2019-03-25 05:48:07,824 [BombeRLeWorld] INFO: Agent <simple_agent_0> chose action BOMB in 0.00s.
2019-03-25 05:48:07,824 [BombeRLeWorld] INFO: Agent <simple_agent_0> drops bomb at (3, 5)
2019-03-25 05:48:07,825 [BombeRLeWorld] INFO: Agent <simple_agent_1>'s bomb at (11, 1) explodes
2019-03-25 05:48:07,858 [BombeRLeWorld] INFO: STARTING STEP 29
2019-03-25 05:48:07,908 [BombeRLeWorld] INFO: Agent <simple_agent_0> chose action UP in 0.01s.
2019-03-25 05:48:07,908 [BombeRLeWorld] INFO: Agent <simple_agent_1> chose action DOWN in 0.01s.
2019-03-25 05:48:07,908 [BombeRLeWorld] INFO: Agent <qn_agent> chose action UP in 0.03s.
2019-03-25 05:48:07,909 [BombeRLeWorld] INFO: Agent <qn_agent>'s bomb at (13, 15) explodes
2019-03-25 05:48:07,963 [BombeRLeWorld] INFO: STARTING STEP 30
2019-03-25 05:48:08,003 [BombeRLeWorld] INFO: Agent <simple_agent_1> chose action DOWN in 0.01s.
2019-03-25 05:48:08,003 [BombeRLeWorld] INFO: Agent <simple_agent_0> chose action UP in 0.01s.
2019-03-25 05:48:08,004 [BombeRLeWorld] INFO: Agent <qn_agent> chose action UP in 0.03s.
2019-03-25 05:48:08,074 [BombeRLeWorld] INFO: STARTING STEP 31
2019-03-25 05:48:08,133 [BombeRLeWorld] INFO: Agent <simple_agent_1> chose action DOWN in 0.01s.
2019-03-25 05:48:08,134 [BombeRLeWorld] INFO: Agent <qn_agent> chose action LEFT in 0.03s.
2019-03-25 05:48:08,135 [BombeRLeWorld] INFO: Agent <simple_agent_0> chose action RIGHT in 0.01s.
2019-03-25 05:48:08,179 [BombeRLeWorld] INFO: STARTING STEP 32
2019-03-25 05:48:08,256 [BombeRLeWorld] INFO: Agent <qn_agent> chose action LEFT in 0.06s.
2019-03-25 05:48:08,258 [BombeRLeWorld] INFO: Agent <simple_agent_0> chose action RIGHT in 0.01s.
2019-03-25 05:48:08,258 [BombeRLeWorld] INFO: Agent <simple_agent_1> chose action LEFT in 0.01s.
2019-03-25 05:48:08,259 [BombeRLeWorld] INFO: Agent <simple_agent_1> picked up coin at (14, 5) and receives 1 point
2019-03-25 05:48:08,259 [BombeRLeWorld] INFO: Agent <qn_agent> picked up coin at (13, 11) and receives 1 point
2019-03-25 05:48:08,282 [BombeRLeWorld] INFO: STARTING STEP 33
2019-03-25 05:48:08,340 [BombeRLeWorld] INFO: Agent <simple_agent_0> chose action UP in 0.00s.
2019-03-25 05:48:08,341 [BombeRLeWorld] INFO: Agent <simple_agent_1> chose action LEFT in 0.00s.
2019-03-25 05:48:08,342 [BombeRLeWorld] INFO: Agent <qn_agent> chose action BOMB in 0.04s.
2019-03-25 05:48:08,342 [BombeRLeWorld] INFO: Agent <qn_agent> drops bomb at (13, 11)
2019-03-25 05:48:08,343 [BombeRLeWorld] INFO: Agent <simple_agent_0> picked up coin at (5, 2) and receives 1 point
2019-03-25 05:48:08,343 [BombeRLeWorld] INFO: Agent <simple_agent_0>'s bomb at (3, 5) explodes
2019-03-25 05:48:08,343 [BombeRLeWorld] INFO: Coin found at (3, 6)
2019-03-25 05:48:08,387 [BombeRLeWorld] INFO: STARTING STEP 34
2019-03-25 05:48:08,436 [BombeRLeWorld] INFO: Agent <qn_agent> chose action WAIT in 0.04s.
2019-03-25 05:48:08,436 [BombeRLeWorld] INFO: Agent <simple_agent_0> chose action DOWN in 0.01s.
2019-03-25 05:48:08,437 [BombeRLeWorld] INFO: Agent <simple_agent_1> chose action UP in 0.00s.
2019-03-25 05:48:08,489 [BombeRLeWorld] INFO: STARTING STEP 35
2019-03-25 05:48:08,569 [BombeRLeWorld] INFO: Agent <simple_agent_0> chose action DOWN in 0.01s.
2019-03-25 05:48:08,569 [BombeRLeWorld] INFO: Agent <qn_agent> chose action LEFT in 0.07s.
2019-03-25 05:48:08,570 [BombeRLeWorld] INFO: Agent <simple_agent_1> chose action BOMB in 0.00s.
2019-03-25 05:48:08,570 [BombeRLeWorld] INFO: Agent <simple_agent_1> drops bomb at (13, 4)
2019-03-25 05:48:08,591 [BombeRLeWorld] INFO: STARTING STEP 36
2019-03-25 05:48:08,646 [BombeRLeWorld] INFO: Agent <qn_agent> chose action LEFT in 0.04s.
2019-03-25 05:48:08,646 [BombeRLeWorld] INFO: Agent <simple_agent_1> chose action DOWN in 0.00s.
2019-03-25 05:48:08,646 [BombeRLeWorld] INFO: Agent <simple_agent_0> chose action DOWN in 0.00s.
2019-03-25 05:48:08,696 [BombeRLeWorld] INFO: STARTING STEP 37
2019-03-25 05:48:08,738 [BombeRLeWorld] INFO: Agent <simple_agent_0> chose action RIGHT in 0.01s.
2019-03-25 05:48:08,738 [BombeRLeWorld] INFO: Agent <simple_agent_1> chose action RIGHT in 0.00s.
2019-03-25 05:48:08,739 [BombeRLeWorld] INFO: Agent <qn_agent> chose action UP in 0.03s.
2019-03-25 05:48:08,799 [BombeRLeWorld] INFO: STARTING STEP 38
2019-03-25 05:48:08,845 [BombeRLeWorld] INFO: Agent <qn_agent> chose action WAIT in 0.04s.
2019-03-25 05:48:08,846 [BombeRLeWorld] INFO: Agent <simple_agent_1> chose action LEFT in 0.01s.
2019-03-25 05:48:08,846 [BombeRLeWorld] INFO: Agent <simple_agent_0> chose action BOMB in 0.00s.
2019-03-25 05:48:08,846 [BombeRLeWorld] INFO: Agent <simple_agent_0> drops bomb at (6, 5)
2019-03-25 05:48:08,847 [BombeRLeWorld] INFO: Agent <qn_agent>'s bomb at (13, 11) explodes
2019-03-25 05:48:08,847 [BombeRLeWorld] INFO: Coin found at (10, 11)
2019-03-25 05:48:08,847 [BombeRLeWorld] INFO: Coin found at (13, 8)
2019-03-25 05:48:08,904 [BombeRLeWorld] INFO: STARTING STEP 39
2019-03-25 05:48:08,958 [BombeRLeWorld] INFO: Agent <simple_agent_0> chose action LEFT in 0.01s.
2019-03-25 05:48:08,958 [BombeRLeWorld] INFO: Agent <qn_agent> chose action BOMB in 0.04s.
2019-03-25 05:48:08,958 [BombeRLeWorld] INFO: Agent <qn_agent> drops bomb at (11, 10)
2019-03-25 05:48:08,959 [BombeRLeWorld] INFO: Agent <simple_agent_1> chose action RIGHT in 0.00s.
2019-03-25 05:48:09,008 [BombeRLeWorld] INFO: STARTING STEP 40
2019-03-25 05:48:09,063 [BombeRLeWorld] INFO: Agent <simple_agent_1> chose action RIGHT in 0.02s.
2019-03-25 05:48:09,063 [BombeRLeWorld] INFO: Agent <simple_agent_0> chose action UP in 0.01s.
2019-03-25 05:48:09,063 [BombeRLeWorld] INFO: Agent <qn_agent> chose action DOWN in 0.04s.
2019-03-25 05:48:09,064 [BombeRLeWorld] INFO: Agent <simple_agent_1>'s bomb at (13, 4) explodes
2019-03-25 05:48:09,113 [BombeRLeWorld] INFO: STARTING STEP 41
2019-03-25 05:48:09,160 [BombeRLeWorld] INFO: Agent <simple_agent_0> chose action DOWN in 0.01s.
2019-03-25 05:48:09,160 [BombeRLeWorld] INFO: Agent <simple_agent_1> chose action LEFT in 0.01s.
2019-03-25 05:48:09,161 [BombeRLeWorld] INFO: Agent <qn_agent> chose action LEFT in 0.03s.
2019-03-25 05:48:09,161 [BombeRLeWorld] INFO: Agent <qn_agent> picked up coin at (10, 11) and receives 1 point
2019-03-25 05:48:09,218 [BombeRLeWorld] INFO: STARTING STEP 42
2019-03-25 05:48:09,293 [BombeRLeWorld] INFO: Agent <simple_agent_1> chose action LEFT in 0.01s.
2019-03-25 05:48:09,295 [BombeRLeWorld] INFO: Agent <simple_agent_0> chose action UP in 0.01s.
2019-03-25 05:48:09,295 [BombeRLeWorld] INFO: Agent <qn_agent> chose action WAIT in 0.05s.
2019-03-25 05:48:09,321 [BombeRLeWorld] INFO: STARTING STEP 43
2019-03-25 05:48:09,377 [BombeRLeWorld] INFO: Agent <simple_agent_0> chose action UP in 0.01s.
2019-03-25 05:48:09,378 [BombeRLeWorld] INFO: Agent <qn_agent> chose action WAIT in 0.05s.
2019-03-25 05:48:09,378 [BombeRLeWorld] INFO: Agent <simple_agent_1> chose action LEFT in 0.00s.
2019-03-25 05:48:09,378 [BombeRLeWorld] INFO: Agent <simple_agent_0>'s bomb at (6, 5) explodes
2019-03-25 05:48:09,424 [BombeRLeWorld] INFO: STARTING STEP 44
2019-03-25 05:48:09,493 [BombeRLeWorld] INFO: Agent <qn_agent> chose action WAIT in 0.04s.
2019-03-25 05:48:09,494 [BombeRLeWorld] INFO: Agent <simple_agent_0> chose action LEFT in 0.01s.
2019-03-25 05:48:09,494 [BombeRLeWorld] INFO: Agent <simple_agent_1> chose action BOMB in 0.00s.
2019-03-25 05:48:09,494 [BombeRLeWorld] INFO: Agent <simple_agent_1> drops bomb at (12, 5)
2019-03-25 05:48:09,495 [BombeRLeWorld] INFO: Agent <qn_agent>'s bomb at (11, 10) explodes
2019-03-25 05:48:09,526 [BombeRLeWorld] INFO: STARTING STEP 45
2019-03-25 05:48:09,564 [BombeRLeWorld] INFO: Agent <qn_agent> chose action BOMB in 0.03s.
2019-03-25 05:48:09,564 [BombeRLeWorld] INFO: Agent <qn_agent> drops bomb at (10, 11)
2019-03-25 05:48:09,565 [BombeRLeWorld] INFO: Agent <simple_agent_0> chose action LEFT in 0.01s.
2019-03-25 05:48:09,565 [BombeRLeWorld] INFO: Agent <simple_agent_1> chose action RIGHT in 0.01s.
2019-03-25 05:48:09,631 [BombeRLeWorld] INFO: STARTING STEP 46
2019-03-25 05:48:09,672 [BombeRLeWorld] INFO: Agent <simple_agent_1> chose action DOWN in 0.01s.
2019-03-25 05:48:09,672 [BombeRLeWorld] INFO: Agent <simple_agent_0> chose action DOWN in 0.01s.
2019-03-25 05:48:09,673 [BombeRLeWorld] INFO: Agent <qn_agent> chose action RIGHT in 0.02s.
2019-03-25 05:48:09,734 [BombeRLeWorld] INFO: STARTING STEP 47
2019-03-25 05:48:09,798 [BombeRLeWorld] INFO: Agent <simple_agent_0> chose action DOWN in 0.01s.
2019-03-25 05:48:09,798 [BombeRLeWorld] INFO: Agent <simple_agent_1> chose action DOWN in 0.01s.
2019-03-25 05:48:09,799 [BombeRLeWorld] INFO: Agent <qn_agent> chose action UP in 0.03s.
2019-03-25 05:48:09,839 [BombeRLeWorld] INFO: STARTING STEP 48
2019-03-25 05:48:09,899 [BombeRLeWorld] INFO: Agent <qn_agent> chose action UP in 0.04s.
2019-03-25 05:48:09,900 [BombeRLeWorld] INFO: Agent <simple_agent_0> chose action DOWN in 0.00s.
2019-03-25 05:48:09,900 [BombeRLeWorld] INFO: Agent <simple_agent_1> chose action DOWN in 0.00s.
2019-03-25 05:48:09,901 [BombeRLeWorld] INFO: Agent <simple_agent_0> picked up coin at (3, 6) and receives 1 point
2019-03-25 05:48:09,901 [BombeRLeWorld] INFO: Agent <simple_agent_1> picked up coin at (13, 8) and receives 1 point
2019-03-25 05:48:09,943 [BombeRLeWorld] INFO: STARTING STEP 49
2019-03-25 05:48:10,025 [BombeRLeWorld] INFO: Agent <qn_agent> chose action WAIT in 0.07s.
2019-03-25 05:48:10,025 [BombeRLeWorld] INFO: Agent <simple_agent_1> chose action DOWN in 0.01s.
2019-03-25 05:48:10,026 [BombeRLeWorld] INFO: Agent <simple_agent_0> chose action DOWN in 0.01s.
2019-03-25 05:48:10,026 [BombeRLeWorld] INFO: Agent <simple_agent_1>'s bomb at (12, 5) explodes
2019-03-25 05:48:10,047 [BombeRLeWorld] INFO: STARTING STEP 50
2019-03-25 05:48:10,098 [BombeRLeWorld] INFO: Agent <qn_agent> chose action WAIT in 0.03s.
2019-03-25 05:48:10,099 [BombeRLeWorld] INFO: Agent <simple_agent_1> chose action DOWN in 0.01s.
2019-03-25 05:48:10,099 [BombeRLeWorld] INFO: Agent <simple_agent_0> chose action DOWN in 0.00s.
2019-03-25 05:48:10,100 [BombeRLeWorld] INFO: Agent <qn_agent>'s bomb at (10, 11) explodes
2019-03-25 05:48:10,148 [BombeRLeWorld] INFO: STARTING STEP 51
2019-03-25 05:48:10,197 [BombeRLeWorld] INFO: Agent <qn_agent> chose action BOMB in 0.03s.
2019-03-25 05:48:10,198 [BombeRLeWorld] INFO: Agent <qn_agent> drops bomb at (11, 9)
2019-03-25 05:48:10,199 [BombeRLeWorld] INFO: Agent <simple_agent_1> chose action UP in 0.01s.
2019-03-25 05:48:10,199 [BombeRLeWorld] INFO: Agent <simple_agent_0> chose action DOWN in 0.01s.
2019-03-25 05:48:10,252 [BombeRLeWorld] INFO: STARTING STEP 52
2019-03-25 05:48:10,288 [BombeRLeWorld] INFO: Agent <simple_agent_0> chose action BOMB in 0.00s.
2019-03-25 05:48:10,288 [BombeRLeWorld] INFO: Agent <simple_agent_0> drops bomb at (3, 9)
2019-03-25 05:48:10,289 [BombeRLeWorld] INFO: Agent <qn_agent> chose action WAIT in 0.02s.
2019-03-25 05:48:10,289 [BombeRLeWorld] INFO: Agent <simple_agent_1> chose action DOWN in 0.02s.
2019-03-25 05:48:10,355 [BombeRLeWorld] INFO: STARTING STEP 53
2019-03-25 05:48:10,412 [BombeRLeWorld] INFO: Agent <qn_agent> chose action DOWN in 0.03s.
2019-03-25 05:48:10,413 [BombeRLeWorld] INFO: Agent <simple_agent_1> chose action DOWN in 0.02s.
2019-03-25 05:48:10,413 [BombeRLeWorld] INFO: Agent <simple_agent_0> chose action UP in 0.01s.
2019-03-25 05:48:10,459 [BombeRLeWorld] INFO: STARTING STEP 54
2019-03-25 05:48:10,512 [BombeRLeWorld] INFO: Agent <qn_agent> chose action DOWN in 0.03s.
2019-03-25 05:48:10,513 [BombeRLeWorld] INFO: Agent <simple_agent_1> chose action LEFT in 0.01s.
2019-03-25 05:48:10,513 [BombeRLeWorld] INFO: Agent <simple_agent_0> chose action UP in 0.01s.
2019-03-25 05:48:10,562 [BombeRLeWorld] INFO: STARTING STEP 55
2019-03-25 05:48:10,612 [BombeRLeWorld] INFO: Agent <simple_agent_0> chose action UP in 0.01s.
2019-03-25 05:48:10,612 [BombeRLeWorld] INFO: Agent <qn_agent> chose action DOWN in 0.04s.
2019-03-25 05:48:10,613 [BombeRLeWorld] INFO: Agent <simple_agent_1> chose action BOMB in 0.01s.
2019-03-25 05:48:10,613 [BombeRLeWorld] INFO: Agent <simple_agent_1> drops bomb at (12, 11)
2019-03-25 05:48:10,666 [BombeRLeWorld] INFO: STARTING STEP 56
2019-03-25 05:48:10,727 [BombeRLeWorld] INFO: Agent <qn_agent> chose action DOWN in 0.05s.
2019-03-25 05:48:10,727 [BombeRLeWorld] INFO: Agent <simple_agent_1> chose action RIGHT in 0.01s.
2019-03-25 05:48:10,727 [BombeRLeWorld] INFO: Agent <simple_agent_0> chose action UP in 0.01s.
2019-03-25 05:48:10,728 [BombeRLeWorld] INFO: Agent <qn_agent>'s bomb at (11, 9) explodes
2019-03-25 05:48:10,729 [BombeRLeWorld] INFO: Coin found at (9, 9)
2019-03-25 05:48:10,770 [BombeRLeWorld] INFO: STARTING STEP 57
2019-03-25 05:48:10,834 [BombeRLeWorld] INFO: Agent <simple_agent_0> chose action RIGHT in 0.01s.
2019-03-25 05:48:10,834 [BombeRLeWorld] INFO: Agent <qn_agent> chose action BOMB in 0.05s.
2019-03-25 05:48:10,834 [BombeRLeWorld] INFO: Agent <qn_agent> drops bomb at (11, 13)
2019-03-25 05:48:10,835 [BombeRLeWorld] INFO: Agent <simple_agent_1> chose action DOWN in 0.01s.
2019-03-25 05:48:10,835 [BombeRLeWorld] INFO: Agent <simple_agent_0>'s bomb at (3, 9) explodes
2019-03-25 05:48:10,875 [BombeRLeWorld] INFO: STARTING STEP 58
2019-03-25 05:48:10,967 [BombeRLeWorld] INFO: Agent <qn_agent> chose action UP in 0.07s.
2019-03-25 05:48:10,967 [BombeRLeWorld] INFO: Agent <simple_agent_0> chose action RIGHT in 0.01s.
2019-03-25 05:48:10,967 [BombeRLeWorld] INFO: Agent <simple_agent_1> chose action DOWN in 0.01s.
2019-03-25 05:48:10,977 [BombeRLeWorld] INFO: STARTING STEP 59
2019-03-25 05:48:11,039 [BombeRLeWorld] INFO: Agent <simple_agent_0> chose action RIGHT in 0.01s.
2019-03-25 05:48:11,040 [BombeRLeWorld] INFO: Agent <simple_agent_1> chose action DOWN in 0.01s.
2019-03-25 05:48:11,040 [BombeRLeWorld] INFO: Agent <qn_agent> chose action UP in 0.05s.
2019-03-25 05:48:11,081 [BombeRLeWorld] INFO: STARTING STEP 60
2019-03-25 05:48:11,132 [BombeRLeWorld] INFO: Agent <simple_agent_1> chose action DOWN in 0.01s.
2019-03-25 05:48:11,133 [BombeRLeWorld] INFO: Agent <simple_agent_0> chose action RIGHT in 0.01s.
2019-03-25 05:48:11,133 [BombeRLeWorld] INFO: Agent <qn_agent> chose action UP in 0.04s.
2019-03-25 05:48:11,133 [BombeRLeWorld] INFO: Agent <simple_agent_1>'s bomb at (12, 11) explodes
2019-03-25 05:48:11,186 [BombeRLeWorld] INFO: STARTING STEP 61
2019-03-25 05:48:11,223 [BombeRLeWorld] INFO: Agent <qn_agent> chose action UP in 0.02s.
2019-03-25 05:48:11,224 [BombeRLeWorld] INFO: Agent <simple_agent_0> chose action RIGHT in 0.01s.
2019-03-25 05:48:11,224 [BombeRLeWorld] INFO: Agent <simple_agent_1> chose action LEFT in 0.01s.
2019-03-25 05:48:11,290 [BombeRLeWorld] INFO: STARTING STEP 62
2019-03-25 05:48:11,365 [BombeRLeWorld] INFO: Agent <qn_agent> chose action BOMB in 0.06s.
2019-03-25 05:48:11,365 [BombeRLeWorld] INFO: Agent <simple_agent_0> chose action RIGHT in 0.00s.
2019-03-25 05:48:11,365 [BombeRLeWorld] INFO: Agent <simple_agent_1> chose action RIGHT in 0.01s.
2019-03-25 05:48:11,366 [BombeRLeWorld] INFO: Agent <qn_agent>'s bomb at (11, 13) explodes
2019-03-25 05:48:11,395 [BombeRLeWorld] INFO: STARTING STEP 63
2019-03-25 05:48:11,441 [BombeRLeWorld] INFO: Agent <simple_agent_0> chose action UP in 0.01s.
2019-03-25 05:48:11,441 [BombeRLeWorld] INFO: Agent <qn_agent> chose action LEFT in 0.03s.
2019-03-25 05:48:11,441 [BombeRLeWorld] INFO: Agent <simple_agent_1> chose action LEFT in 0.01s.
2019-03-25 05:48:11,507 [BombeRLeWorld] INFO: STARTING STEP 64
2019-03-25 05:48:11,552 [BombeRLeWorld] INFO: Agent <simple_agent_0> chose action BOMB in 0.00s.
2019-03-25 05:48:11,553 [BombeRLeWorld] INFO: Agent <simple_agent_0> drops bomb at (9, 4)
2019-03-25 05:48:11,553 [BombeRLeWorld] INFO: Agent <qn_agent> chose action LEFT in 0.02s.
2019-03-25 05:48:11,554 [BombeRLeWorld] INFO: Agent <simple_agent_1> chose action LEFT in 0.01s.
2019-03-25 05:48:11,554 [BombeRLeWorld] INFO: Agent <qn_agent> picked up coin at (9, 9) and receives 1 point
2019-03-25 05:48:11,612 [BombeRLeWorld] INFO: STARTING STEP 65
2019-03-25 05:48:11,655 [BombeRLeWorld] INFO: Agent <qn_agent> chose action BOMB in 0.02s.
2019-03-25 05:48:11,655 [BombeRLeWorld] INFO: Agent <qn_agent> drops bomb at (9, 9)
2019-03-25 05:48:11,656 [BombeRLeWorld] INFO: Agent <simple_agent_0> chose action DOWN in 0.01s.
2019-03-25 05:48:11,656 [BombeRLeWorld] INFO: Agent <simple_agent_1> chose action LEFT in 0.00s.
2019-03-25 05:48:11,717 [BombeRLeWorld] INFO: STARTING STEP 66
2019-03-25 05:48:11,753 [BombeRLeWorld] INFO: Agent <simple_agent_0> chose action RIGHT in 0.01s.
2019-03-25 05:48:11,754 [BombeRLeWorld] INFO: Agent <qn_agent> chose action WAIT in 0.02s.
2019-03-25 05:48:11,754 [BombeRLeWorld] INFO: Agent <simple_agent_1> chose action BOMB in 0.01s.
2019-03-25 05:48:11,754 [BombeRLeWorld] INFO: Agent <simple_agent_1> drops bomb at (10, 15)
2019-03-25 05:48:11,822 [BombeRLeWorld] INFO: STARTING STEP 67
2019-03-25 05:48:11,871 [BombeRLeWorld] INFO: Agent <qn_agent> chose action RIGHT in 0.03s.
2019-03-25 05:48:11,872 [BombeRLeWorld] INFO: Agent <simple_agent_0> chose action RIGHT in 0.01s.
2019-03-25 05:48:11,872 [BombeRLeWorld] INFO: Agent <simple_agent_1> chose action RIGHT in 0.01s.
2019-03-25 05:48:11,925 [BombeRLeWorld] INFO: STARTING STEP 68
2019-03-25 05:48:11,970 [BombeRLeWorld] INFO: Agent <qn_agent> chose action RIGHT in 0.04s.
2019-03-25 05:48:11,971 [BombeRLeWorld] INFO: Agent <simple_agent_1> chose action UP in 0.01s.
2019-03-25 05:48:11,971 [BombeRLeWorld] INFO: Agent <simple_agent_0> chose action UP in 0.01s.
2019-03-25 05:48:12,029 [BombeRLeWorld] INFO: STARTING STEP 69
2019-03-25 05:48:12,075 [BombeRLeWorld] INFO: Agent <simple_agent_1> chose action UP in 0.01s.
2019-03-25 05:48:12,076 [BombeRLeWorld] INFO: Agent <simple_agent_0> chose action DOWN in 0.00s.
2019-03-25 05:48:12,077 [BombeRLeWorld] INFO: Agent <qn_agent> chose action DOWN in 0.04s.
2019-03-25 05:48:12,077 [BombeRLeWorld] INFO: Agent <simple_agent_0>'s bomb at (9, 4) explodes
2019-03-25 05:48:12,133 [BombeRLeWorld] INFO: STARTING STEP 70
2019-03-25 05:48:12,214 [BombeRLeWorld] INFO: Agent <simple_agent_0> chose action LEFT in 0.01s.
2019-03-25 05:48:12,215 [BombeRLeWorld] INFO: Agent <qn_agent> chose action WAIT in 0.05s.
2019-03-25 05:48:12,215 [BombeRLeWorld] INFO: Agent <simple_agent_1> chose action UP in 0.01s.
2019-03-25 05:48:12,216 [BombeRLeWorld] INFO: Agent <qn_agent>'s bomb at (9, 9) explodes
2019-03-25 05:48:12,236 [BombeRLeWorld] INFO: STARTING STEP 71
2019-03-25 05:48:12,274 [BombeRLeWorld] INFO: Agent <qn_agent> chose action DOWN in 0.02s.
2019-03-25 05:48:12,275 [BombeRLeWorld] INFO: Agent <simple_agent_0> chose action LEFT in 0.01s.
2019-03-25 05:48:12,275 [BombeRLeWorld] INFO: Agent <simple_agent_1> chose action UP in 0.00s.
2019-03-25 05:48:12,276 [BombeRLeWorld] INFO: Agent <simple_agent_1>'s bomb at (10, 15) explodes
2019-03-25 05:48:12,340 [BombeRLeWorld] INFO: STARTING STEP 72
2019-03-25 05:48:12,367 [BombeRLeWorld] INFO: Agent <simple_agent_1> chose action BOMB in 0.00s.
2019-03-25 05:48:12,367 [BombeRLeWorld] INFO: Agent <simple_agent_1> drops bomb at (11, 12)
2019-03-25 05:48:12,368 [BombeRLeWorld] INFO: Agent <qn_agent> chose action LEFT in 0.02s.
2019-03-25 05:48:12,368 [BombeRLeWorld] INFO: Agent <simple_agent_0> chose action UP in 0.01s.
2019-03-25 05:48:12,445 [BombeRLeWorld] INFO: STARTING STEP 73
2019-03-25 05:48:12,474 [BombeRLeWorld] INFO: Agent <qn_agent> chose action LEFT in 0.02s.
2019-03-25 05:48:12,475 [BombeRLeWorld] INFO: Agent <simple_agent_1> chose action DOWN in 0.00s.
2019-03-25 05:48:12,475 [BombeRLeWorld] INFO: Agent <simple_agent_0> chose action UP in 0.00s.
2019-03-25 05:48:12,547 [BombeRLeWorld] INFO: STARTING STEP 74
2019-03-25 05:48:12,613 [BombeRLeWorld] INFO: Agent <qn_agent> chose action DOWN in 0.05s.
2019-03-25 05:48:12,613 [BombeRLeWorld] INFO: Agent <simple_agent_0> chose action LEFT in 0.00s.
2019-03-25 05:48:12,614 [BombeRLeWorld] INFO: Agent <simple_agent_1> chose action RIGHT in 0.01s.
2019-03-25 05:48:12,651 [BombeRLeWorld] INFO: STARTING STEP 75
2019-03-25 05:48:12,685 [BombeRLeWorld] INFO: Agent <qn_agent> chose action LEFT in 0.03s.
2019-03-25 05:48:12,686 [BombeRLeWorld] INFO: Agent <simple_agent_1> chose action LEFT in 0.01s.
2019-03-25 05:48:12,686 [BombeRLeWorld] INFO: Agent <simple_agent_0> chose action BOMB in 0.00s.
2019-03-25 05:48:12,686 [BombeRLeWorld] INFO: Agent <simple_agent_0> drops bomb at (8, 3)
2019-03-25 05:48:12,756 [BombeRLeWorld] INFO: STARTING STEP 76
2019-03-25 05:48:12,788 [BombeRLeWorld] INFO: Agent <qn_agent> chose action RIGHT in 0.02s.
2019-03-25 05:48:12,790 [BombeRLeWorld] INFO: Agent <simple_agent_1> chose action RIGHT in 0.01s.
2019-03-25 05:48:12,790 [BombeRLeWorld] INFO: Agent <simple_agent_0> chose action RIGHT in 0.02s.
2019-03-25 05:48:12,860 [BombeRLeWorld] INFO: STARTING STEP 77
2019-03-25 05:48:12,912 [BombeRLeWorld] INFO: Agent <simple_agent_1> chose action RIGHT in 0.01s.
2019-03-25 05:48:12,912 [BombeRLeWorld] INFO: Agent <simple_agent_0> chose action DOWN in 0.02s.
2019-03-25 05:48:12,912 [BombeRLeWorld] INFO: Agent <qn_agent> chose action DOWN in 0.03s.
2019-03-25 05:48:12,913 [BombeRLeWorld] INFO: Agent <simple_agent_1>'s bomb at (11, 12) explodes
2019-03-25 05:48:12,964 [BombeRLeWorld] INFO: STARTING STEP 78
2019-03-25 05:48:13,010 [BombeRLeWorld] INFO: Agent <simple_agent_0> chose action DOWN in 0.03s.
2019-03-25 05:48:13,010 [BombeRLeWorld] INFO: Agent <qn_agent> chose action BOMB in 0.04s.
2019-03-25 05:48:13,011 [BombeRLeWorld] INFO: Agent <qn_agent> drops bomb at (9, 13)
2019-03-25 05:48:13,011 [BombeRLeWorld] INFO: Agent <simple_agent_1> chose action LEFT in 0.01s.
2019-03-25 05:48:13,068 [BombeRLeWorld] INFO: STARTING STEP 79
2019-03-25 05:48:13,104 [BombeRLeWorld] INFO: Agent <simple_agent_0> chose action DOWN in 0.03s.
2019-03-25 05:48:13,104 [BombeRLeWorld] INFO: Agent <simple_agent_1> chose action RIGHT in 0.01s.
2019-03-25 05:48:13,105 [BombeRLeWorld] INFO: Agent <qn_agent> chose action RIGHT in 0.03s.
2019-03-25 05:48:13,172 [BombeRLeWorld] INFO: STARTING STEP 80
2019-03-25 05:48:13,207 [BombeRLeWorld] INFO: Agent <simple_agent_0> chose action DOWN in 0.03s.
2019-03-25 05:48:13,208 [BombeRLeWorld] INFO: Agent <qn_agent> chose action RIGHT in 0.02s.
2019-03-25 05:48:13,208 [BombeRLeWorld] INFO: Agent <simple_agent_1> chose action LEFT in 0.01s.
2019-03-25 05:48:13,209 [BombeRLeWorld] INFO: Agent <simple_agent_0>'s bomb at (8, 3) explodes
2019-03-25 05:48:13,277 [BombeRLeWorld] INFO: STARTING STEP 81
2019-03-25 05:48:13,307 [BombeRLeWorld] INFO: Agent <simple_agent_0> chose action DOWN in 0.02s.
2019-03-25 05:48:13,307 [BombeRLeWorld] INFO: Agent <simple_agent_1> chose action RIGHT in 0.01s.
2019-03-25 05:48:13,308 [BombeRLeWorld] INFO: Agent <qn_agent> chose action DOWN in 0.02s.
2019-03-25 05:48:13,381 [BombeRLeWorld] INFO: STARTING STEP 82
2019-03-25 05:48:13,412 [BombeRLeWorld] INFO: Agent <simple_agent_0> chose action DOWN in 0.02s.
2019-03-25 05:48:13,413 [BombeRLeWorld] INFO: Agent <simple_agent_1> chose action LEFT in 0.01s.
2019-03-25 05:48:13,413 [BombeRLeWorld] INFO: Agent <qn_agent> chose action DOWN in 0.02s.
2019-03-25 05:48:13,486 [BombeRLeWorld] INFO: STARTING STEP 83
2019-03-25 05:48:13,531 [BombeRLeWorld] INFO: Agent <simple_agent_1> chose action RIGHT in 0.01s.
2019-03-25 05:48:13,537 [BombeRLeWorld] INFO: Agent <qn_agent> chose action LEFT in 0.02s.
2019-03-25 05:48:13,538 [BombeRLeWorld] INFO: Agent <simple_agent_0> chose action LEFT in 0.01s.
2019-03-25 05:48:13,538 [BombeRLeWorld] INFO: Agent <qn_agent>'s bomb at (9, 13) explodes
2019-03-25 05:48:13,588 [BombeRLeWorld] INFO: STARTING STEP 84
2019-03-25 05:48:13,619 [BombeRLeWorld] INFO: Agent <simple_agent_0> chose action LEFT in 0.01s.
2019-03-25 05:48:13,632 [BombeRLeWorld] INFO: Agent <qn_agent> chose action WAIT in 0.02s.
2019-03-25 05:48:13,634 [BombeRLeWorld] INFO: Agent <simple_agent_1> chose action UP in 0.02s.
2019-03-25 05:48:13,693 [BombeRLeWorld] INFO: STARTING STEP 85
2019-03-25 05:48:13,718 [BombeRLeWorld] INFO: Agent <qn_agent> chose action LEFT in 0.02s.
2019-03-25 05:48:13,719 [BombeRLeWorld] INFO: Agent <simple_agent_0> chose action LEFT in 0.01s.
2019-03-25 05:48:13,719 [BombeRLeWorld] INFO: Agent <simple_agent_1> chose action DOWN in 0.01s.
2019-03-25 05:48:13,798 [BombeRLeWorld] INFO: STARTING STEP 86
2019-03-25 05:48:13,836 [BombeRLeWorld] INFO: Agent <simple_agent_1> chose action LEFT in 0.01s.
2019-03-25 05:48:13,837 [BombeRLeWorld] INFO: Agent <simple_agent_0> chose action LEFT in 0.00s.
2019-03-25 05:48:13,838 [BombeRLeWorld] INFO: Agent <qn_agent> chose action WAIT in 0.02s.
2019-03-25 05:48:13,902 [BombeRLeWorld] INFO: STARTING STEP 87
2019-03-25 05:48:13,937 [BombeRLeWorld] INFO: Agent <qn_agent> chose action LEFT in 0.03s.
2019-03-25 05:48:13,937 [BombeRLeWorld] INFO: Agent <simple_agent_1> chose action LEFT in 0.01s.
2019-03-25 05:48:13,938 [BombeRLeWorld] INFO: Agent <simple_agent_0> chose action DOWN in 0.01s.
2019-03-25 05:48:14,007 [BombeRLeWorld] INFO: STARTING STEP 88
2019-03-25 05:48:14,080 [BombeRLeWorld] INFO: Agent <simple_agent_0> chose action DOWN in 0.01s.
2019-03-25 05:48:14,080 [BombeRLeWorld] INFO: Agent <qn_agent> chose action LEFT in 0.06s.
2019-03-25 05:48:14,081 [BombeRLeWorld] INFO: Agent <simple_agent_1> chose action LEFT in 0.02s.
2019-03-25 05:48:14,112 [BombeRLeWorld] INFO: STARTING STEP 89
2019-03-25 05:48:14,153 [BombeRLeWorld] INFO: Agent <simple_agent_0> chose action DOWN in 0.00s.
2019-03-25 05:48:14,153 [BombeRLeWorld] INFO: Agent <qn_agent> chose action BOMB in 0.02s.
2019-03-25 05:48:14,154 [BombeRLeWorld] INFO: Agent <qn_agent> drops bomb at (7, 15)
2019-03-25 05:48:14,155 [BombeRLeWorld] INFO: Agent <simple_agent_1> chose action LEFT in 0.01s.
2019-03-25 05:48:14,217 [BombeRLeWorld] INFO: STARTING STEP 90
2019-03-25 05:48:14,256 [BombeRLeWorld] INFO: Agent <qn_agent> chose action RIGHT in 0.02s.
2019-03-25 05:48:14,256 [BombeRLeWorld] INFO: Agent <simple_agent_0> chose action BOMB in 0.00s.
2019-03-25 05:48:14,256 [BombeRLeWorld] INFO: Agent <simple_agent_0> drops bomb at (5, 12)
2019-03-25 05:48:14,257 [BombeRLeWorld] INFO: Agent <simple_agent_1> chose action LEFT in 0.01s.
2019-03-25 05:48:14,321 [BombeRLeWorld] INFO: STARTING STEP 91
2019-03-25 05:48:14,387 [BombeRLeWorld] INFO: Agent <simple_agent_0> chose action UP in 0.01s.
2019-03-25 05:48:14,388 [BombeRLeWorld] INFO: Agent <qn_agent> chose action RIGHT in 0.05s.
2019-03-25 05:48:14,388 [BombeRLeWorld] INFO: Agent <simple_agent_1> chose action LEFT in 0.01s.
2019-03-25 05:48:14,425 [BombeRLeWorld] INFO: STARTING STEP 92
2019-03-25 05:48:14,495 [BombeRLeWorld] INFO: Agent <qn_agent> chose action UP in 0.05s.
2019-03-25 05:48:14,496 [BombeRLeWorld] INFO: Agent <simple_agent_1> chose action RIGHT in 0.00s.
2019-03-25 05:48:14,496 [BombeRLeWorld] INFO: Agent <simple_agent_0> chose action RIGHT in 0.01s.
2019-03-25 05:48:14,527 [BombeRLeWorld] INFO: STARTING STEP 93
2019-03-25 05:48:14,581 [BombeRLeWorld] INFO: Agent <simple_agent_0> chose action RIGHT in 0.01s.
2019-03-25 05:48:14,582 [BombeRLeWorld] INFO: Agent <qn_agent> chose action UP in 0.04s.
2019-03-25 05:48:14,582 [BombeRLeWorld] INFO: Agent <simple_agent_1> chose action RIGHT in 0.00s.
2019-03-25 05:48:14,632 [BombeRLeWorld] INFO: STARTING STEP 94
2019-03-25 05:48:14,689 [BombeRLeWorld] INFO: Agent <simple_agent_0> chose action RIGHT in 0.01s.
2019-03-25 05:48:14,689 [BombeRLeWorld] INFO: Agent <simple_agent_1> chose action BOMB in 0.00s.
2019-03-25 05:48:14,689 [BombeRLeWorld] INFO: Agent <simple_agent_1> drops bomb at (8, 13)
2019-03-25 05:48:14,690 [BombeRLeWorld] INFO: Agent <qn_agent> chose action LEFT in 0.04s.
2019-03-25 05:48:14,690 [BombeRLeWorld] INFO: Agent <qn_agent>'s bomb at (7, 15) explodes
2019-03-25 05:48:14,690 [BombeRLeWorld] INFO: Coin found at (4, 15)
2019-03-25 05:48:14,737 [BombeRLeWorld] INFO: STARTING STEP 95
2019-03-25 05:48:14,774 [BombeRLeWorld] INFO: Agent <qn_agent> chose action DOWN in 0.03s.
2019-03-25 05:48:14,775 [BombeRLeWorld] INFO: Agent <simple_agent_0> chose action RIGHT in 0.01s.
2019-03-25 05:48:14,775 [BombeRLeWorld] INFO: Agent <simple_agent_1> chose action WAIT in 0.00s.
2019-03-25 05:48:14,775 [BombeRLeWorld] INFO: Agent <simple_agent_0>'s bomb at (5, 12) explodes
2019-03-25 05:48:14,839 [BombeRLeWorld] INFO: STARTING STEP 96
2019-03-25 05:48:14,890 [BombeRLeWorld] INFO: Agent <simple_agent_1> chose action RIGHT in 0.01s.
2019-03-25 05:48:14,890 [BombeRLeWorld] INFO: Agent <simple_agent_0> chose action DOWN in 0.01s.
2019-03-25 05:48:14,891 [BombeRLeWorld] INFO: Agent <qn_agent> chose action LEFT in 0.02s.
2019-03-25 05:48:14,944 [BombeRLeWorld] INFO: STARTING STEP 97
2019-03-25 05:48:14,989 [BombeRLeWorld] INFO: Agent <qn_agent> chose action BOMB in 0.03s.
2019-03-25 05:48:14,989 [BombeRLeWorld] INFO: Agent <qn_agent> drops bomb at (9, 14)
2019-03-25 05:48:14,990 [BombeRLeWorld] INFO: Agent <simple_agent_1> chose action RIGHT in 0.02s.
2019-03-25 05:48:14,991 [BombeRLeWorld] INFO: Agent <simple_agent_0> chose action BOMB in 0.01s.
2019-03-25 05:48:14,991 [BombeRLeWorld] INFO: Agent <simple_agent_0> drops bomb at (9, 12)
2019-03-25 05:48:15,048 [BombeRLeWorld] INFO: STARTING STEP 98
2019-03-25 05:48:15,085 [BombeRLeWorld] INFO: Agent <qn_agent> chose action DOWN in 0.03s.
2019-03-25 05:48:15,085 [BombeRLeWorld] INFO: Agent <simple_agent_0> chose action UP in 0.00s.
2019-03-25 05:48:15,086 [BombeRLeWorld] INFO: Agent <simple_agent_1> chose action RIGHT in 0.01s.
2019-03-25 05:48:15,155 [BombeRLeWorld] INFO: STARTING STEP 99
2019-03-25 05:48:15,186 [BombeRLeWorld] INFO: Agent <simple_agent_1> chose action DOWN in 0.02s.
2019-03-25 05:48:15,187 [BombeRLeWorld] INFO: Agent <simple_agent_0> chose action RIGHT in 0.01s.
2019-03-25 05:48:15,187 [BombeRLeWorld] INFO: Agent <qn_agent> chose action LEFT in 0.02s.
2019-03-25 05:48:15,187 [BombeRLeWorld] INFO: Agent <simple_agent_1>'s bomb at (8, 13) explodes
2019-03-25 05:48:15,259 [BombeRLeWorld] INFO: STARTING STEP 100
2019-03-25 05:48:15,320 [BombeRLeWorld] INFO: Agent <simple_agent_0> chose action RIGHT in 0.01s.
2019-03-25 05:48:15,321 [BombeRLeWorld] INFO: Agent <qn_agent> chose action LEFT in 0.03s.
2019-03-25 05:48:15,322 [BombeRLeWorld] INFO: Agent <simple_agent_1> chose action DOWN in 0.03s.
2019-03-25 05:48:15,364 [BombeRLeWorld] INFO: STARTING STEP 101
2019-03-25 05:48:15,407 [BombeRLeWorld] INFO: Agent <simple_agent_0> chose action DOWN in 0.01s.
2019-03-25 05:48:15,407 [BombeRLeWorld] INFO: Agent <qn_agent> chose action LEFT in 0.03s.
2019-03-25 05:48:15,408 [BombeRLeWorld] INFO: Agent <simple_agent_1> chose action UP in 0.01s.
2019-03-25 05:48:15,465 [BombeRLeWorld] INFO: STARTING STEP 102
2019-03-25 05:48:15,496 [BombeRLeWorld] INFO: Agent <simple_agent_0> chose action DOWN in 0.01s.
2019-03-25 05:48:15,496 [BombeRLeWorld] INFO: Agent <qn_agent> chose action LEFT in 0.02s.
2019-03-25 05:48:15,496 [BombeRLeWorld] INFO: Agent <simple_agent_1> chose action DOWN in 0.01s.
2019-03-25 05:48:15,497 [BombeRLeWorld] INFO: Agent <qn_agent>'s bomb at (9, 14) explodes
2019-03-25 05:48:15,503 [BombeRLeWorld] INFO: Agent <simple_agent_0>'s bomb at (9, 12) explodes
2019-03-25 05:48:15,569 [BombeRLeWorld] INFO: STARTING STEP 103
2019-03-25 05:48:15,597 [BombeRLeWorld] INFO: Agent <qn_agent> chose action LEFT in 0.02s.
2019-03-25 05:48:15,597 [BombeRLeWorld] INFO: Agent <simple_agent_1> chose action UP in 0.00s.
2019-03-25 05:48:15,598 [BombeRLeWorld] INFO: Agent <simple_agent_0> chose action DOWN in 0.00s.
2019-03-25 05:48:15,598 [BombeRLeWorld] INFO: Agent <qn_agent> picked up coin at (4, 15) and receives 1 point
2019-03-25 05:48:15,672 [BombeRLeWorld] INFO: STARTING STEP 104
2019-03-25 05:48:15,700 [BombeRLeWorld] INFO: Agent <qn_agent> chose action BOMB in 0.01s.
2019-03-25 05:48:15,700 [BombeRLeWorld] INFO: Agent <qn_agent> drops bomb at (4, 15)
2019-03-25 05:48:15,701 [BombeRLeWorld] INFO: Agent <simple_agent_1> chose action BOMB in 0.00s.
2019-03-25 05:48:15,701 [BombeRLeWorld] INFO: Agent <simple_agent_1> drops bomb at (11, 14)
2019-03-25 05:48:15,702 [BombeRLeWorld] INFO: Agent <simple_agent_0> chose action BOMB in 0.00s.
2019-03-25 05:48:15,702 [BombeRLeWorld] INFO: Agent <simple_agent_0> drops bomb at (11, 13)
2019-03-25 05:48:15,776 [BombeRLeWorld] INFO: STARTING STEP 105
2019-03-25 05:48:15,811 [BombeRLeWorld] INFO: Agent <simple_agent_0> chose action LEFT in 0.03s.
2019-03-25 05:48:15,812 [BombeRLeWorld] INFO: Agent <simple_agent_1> chose action DOWN in 0.02s.
2019-03-25 05:48:15,812 [BombeRLeWorld] INFO: Agent <qn_agent> chose action RIGHT in 0.03s.
2019-03-25 05:48:15,881 [BombeRLeWorld] INFO: STARTING STEP 106
2019-03-25 05:48:15,938 [BombeRLeWorld] INFO: Agent <qn_agent> chose action UP in 0.03s.
2019-03-25 05:48:15,938 [BombeRLeWorld] INFO: Agent <simple_agent_0> chose action LEFT in 0.01s.
2019-03-25 05:48:15,939 [BombeRLeWorld] INFO: Agent <simple_agent_1> chose action RIGHT in 0.03s.
2019-03-25 05:48:15,986 [BombeRLeWorld] INFO: STARTING STEP 107
2019-03-25 05:48:16,040 [BombeRLeWorld] INFO: Agent <simple_agent_0> chose action DOWN in 0.01s.
2019-03-25 05:48:16,041 [BombeRLeWorld] INFO: Agent <qn_agent> chose action UP in 0.05s.
2019-03-25 05:48:16,041 [BombeRLeWorld] INFO: Agent <simple_agent_1> chose action LEFT in 0.03s.
2019-03-25 05:48:16,091 [BombeRLeWorld] INFO: STARTING STEP 108
2019-03-25 05:48:16,158 [BombeRLeWorld] INFO: Agent <qn_agent> chose action WAIT in 0.06s.
2019-03-25 05:48:16,158 [BombeRLeWorld] INFO: Agent <simple_agent_0> chose action DOWN in 0.01s.
2019-03-25 05:48:16,158 [BombeRLeWorld] INFO: Agent <simple_agent_1> chose action RIGHT in 0.03s.
2019-03-25 05:48:16,196 [BombeRLeWorld] INFO: STARTING STEP 109
2019-03-25 05:48:16,264 [BombeRLeWorld] INFO: Agent <simple_agent_1> chose action RIGHT in 0.03s.
2019-03-25 05:48:16,265 [BombeRLeWorld] INFO: Agent <qn_agent> chose action WAIT in 0.05s.
2019-03-25 05:48:16,265 [BombeRLeWorld] INFO: Agent <simple_agent_0> chose action RIGHT in 0.01s.
2019-03-25 05:48:16,266 [BombeRLeWorld] INFO: Agent <qn_agent>'s bomb at (4, 15) explodes
2019-03-25 05:48:16,268 [BombeRLeWorld] INFO: Agent <simple_agent_1>'s bomb at (11, 14) explodes
2019-03-25 05:48:16,269 [BombeRLeWorld] INFO: Agent <simple_agent_0>'s bomb at (11, 13) explodes
2019-03-25 05:48:16,301 [BombeRLeWorld] INFO: STARTING STEP 110
2019-03-25 05:48:16,358 [BombeRLeWorld] INFO: Agent <simple_agent_0> chose action LEFT in 0.00s.
2019-03-25 05:48:16,359 [BombeRLeWorld] INFO: Agent <qn_agent> chose action BOMB in 0.05s.
2019-03-25 05:48:16,359 [BombeRLeWorld] INFO: Agent <qn_agent> drops bomb at (5, 13)
2019-03-25 05:48:16,360 [BombeRLeWorld] INFO: Agent <simple_agent_1> chose action LEFT in 0.03s.
2019-03-25 05:48:16,403 [BombeRLeWorld] INFO: STARTING STEP 111
2019-03-25 05:48:16,478 [BombeRLeWorld] INFO: Agent <simple_agent_1> chose action LEFT in 0.04s.
2019-03-25 05:48:16,478 [BombeRLeWorld] INFO: Agent <qn_agent> chose action DOWN in 0.03s.
2019-03-25 05:48:16,479 [BombeRLeWorld] INFO: Agent <simple_agent_0> chose action RIGHT in 0.01s.
2019-03-25 05:48:16,506 [BombeRLeWorld] INFO: STARTING STEP 112
2019-03-25 05:48:16,564 [BombeRLeWorld] INFO: Agent <simple_agent_1> chose action BOMB in 0.02s.
2019-03-25 05:48:16,564 [BombeRLeWorld] INFO: Agent <simple_agent_1> drops bomb at (11, 15)
2019-03-25 05:48:16,565 [BombeRLeWorld] INFO: Agent <qn_agent> chose action DOWN in 0.05s.
2019-03-25 05:48:16,565 [BombeRLeWorld] INFO: Agent <simple_agent_0> chose action BOMB in 0.00s.
2019-03-25 05:48:16,569 [BombeRLeWorld] INFO: Agent <simple_agent_0> drops bomb at (10, 15)
2019-03-25 05:48:16,607 [BombeRLeWorld] INFO: STARTING STEP 113
2019-03-25 05:48:16,674 [BombeRLeWorld] INFO: Agent <simple_agent_1> chose action RIGHT in 0.04s.
2019-03-25 05:48:16,675 [BombeRLeWorld] INFO: Agent <qn_agent> chose action LEFT in 0.06s.
2019-03-25 05:48:16,675 [BombeRLeWorld] INFO: Agent <simple_agent_0> chose action LEFT in 0.01s.
2019-03-25 05:48:16,711 [BombeRLeWorld] INFO: STARTING STEP 114
2019-03-25 05:48:16,758 [BombeRLeWorld] INFO: Agent <simple_agent_0> chose action UP in 0.01s.
2019-03-25 05:48:16,759 [BombeRLeWorld] INFO: Agent <simple_agent_1> chose action RIGHT in 0.03s.
2019-03-25 05:48:16,759 [BombeRLeWorld] INFO: Agent <qn_agent> chose action LEFT in 0.04s.
2019-03-25 05:48:16,814 [BombeRLeWorld] INFO: STARTING STEP 115
2019-03-25 05:48:16,879 [BombeRLeWorld] INFO: Agent <qn_agent> chose action LEFT in 0.03s.
2019-03-25 05:48:16,879 [BombeRLeWorld] INFO: Agent <simple_agent_0> chose action DOWN in 0.01s.
2019-03-25 05:48:16,880 [BombeRLeWorld] INFO: Agent <simple_agent_1> chose action UP in 0.03s.
2019-03-25 05:48:16,880 [BombeRLeWorld] INFO: Agent <qn_agent>'s bomb at (5, 13) explodes
2019-03-25 05:48:16,915 [BombeRLeWorld] INFO: STARTING STEP 116
2019-03-25 05:48:16,984 [BombeRLeWorld] INFO: Agent <qn_agent> chose action LEFT in 0.04s.
2019-03-25 05:48:16,984 [BombeRLeWorld] INFO: Agent <simple_agent_1> chose action UP in 0.05s.
2019-03-25 05:48:16,985 [BombeRLeWorld] INFO: Agent <simple_agent_0> chose action UP in 0.03s.
2019-03-25 05:48:17,019 [BombeRLeWorld] INFO: STARTING STEP 117
2019-03-25 05:48:17,082 [BombeRLeWorld] INFO: Agent <simple_agent_1> chose action UP in 0.05s.
2019-03-25 05:48:17,082 [BombeRLeWorld] INFO: Agent <simple_agent_0> chose action UP in 0.03s.
2019-03-25 05:48:17,083 [BombeRLeWorld] INFO: Agent <qn_agent> chose action UP in 0.06s.
2019-03-25 05:48:17,083 [BombeRLeWorld] INFO: Agent <simple_agent_1>'s bomb at (11, 15) explodes
2019-03-25 05:48:17,085 [BombeRLeWorld] INFO: Agent <simple_agent_0>'s bomb at (10, 15) explodes
2019-03-25 05:48:17,120 [BombeRLeWorld] INFO: STARTING STEP 118
2019-03-25 05:48:17,194 [BombeRLeWorld] INFO: Agent <simple_agent_1> chose action UP in 0.05s.
2019-03-25 05:48:17,194 [BombeRLeWorld] INFO: Agent <qn_agent> chose action BOMB in 0.07s.
2019-03-25 05:48:17,195 [BombeRLeWorld] INFO: Agent <qn_agent> drops bomb at (1, 14)
2019-03-25 05:48:17,195 [BombeRLeWorld] INFO: Agent <simple_agent_0> chose action UP in 0.02s.
2019-03-25 05:48:17,224 [BombeRLeWorld] INFO: STARTING STEP 119
2019-03-25 05:48:17,273 [BombeRLeWorld] INFO: Agent <simple_agent_1> chose action LEFT in 0.02s.
2019-03-25 05:48:17,274 [BombeRLeWorld] INFO: Agent <qn_agent> chose action UP in 0.03s.
2019-03-25 05:48:17,274 [BombeRLeWorld] INFO: Agent <simple_agent_0> chose action UP in 0.03s.
2019-03-25 05:48:17,335 [BombeRLeWorld] INFO: STARTING STEP 120
2019-03-25 05:48:17,391 [BombeRLeWorld] INFO: Agent <simple_agent_0> chose action LEFT in 0.03s.
2019-03-25 05:48:17,392 [BombeRLeWorld] INFO: Agent <simple_agent_1> chose action LEFT in 0.01s.
2019-03-25 05:48:17,392 [BombeRLeWorld] INFO: Agent <qn_agent> chose action RIGHT in 0.02s.
2019-03-25 05:48:17,443 [BombeRLeWorld] INFO: STARTING STEP 121
2019-03-25 05:48:17,489 [BombeRLeWorld] INFO: Agent <qn_agent> chose action WAIT in 0.02s.
2019-03-25 05:48:17,490 [BombeRLeWorld] INFO: Agent <simple_agent_1> chose action LEFT in 0.01s.
2019-03-25 05:48:17,490 [BombeRLeWorld] INFO: Agent <simple_agent_0> chose action RIGHT in 0.01s.
2019-03-25 05:48:17,548 [BombeRLeWorld] INFO: STARTING STEP 122
2019-03-25 05:48:17,601 [BombeRLeWorld] INFO: Agent <simple_agent_1> chose action BOMB in 0.01s.
2019-03-25 05:48:17,601 [BombeRLeWorld] INFO: Agent <simple_agent_1> drops bomb at (10, 11)
2019-03-25 05:48:17,602 [BombeRLeWorld] INFO: Agent <qn_agent> chose action RIGHT in 0.04s.
2019-03-25 05:48:17,602 [BombeRLeWorld] INFO: Agent <simple_agent_0> chose action BOMB in 0.00s.
2019-03-25 05:48:17,602 [BombeRLeWorld] INFO: Agent <simple_agent_0> drops bomb at (9, 11)
2019-03-25 05:48:17,656 [BombeRLeWorld] INFO: STARTING STEP 123
2019-03-25 05:48:17,698 [BombeRLeWorld] INFO: Agent <qn_agent> chose action UP in 0.03s.
2019-03-25 05:48:17,698 [BombeRLeWorld] INFO: Agent <simple_agent_0> chose action UP in 0.02s.
2019-03-25 05:48:17,699 [BombeRLeWorld] INFO: Agent <simple_agent_1> chose action RIGHT in 0.02s.
2019-03-25 05:48:17,699 [BombeRLeWorld] INFO: Agent <qn_agent>'s bomb at (1, 14) explodes
2019-03-25 05:48:17,757 [BombeRLeWorld] INFO: STARTING STEP 124
2019-03-25 05:48:17,804 [BombeRLeWorld] INFO: Agent <qn_agent> chose action UP in 0.03s.
2019-03-25 05:48:17,805 [BombeRLeWorld] INFO: Agent <simple_agent_1> chose action DOWN in 0.01s.
2019-03-25 05:48:17,805 [BombeRLeWorld] INFO: Agent <simple_agent_0> chose action UP in 0.01s.
2019-03-25 05:48:17,860 [BombeRLeWorld] INFO: STARTING STEP 125
2019-03-25 05:48:17,895 [BombeRLeWorld] INFO: Agent <qn_agent> chose action BOMB in 0.03s.
2019-03-25 05:48:17,896 [BombeRLeWorld] INFO: Agent <qn_agent> drops bomb at (3, 11)
2019-03-25 05:48:17,896 [BombeRLeWorld] INFO: Agent <simple_agent_0> chose action RIGHT in 0.01s.
2019-03-25 05:48:17,897 [BombeRLeWorld] INFO: Agent <simple_agent_1> chose action UP in 0.01s.
2019-03-25 05:48:17,965 [BombeRLeWorld] INFO: STARTING STEP 126
2019-03-25 05:48:18,011 [BombeRLeWorld] INFO: Agent <qn_agent> chose action DOWN in 0.03s.
2019-03-25 05:48:18,011 [BombeRLeWorld] INFO: Agent <simple_agent_1> chose action DOWN in 0.01s.
2019-03-25 05:48:18,011 [BombeRLeWorld] INFO: Agent <simple_agent_0> chose action RIGHT in 0.00s.
2019-03-25 05:48:18,068 [BombeRLeWorld] INFO: STARTING STEP 127
2019-03-25 05:48:18,097 [BombeRLeWorld] INFO: Agent <simple_agent_1> chose action DOWN in 0.01s.
2019-03-25 05:48:18,098 [BombeRLeWorld] INFO: Agent <qn_agent> chose action DOWN in 0.02s.
2019-03-25 05:48:18,098 [BombeRLeWorld] INFO: Agent <simple_agent_0> chose action DOWN in 0.01s.
2019-03-25 05:48:18,098 [BombeRLeWorld] INFO: Agent <simple_agent_1>'s bomb at (10, 11) explodes
2019-03-25 05:48:18,100 [BombeRLeWorld] INFO: Agent <simple_agent_0>'s bomb at (9, 11) explodes
2019-03-25 05:48:18,171 [BombeRLeWorld] INFO: STARTING STEP 128
2019-03-25 05:48:18,202 [BombeRLeWorld] INFO: Agent <simple_agent_1> chose action UP in 0.01s.
2019-03-25 05:48:18,202 [BombeRLeWorld] INFO: Agent <qn_agent> chose action LEFT in 0.02s.
2019-03-25 05:48:18,202 [BombeRLeWorld] INFO: Agent <simple_agent_0> chose action UP in 0.01s.
2019-03-25 05:48:18,274 [BombeRLeWorld] INFO: STARTING STEP 129
2019-03-25 05:48:18,300 [BombeRLeWorld] INFO: Agent <simple_agent_0> chose action DOWN in 0.01s.
2019-03-25 05:48:18,301 [BombeRLeWorld] INFO: Agent <simple_agent_1> chose action UP in 0.01s.
2019-03-25 05:48:18,301 [BombeRLeWorld] INFO: Agent <qn_agent> chose action LEFT in 0.02s.
2019-03-25 05:48:18,379 [BombeRLeWorld] INFO: STARTING STEP 130
2019-03-25 05:48:18,417 [BombeRLeWorld] INFO: Agent <qn_agent> chose action UP in 0.03s.
2019-03-25 05:48:18,417 [BombeRLeWorld] INFO: Agent <simple_agent_0> chose action BOMB in 0.00s.
2019-03-25 05:48:18,417 [BombeRLeWorld] INFO: Agent <simple_agent_0> drops bomb at (11, 10)
2019-03-25 05:48:18,418 [BombeRLeWorld] INFO: Agent <simple_agent_1> chose action BOMB in 0.03s.
2019-03-25 05:48:18,418 [BombeRLeWorld] INFO: Agent <simple_agent_1> drops bomb at (11, 11)
2019-03-25 05:48:18,419 [BombeRLeWorld] INFO: Agent <qn_agent>'s bomb at (3, 11) explodes
2019-03-25 05:48:18,483 [BombeRLeWorld] INFO: STARTING STEP 131
2019-03-25 05:48:18,534 [BombeRLeWorld] INFO: Agent <simple_agent_0> chose action UP in 0.03s.
2019-03-25 05:48:18,534 [BombeRLeWorld] INFO: Agent <qn_agent> chose action BOMB in 0.03s.
2019-03-25 05:48:18,535 [BombeRLeWorld] INFO: Agent <qn_agent> drops bomb at (1, 12)
2019-03-25 05:48:18,535 [BombeRLeWorld] INFO: Agent <simple_agent_1> chose action RIGHT in 0.03s.
2019-03-25 05:48:18,587 [BombeRLeWorld] INFO: STARTING STEP 132
2019-03-25 05:48:18,634 [BombeRLeWorld] INFO: Agent <simple_agent_0> chose action RIGHT in 0.01s.
2019-03-25 05:48:18,634 [BombeRLeWorld] INFO: Agent <simple_agent_1> chose action RIGHT in 0.04s.
2019-03-25 05:48:18,635 [BombeRLeWorld] INFO: Agent <qn_agent> chose action UP in 0.03s.
2019-03-25 05:48:18,693 [BombeRLeWorld] INFO: STARTING STEP 133
2019-03-25 05:48:18,726 [BombeRLeWorld] INFO: Agent <simple_agent_1> chose action DOWN in 0.03s.
2019-03-25 05:48:18,727 [BombeRLeWorld] INFO: Agent <simple_agent_0> chose action RIGHT in 0.01s.
2019-03-25 05:48:18,727 [BombeRLeWorld] INFO: Agent <qn_agent> chose action RIGHT in 0.03s.
2019-03-25 05:48:18,797 [BombeRLeWorld] INFO: STARTING STEP 134
2019-03-25 05:48:18,841 [BombeRLeWorld] INFO: Agent <simple_agent_0> chose action DOWN in 0.01s.
2019-03-25 05:48:18,841 [BombeRLeWorld] INFO: Agent <simple_agent_1> chose action UP in 0.03s.
2019-03-25 05:48:18,843 [BombeRLeWorld] INFO: Agent <qn_agent> chose action WAIT in 0.03s.
2019-03-25 05:48:18,900 [BombeRLeWorld] INFO: STARTING STEP 135
2019-03-25 05:48:19,004 [BombeRLeWorld] INFO: Agent <simple_agent_1> chose action DOWN in 0.05s.
2019-03-25 05:48:19,004 [BombeRLeWorld] INFO: Agent <qn_agent> chose action RIGHT in 0.08s.
2019-03-25 05:48:19,005 [BombeRLeWorld] INFO: Agent <simple_agent_0> chose action UP in 0.01s.
2019-03-25 05:48:19,005 [BombeRLeWorld] INFO: Agent <simple_agent_0>'s bomb at (11, 10) explodes
2019-03-25 05:48:19,007 [BombeRLeWorld] INFO: Agent <simple_agent_1>'s bomb at (11, 11) explodes
2019-03-25 05:48:19,008 [BombeRLeWorld] INFO: STARTING STEP 136
2019-03-25 05:48:19,069 [BombeRLeWorld] INFO: Agent <simple_agent_0> chose action DOWN in 0.01s.
2019-03-25 05:48:19,069 [BombeRLeWorld] INFO: Agent <simple_agent_1> chose action DOWN in 0.01s.
2019-03-25 05:48:19,069 [BombeRLeWorld] INFO: Agent <qn_agent> chose action DOWN in 0.03s.
2019-03-25 05:48:19,072 [BombeRLeWorld] INFO: Agent <qn_agent>'s bomb at (1, 12) explodes
2019-03-25 05:48:19,112 [BombeRLeWorld] INFO: STARTING STEP 137
2019-03-25 05:48:19,165 [BombeRLeWorld] INFO: Agent <simple_agent_1> chose action UP in 0.01s.
2019-03-25 05:48:19,165 [BombeRLeWorld] INFO: Agent <simple_agent_0> chose action DOWN in 0.01s.
2019-03-25 05:48:19,167 [BombeRLeWorld] INFO: Agent <qn_agent> chose action DOWN in 0.03s.
2019-03-25 05:48:19,217 [BombeRLeWorld] INFO: STARTING STEP 138
2019-03-25 05:48:19,263 [BombeRLeWorld] INFO: Agent <simple_agent_1> chose action BOMB in 0.03s.
2019-03-25 05:48:19,263 [BombeRLeWorld] INFO: Agent <simple_agent_1> drops bomb at (13, 12)
2019-03-25 05:48:19,264 [BombeRLeWorld] INFO: Agent <simple_agent_0> chose action BOMB in 0.00s.
2019-03-25 05:48:19,264 [BombeRLeWorld] INFO: Agent <simple_agent_0> drops bomb at (13, 11)
2019-03-25 05:48:19,265 [BombeRLeWorld] INFO: Agent <qn_agent> chose action RIGHT in 0.02s.
2019-03-25 05:48:19,322 [BombeRLeWorld] INFO: STARTING STEP 139
2019-03-25 05:48:19,370 [BombeRLeWorld] INFO: Agent <simple_agent_0> chose action RIGHT in 0.02s.
2019-03-25 05:48:19,371 [BombeRLeWorld] INFO: Agent <qn_agent> chose action RIGHT in 0.04s.
2019-03-25 05:48:19,372 [BombeRLeWorld] INFO: Agent <simple_agent_1> chose action DOWN in 0.04s.
2019-03-25 05:48:19,426 [BombeRLeWorld] INFO: STARTING STEP 140
2019-03-25 05:48:19,497 [BombeRLeWorld] INFO: Agent <simple_agent_1> chose action RIGHT in 0.04s.
2019-03-25 05:48:19,498 [BombeRLeWorld] INFO: Agent <qn_agent> chose action UP in 0.06s.
2019-03-25 05:48:19,498 [BombeRLeWorld] INFO: Agent <simple_agent_0> chose action RIGHT in 0.01s.
2019-03-25 05:48:19,530 [BombeRLeWorld] INFO: STARTING STEP 141
2019-03-25 05:48:19,576 [BombeRLeWorld] INFO: Agent <simple_agent_0> chose action DOWN in 0.01s.
2019-03-25 05:48:19,577 [BombeRLeWorld] INFO: Agent <qn_agent> chose action UP in 0.04s.
2019-03-25 05:48:19,577 [BombeRLeWorld] INFO: Agent <simple_agent_1> chose action RIGHT in 0.03s.
2019-03-25 05:48:19,632 [BombeRLeWorld] INFO: STARTING STEP 142
2019-03-25 05:48:19,698 [BombeRLeWorld] INFO: Agent <simple_agent_1> chose action LEFT in 0.03s.
2019-03-25 05:48:19,699 [BombeRLeWorld] INFO: Agent <qn_agent> chose action RIGHT in 0.05s.
2019-03-25 05:48:19,699 [BombeRLeWorld] INFO: Agent <simple_agent_0> chose action UP in 0.00s.
2019-03-25 05:48:19,735 [BombeRLeWorld] INFO: STARTING STEP 143
2019-03-25 05:48:19,805 [BombeRLeWorld] INFO: Agent <qn_agent> chose action RIGHT in 0.05s.
2019-03-25 05:48:19,805 [BombeRLeWorld] INFO: Agent <simple_agent_1> chose action RIGHT in 0.04s.
2019-03-25 05:48:19,805 [BombeRLeWorld] INFO: Agent <simple_agent_0> chose action UP in 0.01s.
2019-03-25 05:48:19,806 [BombeRLeWorld] INFO: Agent <simple_agent_1>'s bomb at (13, 12) explodes
2019-03-25 05:48:19,807 [BombeRLeWorld] INFO: Agent <simple_agent_0>'s bomb at (13, 11) explodes
2019-03-25 05:48:19,839 [BombeRLeWorld] INFO: STARTING STEP 144
2019-03-25 05:48:19,882 [BombeRLeWorld] INFO: Agent <simple_agent_1> chose action UP in 0.00s.
2019-03-25 05:48:19,882 [BombeRLeWorld] INFO: Agent <qn_agent> chose action BOMB in 0.02s.
2019-03-25 05:48:19,882 [BombeRLeWorld] INFO: Agent <qn_agent> drops bomb at (7, 11)
2019-03-25 05:48:19,883 [BombeRLeWorld] INFO: Agent <simple_agent_0> chose action UP in 0.01s.
2019-03-25 05:48:19,945 [BombeRLeWorld] INFO: STARTING STEP 145
2019-03-25 05:48:19,989 [BombeRLeWorld] INFO: Agent <simple_agent_1> chose action UP in 0.00s.
2019-03-25 05:48:19,989 [BombeRLeWorld] INFO: Agent <qn_agent> chose action RIGHT in 0.03s.
2019-03-25 05:48:19,990 [BombeRLeWorld] INFO: Agent <simple_agent_0> chose action DOWN in 0.00s.
2019-03-25 05:48:20,046 [BombeRLeWorld] INFO: STARTING STEP 146
2019-03-25 05:48:20,108 [BombeRLeWorld] INFO: Agent <simple_agent_1> chose action BOMB in 0.00s.
2019-03-25 05:48:20,108 [BombeRLeWorld] INFO: Agent <simple_agent_1> drops bomb at (15, 11)
2019-03-25 05:48:20,109 [BombeRLeWorld] INFO: Agent <qn_agent> chose action RIGHT in 0.05s.
2019-03-25 05:48:20,110 [BombeRLeWorld] INFO: Agent <simple_agent_0> chose action BOMB in 0.00s.
2019-03-25 05:48:20,110 [BombeRLeWorld] INFO: Agent <simple_agent_0> drops bomb at (15, 10)
2019-03-25 05:48:20,148 [BombeRLeWorld] INFO: STARTING STEP 147
2019-03-25 05:48:20,183 [BombeRLeWorld] INFO: Agent <simple_agent_1> chose action DOWN in 0.01s.
2019-03-25 05:48:20,183 [BombeRLeWorld] INFO: Agent <qn_agent> chose action DOWN in 0.02s.
2019-03-25 05:48:20,184 [BombeRLeWorld] INFO: Agent <simple_agent_0> chose action UP in 0.01s.
2019-03-25 05:48:20,253 [BombeRLeWorld] INFO: STARTING STEP 148
2019-03-25 05:48:20,295 [BombeRLeWorld] INFO: Agent <qn_agent> chose action WAIT in 0.03s.
2019-03-25 05:48:20,295 [BombeRLeWorld] INFO: Agent <simple_agent_1> chose action DOWN in 0.01s.
2019-03-25 05:48:20,296 [BombeRLeWorld] INFO: Agent <simple_agent_0> chose action LEFT in 0.01s.
2019-03-25 05:48:20,358 [BombeRLeWorld] INFO: STARTING STEP 149
2019-03-25 05:48:20,405 [BombeRLeWorld] INFO: Agent <simple_agent_1> chose action LEFT in 0.01s.
2019-03-25 05:48:20,405 [BombeRLeWorld] INFO: Agent <simple_agent_0> chose action RIGHT in 0.01s.
2019-03-25 05:48:20,405 [BombeRLeWorld] INFO: Agent <qn_agent> chose action DOWN in 0.04s.
2019-03-25 05:48:20,406 [BombeRLeWorld] INFO: Agent <qn_agent>'s bomb at (7, 11) explodes
2019-03-25 05:48:20,462 [BombeRLeWorld] INFO: STARTING STEP 150
2019-03-25 05:48:20,517 [BombeRLeWorld] INFO: Agent <simple_agent_1> chose action LEFT in 0.01s.
2019-03-25 05:48:20,517 [BombeRLeWorld] INFO: Agent <simple_agent_0> chose action LEFT in 0.01s.
2019-03-25 05:48:20,518 [BombeRLeWorld] INFO: Agent <qn_agent> chose action LEFT in 0.03s.
2019-03-25 05:48:20,572 [BombeRLeWorld] INFO: STARTING STEP 151
2019-03-25 05:48:20,621 [BombeRLeWorld] INFO: Agent <qn_agent> chose action LEFT in 0.02s.
2019-03-25 05:48:20,622 [BombeRLeWorld] INFO: Agent <simple_agent_1> chose action UP in 0.01s.
2019-03-25 05:48:20,622 [BombeRLeWorld] INFO: Agent <simple_agent_0> chose action LEFT in 0.01s.
2019-03-25 05:48:20,622 [BombeRLeWorld] INFO: Agent <simple_agent_1>'s bomb at (15, 11) explodes
2019-03-25 05:48:20,624 [BombeRLeWorld] INFO: Agent <simple_agent_0>'s bomb at (15, 10) explodes
2019-03-25 05:48:20,682 [BombeRLeWorld] INFO: STARTING STEP 152
2019-03-25 05:48:20,724 [BombeRLeWorld] INFO: Agent <qn_agent> chose action UP in 0.02s.
2019-03-25 05:48:20,724 [BombeRLeWorld] INFO: Agent <simple_agent_0> chose action DOWN in 0.02s.
2019-03-25 05:48:20,725 [BombeRLeWorld] INFO: Agent <simple_agent_1> chose action DOWN in 0.03s.
2019-03-25 05:48:20,787 [BombeRLeWorld] INFO: STARTING STEP 153
2019-03-25 05:48:20,819 [BombeRLeWorld] INFO: Agent <simple_agent_0> chose action DOWN in 0.01s.
2019-03-25 05:48:20,819 [BombeRLeWorld] INFO: Agent <simple_agent_1> chose action UP in 0.02s.
2019-03-25 05:48:20,820 [BombeRLeWorld] INFO: Agent <qn_agent> chose action UP in 0.02s.
2019-03-25 05:48:20,891 [BombeRLeWorld] INFO: STARTING STEP 154
2019-03-25 05:48:20,920 [BombeRLeWorld] INFO: Agent <simple_agent_1> chose action DOWN in 0.02s.
2019-03-25 05:48:20,921 [BombeRLeWorld] INFO: Agent <simple_agent_0> chose action UP in 0.01s.
2019-03-25 05:48:20,921 [BombeRLeWorld] INFO: Agent <qn_agent> chose action LEFT in 0.01s.
2019-03-25 05:48:20,995 [BombeRLeWorld] INFO: STARTING STEP 155
2019-03-25 05:48:21,041 [BombeRLeWorld] INFO: Agent <qn_agent> chose action LEFT in 0.04s.
2019-03-25 05:48:21,041 [BombeRLeWorld] INFO: Agent <simple_agent_1> chose action UP in 0.02s.
2019-03-25 05:48:21,042 [BombeRLeWorld] INFO: Agent <simple_agent_0> chose action UP in 0.01s.
2019-03-25 05:48:21,098 [BombeRLeWorld] INFO: STARTING STEP 156
2019-03-25 05:48:21,137 [BombeRLeWorld] INFO: Agent <simple_agent_0> chose action LEFT in 0.01s.
2019-03-25 05:48:21,137 [BombeRLeWorld] INFO: Agent <simple_agent_1> chose action UP in 0.02s.
2019-03-25 05:48:21,138 [BombeRLeWorld] INFO: Agent <qn_agent> chose action UP in 0.03s.
2019-03-25 05:48:21,199 [BombeRLeWorld] INFO: STARTING STEP 157
2019-03-25 05:48:21,243 [BombeRLeWorld] INFO: Agent <qn_agent> chose action BOMB in 0.04s.
2019-03-25 05:48:21,243 [BombeRLeWorld] INFO: Agent <qn_agent> drops bomb at (5, 10)
2019-03-25 05:48:21,243 [BombeRLeWorld] INFO: Agent <simple_agent_1> chose action LEFT in 0.02s.
2019-03-25 05:48:21,244 [BombeRLeWorld] INFO: Agent <simple_agent_0> chose action LEFT in 0.01s.
2019-03-25 05:48:21,304 [BombeRLeWorld] INFO: STARTING STEP 158
2019-03-25 05:48:21,332 [BombeRLeWorld] INFO: Agent <simple_agent_0> chose action LEFT in 0.01s.
2019-03-25 05:48:21,333 [BombeRLeWorld] INFO: Agent <qn_agent> chose action UP in 0.02s.
2019-03-25 05:48:21,333 [BombeRLeWorld] INFO: Agent <simple_agent_1> chose action LEFT in 0.02s.
2019-03-25 05:48:21,409 [BombeRLeWorld] INFO: STARTING STEP 159
2019-03-25 05:48:21,443 [BombeRLeWorld] INFO: Agent <simple_agent_0> chose action LEFT in 0.01s.
2019-03-25 05:48:21,444 [BombeRLeWorld] INFO: Agent <qn_agent> chose action RIGHT in 0.02s.
2019-03-25 05:48:21,444 [BombeRLeWorld] INFO: Agent <simple_agent_1> chose action LEFT in 0.02s.
2019-03-25 05:48:21,513 [BombeRLeWorld] INFO: STARTING STEP 160
2019-03-25 05:48:21,548 [BombeRLeWorld] INFO: Agent <simple_agent_0> chose action DOWN in 0.01s.
2019-03-25 05:48:21,548 [BombeRLeWorld] INFO: Agent <qn_agent> chose action WAIT in 0.02s.
2019-03-25 05:48:21,548 [BombeRLeWorld] INFO: Agent <simple_agent_1> chose action LEFT in 0.01s.
2019-03-25 05:48:21,617 [BombeRLeWorld] INFO: STARTING STEP 161
2019-03-25 05:48:21,645 [BombeRLeWorld] INFO: Agent <simple_agent_1> chose action BOMB in 0.00s.
2019-03-25 05:48:21,646 [BombeRLeWorld] INFO: Agent <simple_agent_1> drops bomb at (9, 11)
2019-03-25 05:48:21,646 [BombeRLeWorld] INFO: Agent <qn_agent> chose action RIGHT in 0.02s.
2019-03-25 05:48:21,647 [BombeRLeWorld] INFO: Agent <simple_agent_0> chose action BOMB in 0.00s.
2019-03-25 05:48:21,647 [BombeRLeWorld] INFO: Agent <simple_agent_0> drops bomb at (9, 10)
2019-03-25 05:48:21,722 [BombeRLeWorld] INFO: STARTING STEP 162
2019-03-25 05:48:21,760 [BombeRLeWorld] INFO: Agent <simple_agent_0> chose action UP in 0.01s.
2019-03-25 05:48:21,760 [BombeRLeWorld] INFO: Agent <qn_agent> chose action WAIT in 0.02s.
2019-03-25 05:48:21,761 [BombeRLeWorld] INFO: Agent <simple_agent_1> chose action RIGHT in 0.01s.
2019-03-25 05:48:21,762 [BombeRLeWorld] INFO: Agent <qn_agent>'s bomb at (5, 10) explodes
2019-03-25 05:48:21,829 [BombeRLeWorld] INFO: STARTING STEP 163
2019-03-25 05:48:21,858 [BombeRLeWorld] INFO: Agent <qn_agent> chose action BOMB in 0.02s.
2019-03-25 05:48:21,859 [BombeRLeWorld] INFO: Agent <qn_agent> drops bomb at (7, 9)
2019-03-25 05:48:21,859 [BombeRLeWorld] INFO: Agent <simple_agent_1> chose action RIGHT in 0.01s.
2019-03-25 05:48:21,860 [BombeRLeWorld] INFO: Agent <simple_agent_0> chose action RIGHT in 0.01s.
2019-03-25 05:48:21,934 [BombeRLeWorld] INFO: STARTING STEP 164
2019-03-25 05:48:21,989 [BombeRLeWorld] INFO: Agent <simple_agent_0> chose action RIGHT in 0.01s.
2019-03-25 05:48:21,990 [BombeRLeWorld] INFO: Agent <qn_agent> chose action BOMB in 0.03s.
2019-03-25 05:48:21,998 [BombeRLeWorld] INFO: Agent <simple_agent_1> chose action DOWN in 0.01s.
2019-03-25 05:48:22,038 [BombeRLeWorld] INFO: STARTING STEP 165
2019-03-25 05:48:22,082 [BombeRLeWorld] INFO: Agent <qn_agent> chose action RIGHT in 0.04s.
2019-03-25 05:48:22,082 [BombeRLeWorld] INFO: Agent <simple_agent_1> chose action UP in 0.01s.
2019-03-25 05:48:22,099 [BombeRLeWorld] INFO: Agent <simple_agent_0> chose action DOWN in 0.01s.
2019-03-25 05:48:22,142 [BombeRLeWorld] INFO: STARTING STEP 166
2019-03-25 05:48:22,204 [BombeRLeWorld] INFO: Agent <simple_agent_1> chose action DOWN in 0.00s.
2019-03-25 05:48:22,204 [BombeRLeWorld] INFO: Agent <qn_agent> chose action LEFT in 0.04s.
2019-03-25 05:48:22,205 [BombeRLeWorld] INFO: Agent <simple_agent_0> chose action UP in 0.01s.
2019-03-25 05:48:22,206 [BombeRLeWorld] INFO: Agent <simple_agent_1>'s bomb at (9, 11) explodes
2019-03-25 05:48:22,208 [BombeRLeWorld] INFO: Agent <simple_agent_0>'s bomb at (9, 10) explodes
2019-03-25 05:48:22,246 [BombeRLeWorld] INFO: STARTING STEP 167
2019-03-25 05:48:22,277 [BombeRLeWorld] INFO: Agent <simple_agent_0> chose action DOWN in 0.01s.
2019-03-25 05:48:22,277 [BombeRLeWorld] INFO: Agent <qn_agent> chose action RIGHT in 0.01s.
2019-03-25 05:48:22,278 [BombeRLeWorld] INFO: Agent <simple_agent_1> chose action DOWN in 0.01s.
2019-03-25 05:48:22,278 [BombeRLeWorld] INFO: Agent <qn_agent> blown up by agent <simple_agent_1>'s bomb
2019-03-25 05:48:22,278 [BombeRLeWorld] INFO: Agent <simple_agent_1> receives 1 point
2019-03-25 05:48:22,279 [BombeRLeWorld] INFO: Agent <qn_agent> blown up by agent <simple_agent_0>'s bomb
2019-03-25 05:48:22,279 [BombeRLeWorld] INFO: Agent <simple_agent_0> receives 1 point
2019-03-25 05:48:22,280 [BombeRLeWorld] INFO: No training agent left alive, wrap up round
2019-03-25 05:48:22,385 [BombeRLeWorld] INFO: WRAPPING UP ROUND #2
2019-03-25 05:48:22,717 [BombeRLeWorld] INFO: Agent <qn_agent> loses 1 point for being slowest (avg. 0.035s)
2019-03-25 05:48:57,091 [BombeRLeWorld] WARNING: End-of-round requested while no round was running
2019-03-25 05:48:57,133 [BombeRLeWorld] INFO: SHUT DOWN
