2019-02-27 14:56:22,378 [BombeRLeWorld] INFO: Initializing game world
2019-02-27 14:56:22,447 [BombeRLeWorld] INFO: Starting process for agent <agent>
2019-02-27 14:56:22,466 [BombeRLeWorld] INFO: Starting process for agent <simple_agent_0>
2019-02-27 14:56:22,481 [BombeRLeWorld] INFO: Starting process for agent <simple_agent_1>
2019-02-27 14:56:22,494 [BombeRLeWorld] INFO: Starting process for agent <simple_agent_2>
2019-02-27 14:56:22,507 [BombeRLeWorld] INFO: STARTING ROUND #1
2019-02-27 14:56:22,623 [BombeRLeWorld] INFO: STARTING STEP 1
2019-02-27 14:56:22,633 [BombeRLeWorld] INFO: Agent <agent> chose action WAIT in 0.00s.
2019-02-27 14:56:22,637 [BombeRLeWorld] INFO: Agent <simple_agent_0> chose action RIGHT in 0.00s.
2019-02-27 14:56:22,637 [BombeRLeWorld] INFO: Agent <simple_agent_2> chose action DOWN in 0.00s.
2019-02-27 14:56:22,637 [BombeRLeWorld] INFO: Agent <simple_agent_1> chose action LEFT in 0.00s.
2019-02-27 14:56:22,728 [BombeRLeWorld] INFO: STARTING STEP 2
2019-02-27 14:56:22,735 [BombeRLeWorld] INFO: Agent <simple_agent_1> chose action BOMB in 0.00s.
2019-02-27 14:56:22,736 [BombeRLeWorld] INFO: Agent <simple_agent_1> drops bomb at (14, 15)
2019-02-27 14:56:22,737 [BombeRLeWorld] INFO: Agent <simple_agent_0> chose action BOMB in 0.00s.
2019-02-27 14:56:22,737 [BombeRLeWorld] INFO: Agent <simple_agent_0> drops bomb at (2, 15)
2019-02-27 14:56:22,737 [BombeRLeWorld] INFO: Agent <simple_agent_2> chose action BOMB in 0.00s.
2019-02-27 14:56:22,738 [BombeRLeWorld] INFO: Agent <simple_agent_2> drops bomb at (15, 2)
2019-02-27 14:56:22,738 [BombeRLeWorld] INFO: Agent <agent> chose action WAIT in 0.00s.
2019-02-27 14:56:22,828 [BombeRLeWorld] INFO: STARTING STEP 3
2019-02-27 14:56:22,834 [BombeRLeWorld] INFO: Agent <simple_agent_0> chose action LEFT in 0.00s.
2019-02-27 14:56:22,834 [BombeRLeWorld] INFO: Agent <agent> chose action WAIT in 0.00s.
2019-02-27 14:56:22,834 [BombeRLeWorld] INFO: Agent <simple_agent_1> chose action RIGHT in 0.00s.
2019-02-27 14:56:22,834 [BombeRLeWorld] INFO: Agent <simple_agent_2> chose action UP in 0.00s.
2019-02-27 14:56:22,930 [BombeRLeWorld] INFO: STARTING STEP 4
2019-02-27 14:56:22,938 [BombeRLeWorld] INFO: Agent <simple_agent_0> chose action UP in 0.00s.
2019-02-27 14:56:22,939 [BombeRLeWorld] INFO: Agent <simple_agent_2> chose action LEFT in 0.00s.
2019-02-27 14:56:22,939 [BombeRLeWorld] INFO: Agent <simple_agent_1> chose action UP in 0.00s.
2019-02-27 14:56:22,939 [BombeRLeWorld] INFO: Agent <agent> chose action WAIT in 0.00s.
2019-02-27 14:56:23,035 [BombeRLeWorld] INFO: STARTING STEP 5
2019-02-27 14:56:23,063 [BombeRLeWorld] INFO: Agent <agent> chose action WAIT in 0.00s.
2019-02-27 14:56:23,063 [BombeRLeWorld] INFO: Agent <simple_agent_2> chose action LEFT in 0.00s.
2019-02-27 14:56:23,064 [BombeRLeWorld] INFO: Agent <simple_agent_1> chose action UP in 0.00s.
2019-02-27 14:56:23,065 [BombeRLeWorld] INFO: Agent <simple_agent_0> chose action DOWN in 0.00s.
2019-02-27 14:56:23,137 [BombeRLeWorld] INFO: STARTING STEP 6
2019-02-27 14:56:23,142 [BombeRLeWorld] INFO: Agent <simple_agent_1> chose action DOWN in 0.00s.
2019-02-27 14:56:23,142 [BombeRLeWorld] INFO: Agent <agent> chose action WAIT in 0.00s.
2019-02-27 14:56:23,142 [BombeRLeWorld] INFO: Agent <simple_agent_0> chose action UP in 0.00s.
2019-02-27 14:56:23,143 [BombeRLeWorld] INFO: Agent <simple_agent_2> chose action RIGHT in 0.00s.
2019-02-27 14:56:23,241 [BombeRLeWorld] INFO: STARTING STEP 7
2019-02-27 14:56:23,245 [BombeRLeWorld] INFO: Agent <simple_agent_2> chose action LEFT in 0.00s.
2019-02-27 14:56:23,245 [BombeRLeWorld] INFO: Agent <simple_agent_0> chose action WAIT in 0.00s.
2019-02-27 14:56:23,246 [BombeRLeWorld] INFO: Agent <simple_agent_1> chose action UP in 0.00s.
2019-02-27 14:56:23,246 [BombeRLeWorld] INFO: Agent <agent> chose action WAIT in 0.00s.
2019-02-27 14:56:23,246 [BombeRLeWorld] INFO: Agent <simple_agent_1>'s bomb at (14, 15) explodes
2019-02-27 14:56:23,248 [BombeRLeWorld] INFO: Agent <simple_agent_0>'s bomb at (2, 15) explodes
2019-02-27 14:56:23,248 [BombeRLeWorld] INFO: Agent <simple_agent_2>'s bomb at (15, 2) explodes
2019-02-27 14:56:23,341 [BombeRLeWorld] INFO: STARTING STEP 8
2019-02-27 14:56:23,346 [BombeRLeWorld] INFO: Agent <simple_agent_1> chose action BOMB in 0.00s.
2019-02-27 14:56:23,346 [BombeRLeWorld] INFO: Agent <simple_agent_1> drops bomb at (15, 13)
2019-02-27 14:56:23,346 [BombeRLeWorld] INFO: Agent <simple_agent_2> chose action BOMB in 0.00s.
2019-02-27 14:56:23,346 [BombeRLeWorld] INFO: Agent <simple_agent_2> drops bomb at (13, 1)
2019-02-27 14:56:23,347 [BombeRLeWorld] INFO: Agent <agent> chose action WAIT in 0.00s.
2019-02-27 14:56:23,347 [BombeRLeWorld] INFO: Agent <simple_agent_0> chose action BOMB in 0.00s.
2019-02-27 14:56:23,347 [BombeRLeWorld] INFO: Agent <simple_agent_0> drops bomb at (1, 14)
2019-02-27 14:56:23,448 [BombeRLeWorld] INFO: STARTING STEP 9
2019-02-27 14:56:23,457 [BombeRLeWorld] INFO: Agent <simple_agent_2> chose action RIGHT in 0.00s.
2019-02-27 14:56:23,457 [BombeRLeWorld] INFO: Agent <simple_agent_0> chose action DOWN in 0.00s.
2019-02-27 14:56:23,457 [BombeRLeWorld] INFO: Agent <simple_agent_1> chose action DOWN in 0.00s.
2019-02-27 14:56:23,457 [BombeRLeWorld] INFO: Agent <agent> chose action WAIT in 0.00s.
2019-02-27 14:56:23,552 [BombeRLeWorld] INFO: STARTING STEP 10
2019-02-27 14:56:23,558 [BombeRLeWorld] INFO: Agent <simple_agent_1> chose action DOWN in 0.00s.
2019-02-27 14:56:23,558 [BombeRLeWorld] INFO: Agent <agent> chose action WAIT in 0.00s.
2019-02-27 14:56:23,559 [BombeRLeWorld] INFO: Agent <simple_agent_2> chose action RIGHT in 0.00s.
2019-02-27 14:56:23,559 [BombeRLeWorld] INFO: Agent <simple_agent_0> chose action RIGHT in 0.00s.
2019-02-27 14:56:23,656 [BombeRLeWorld] INFO: STARTING STEP 11
2019-02-27 14:56:23,662 [BombeRLeWorld] INFO: Agent <agent> chose action WAIT in 0.00s.
2019-02-27 14:56:23,663 [BombeRLeWorld] INFO: Agent <simple_agent_0> chose action RIGHT in 0.00s.
2019-02-27 14:56:23,663 [BombeRLeWorld] INFO: Agent <simple_agent_2> chose action DOWN in 0.00s.
2019-02-27 14:56:23,663 [BombeRLeWorld] INFO: Agent <simple_agent_1> chose action LEFT in 0.00s.
2019-02-27 14:56:23,757 [BombeRLeWorld] INFO: STARTING STEP 12
2019-02-27 14:56:23,766 [BombeRLeWorld] INFO: Agent <agent> chose action WAIT in 0.00s.
2019-02-27 14:56:23,766 [BombeRLeWorld] INFO: Agent <simple_agent_2> chose action DOWN in 0.00s.
2019-02-27 14:56:23,766 [BombeRLeWorld] INFO: Agent <simple_agent_0> chose action RIGHT in 0.00s.
2019-02-27 14:56:23,766 [BombeRLeWorld] INFO: Agent <simple_agent_1> chose action LEFT in 0.00s.
2019-02-27 14:56:23,862 [BombeRLeWorld] INFO: STARTING STEP 13
2019-02-27 14:56:23,869 [BombeRLeWorld] INFO: Agent <simple_agent_1> chose action LEFT in 0.00s.
2019-02-27 14:56:23,869 [BombeRLeWorld] INFO: Agent <simple_agent_2> chose action LEFT in 0.00s.
2019-02-27 14:56:23,869 [BombeRLeWorld] INFO: Agent <simple_agent_0> chose action RIGHT in 0.00s.
2019-02-27 14:56:23,869 [BombeRLeWorld] INFO: Agent <agent> chose action WAIT in 0.00s.
2019-02-27 14:56:23,869 [BombeRLeWorld] INFO: Agent <simple_agent_1>'s bomb at (15, 13) explodes
2019-02-27 14:56:23,870 [BombeRLeWorld] INFO: Agent <simple_agent_2>'s bomb at (13, 1) explodes
2019-02-27 14:56:23,871 [BombeRLeWorld] INFO: Agent <simple_agent_0>'s bomb at (1, 14) explodes
2019-02-27 14:56:23,966 [BombeRLeWorld] INFO: STARTING STEP 14
2019-02-27 14:56:23,971 [BombeRLeWorld] INFO: Agent <agent> chose action WAIT in 0.00s.
2019-02-27 14:56:23,971 [BombeRLeWorld] INFO: Agent <simple_agent_0> chose action RIGHT in 0.00s.
2019-02-27 14:56:23,971 [BombeRLeWorld] INFO: Agent <simple_agent_1> chose action LEFT in 0.00s.
2019-02-27 14:56:23,971 [BombeRLeWorld] INFO: Agent <simple_agent_2> chose action RIGHT in 0.00s.
2019-02-27 14:56:24,070 [BombeRLeWorld] INFO: STARTING STEP 15
2019-02-27 14:56:24,077 [BombeRLeWorld] INFO: Agent <agent> chose action WAIT in 0.00s.
2019-02-27 14:56:24,077 [BombeRLeWorld] INFO: Agent <simple_agent_0> chose action BOMB in 0.00s.
2019-02-27 14:56:24,077 [BombeRLeWorld] INFO: Agent <simple_agent_0> drops bomb at (6, 15)
2019-02-27 14:56:24,077 [BombeRLeWorld] INFO: Agent <simple_agent_2> chose action LEFT in 0.00s.
2019-02-27 14:56:24,078 [BombeRLeWorld] INFO: Agent <simple_agent_1> chose action BOMB in 0.00s.
2019-02-27 14:56:24,078 [BombeRLeWorld] INFO: Agent <simple_agent_1> drops bomb at (11, 15)
2019-02-27 14:56:24,171 [BombeRLeWorld] INFO: STARTING STEP 16
2019-02-27 14:56:24,178 [BombeRLeWorld] INFO: Agent <simple_agent_1> chose action RIGHT in 0.00s.
2019-02-27 14:56:24,179 [BombeRLeWorld] INFO: Agent <simple_agent_2> chose action LEFT in 0.00s.
2019-02-27 14:56:24,179 [BombeRLeWorld] INFO: Agent <simple_agent_0> chose action LEFT in 0.00s.
2019-02-27 14:56:24,179 [BombeRLeWorld] INFO: Agent <agent> chose action WAIT in 0.00s.
2019-02-27 14:56:24,274 [BombeRLeWorld] INFO: STARTING STEP 17
2019-02-27 14:56:24,281 [BombeRLeWorld] INFO: Agent <agent> chose action WAIT in 0.00s.
2019-02-27 14:56:24,281 [BombeRLeWorld] INFO: Agent <simple_agent_2> chose action DOWN in 0.00s.
2019-02-27 14:56:24,281 [BombeRLeWorld] INFO: Agent <simple_agent_0> chose action LEFT in 0.00s.
2019-02-27 14:56:24,281 [BombeRLeWorld] INFO: Agent <simple_agent_1> chose action RIGHT in 0.00s.
2019-02-27 14:56:24,379 [BombeRLeWorld] INFO: STARTING STEP 18
2019-02-27 14:56:24,387 [BombeRLeWorld] INFO: Agent <simple_agent_0> chose action LEFT in 0.00s.
2019-02-27 14:56:24,387 [BombeRLeWorld] INFO: Agent <agent> chose action WAIT in 0.00s.
2019-02-27 14:56:24,387 [BombeRLeWorld] INFO: Agent <simple_agent_1> chose action RIGHT in 0.00s.
2019-02-27 14:56:24,387 [BombeRLeWorld] INFO: Agent <simple_agent_2> chose action BOMB in 0.00s.
2019-02-27 14:56:24,388 [BombeRLeWorld] INFO: Agent <simple_agent_2> drops bomb at (13, 4)
2019-02-27 14:56:24,480 [BombeRLeWorld] INFO: STARTING STEP 19
2019-02-27 14:56:24,486 [BombeRLeWorld] INFO: Agent <agent> chose action WAIT in 0.00s.
2019-02-27 14:56:24,487 [BombeRLeWorld] INFO: Agent <simple_agent_0> chose action LEFT in 0.00s.
2019-02-27 14:56:24,487 [BombeRLeWorld] INFO: Agent <simple_agent_2> chose action UP in 0.00s.
2019-02-27 14:56:24,487 [BombeRLeWorld] INFO: Agent <simple_agent_1> chose action RIGHT in 0.00s.
2019-02-27 14:56:24,584 [BombeRLeWorld] INFO: STARTING STEP 20
2019-02-27 14:56:24,596 [BombeRLeWorld] INFO: Agent <simple_agent_2> chose action RIGHT in 0.00s.
2019-02-27 14:56:24,596 [BombeRLeWorld] INFO: Agent <simple_agent_1> chose action UP in 0.00s.
2019-02-27 14:56:24,596 [BombeRLeWorld] INFO: Agent <simple_agent_0> chose action LEFT in 0.00s.
2019-02-27 14:56:24,596 [BombeRLeWorld] INFO: Agent <agent> chose action WAIT in 0.00s.
2019-02-27 14:56:24,596 [BombeRLeWorld] INFO: Agent <simple_agent_0>'s bomb at (6, 15) explodes
2019-02-27 14:56:24,596 [BombeRLeWorld] INFO: Coin found at (9, 15)
2019-02-27 14:56:24,597 [BombeRLeWorld] INFO: Agent <simple_agent_1>'s bomb at (11, 15) explodes
2019-02-27 14:56:24,597 [BombeRLeWorld] INFO: Coin found at (11, 12)
2019-02-27 14:56:24,684 [BombeRLeWorld] INFO: STARTING STEP 21
2019-02-27 14:56:24,692 [BombeRLeWorld] INFO: Agent <simple_agent_0> chose action RIGHT in 0.00s.
2019-02-27 14:56:24,692 [BombeRLeWorld] INFO: Agent <simple_agent_1> chose action UP in 0.00s.
2019-02-27 14:56:24,692 [BombeRLeWorld] INFO: Agent <simple_agent_2> chose action RIGHT in 0.00s.
2019-02-27 14:56:24,693 [BombeRLeWorld] INFO: Agent <agent> chose action WAIT in 0.00s.
2019-02-27 14:56:24,787 [BombeRLeWorld] INFO: STARTING STEP 22
2019-02-27 14:56:24,794 [BombeRLeWorld] INFO: Agent <agent> chose action WAIT in 0.00s.
2019-02-27 14:56:24,794 [BombeRLeWorld] INFO: Agent <simple_agent_1> chose action UP in 0.00s.
2019-02-27 14:56:24,794 [BombeRLeWorld] INFO: Agent <simple_agent_2> chose action DOWN in 0.00s.
2019-02-27 14:56:24,794 [BombeRLeWorld] INFO: Agent <simple_agent_0> chose action RIGHT in 0.00s.
2019-02-27 14:56:24,889 [BombeRLeWorld] INFO: STARTING STEP 23
2019-02-27 14:56:24,898 [BombeRLeWorld] INFO: Agent <simple_agent_1> chose action UP in 0.00s.
2019-02-27 14:56:24,898 [BombeRLeWorld] INFO: Agent <agent> chose action WAIT in 0.00s.
2019-02-27 14:56:24,898 [BombeRLeWorld] INFO: Agent <simple_agent_0> chose action RIGHT in 0.00s.
2019-02-27 14:56:24,898 [BombeRLeWorld] INFO: Agent <simple_agent_2> chose action DOWN in 0.00s.
2019-02-27 14:56:24,898 [BombeRLeWorld] INFO: Agent <simple_agent_2>'s bomb at (13, 4) explodes
2019-02-27 14:56:24,899 [BombeRLeWorld] INFO: Coin found at (13, 7)
2019-02-27 14:56:24,993 [BombeRLeWorld] INFO: STARTING STEP 24
2019-02-27 14:56:25,003 [BombeRLeWorld] INFO: Agent <simple_agent_2> chose action DOWN in 0.00s.
2019-02-27 14:56:25,004 [BombeRLeWorld] INFO: Agent <agent> chose action WAIT in 0.00s.
2019-02-27 14:56:25,004 [BombeRLeWorld] INFO: Agent <simple_agent_0> chose action RIGHT in 0.00s.
2019-02-27 14:56:25,004 [BombeRLeWorld] INFO: Agent <simple_agent_1> chose action UP in 0.00s.
2019-02-27 14:56:25,097 [BombeRLeWorld] INFO: STARTING STEP 25
2019-02-27 14:56:25,106 [BombeRLeWorld] INFO: Agent <agent> chose action WAIT in 0.00s.
2019-02-27 14:56:25,106 [BombeRLeWorld] INFO: Agent <simple_agent_0> chose action RIGHT in 0.00s.
2019-02-27 14:56:25,106 [BombeRLeWorld] INFO: Agent <simple_agent_2> chose action DOWN in 0.00s.
2019-02-27 14:56:25,106 [BombeRLeWorld] INFO: Agent <simple_agent_1> chose action BOMB in 0.00s.
2019-02-27 14:56:25,106 [BombeRLeWorld] INFO: Agent <simple_agent_1> drops bomb at (15, 10)
2019-02-27 14:56:25,202 [BombeRLeWorld] INFO: STARTING STEP 26
2019-02-27 14:56:25,209 [BombeRLeWorld] INFO: Agent <agent> chose action WAIT in 0.00s.
2019-02-27 14:56:25,209 [BombeRLeWorld] INFO: Agent <simple_agent_1> chose action DOWN in 0.00s.
2019-02-27 14:56:25,209 [BombeRLeWorld] INFO: Agent <simple_agent_2> chose action UP in 0.00s.
2019-02-27 14:56:25,209 [BombeRLeWorld] INFO: Agent <simple_agent_0> chose action RIGHT in 0.00s.
2019-02-27 14:56:25,303 [BombeRLeWorld] INFO: STARTING STEP 27
2019-02-27 14:56:25,309 [BombeRLeWorld] INFO: Agent <simple_agent_2> chose action DOWN in 0.00s.
2019-02-27 14:56:25,309 [BombeRLeWorld] INFO: Agent <simple_agent_1> chose action LEFT in 0.00s.
2019-02-27 14:56:25,309 [BombeRLeWorld] INFO: Agent <agent> chose action WAIT in 0.00s.
2019-02-27 14:56:25,309 [BombeRLeWorld] INFO: Agent <simple_agent_0> chose action RIGHT in 0.00s.
2019-02-27 14:56:25,410 [BombeRLeWorld] INFO: STARTING STEP 28
2019-02-27 14:56:25,416 [BombeRLeWorld] INFO: Agent <simple_agent_2> chose action UP in 0.00s.
2019-02-27 14:56:25,416 [BombeRLeWorld] INFO: Agent <agent> chose action WAIT in 0.00s.
2019-02-27 14:56:25,416 [BombeRLeWorld] INFO: Agent <simple_agent_0> chose action RIGHT in 0.00s.
2019-02-27 14:56:25,416 [BombeRLeWorld] INFO: Agent <simple_agent_1> chose action RIGHT in 0.00s.
2019-02-27 14:56:25,416 [BombeRLeWorld] INFO: Agent <simple_agent_0> picked up coin at (9, 15) and receives 1 point
2019-02-27 14:56:25,514 [BombeRLeWorld] INFO: STARTING STEP 29
2019-02-27 14:56:25,522 [BombeRLeWorld] INFO: Agent <simple_agent_2> chose action DOWN in 0.00s.
2019-02-27 14:56:25,522 [BombeRLeWorld] INFO: Agent <agent> chose action WAIT in 0.00s.
2019-02-27 14:56:25,522 [BombeRLeWorld] INFO: Agent <simple_agent_1> chose action LEFT in 0.00s.
2019-02-27 14:56:25,522 [BombeRLeWorld] INFO: Agent <simple_agent_0> chose action RIGHT in 0.00s.
2019-02-27 14:56:25,618 [BombeRLeWorld] INFO: STARTING STEP 30
2019-02-27 14:56:25,627 [BombeRLeWorld] INFO: Agent <simple_agent_1> chose action WAIT in 0.00s.
2019-02-27 14:56:25,627 [BombeRLeWorld] INFO: Agent <agent> chose action WAIT in 0.00s.
2019-02-27 14:56:25,627 [BombeRLeWorld] INFO: Agent <simple_agent_0> chose action RIGHT in 0.00s.
2019-02-27 14:56:25,627 [BombeRLeWorld] INFO: Agent <simple_agent_2> chose action UP in 0.00s.
2019-02-27 14:56:25,628 [BombeRLeWorld] INFO: Agent <simple_agent_1>'s bomb at (15, 10) explodes
2019-02-27 14:56:25,722 [BombeRLeWorld] INFO: STARTING STEP 31
2019-02-27 14:56:25,736 [BombeRLeWorld] INFO: Agent <simple_agent_1> chose action BOMB in 0.00s.
2019-02-27 14:56:25,736 [BombeRLeWorld] INFO: Agent <simple_agent_1> drops bomb at (14, 11)
2019-02-27 14:56:25,737 [BombeRLeWorld] INFO: Agent <simple_agent_2> chose action UP in 0.00s.
2019-02-27 14:56:25,737 [BombeRLeWorld] INFO: Agent <agent> chose action WAIT in 0.00s.
2019-02-27 14:56:25,737 [BombeRLeWorld] INFO: Agent <simple_agent_0> chose action UP in 0.00s.
2019-02-27 14:56:25,825 [BombeRLeWorld] INFO: STARTING STEP 32
2019-02-27 14:56:25,831 [BombeRLeWorld] INFO: Agent <simple_agent_1> chose action RIGHT in 0.00s.
2019-02-27 14:56:25,832 [BombeRLeWorld] INFO: Agent <simple_agent_0> chose action UP in 0.00s.
2019-02-27 14:56:25,832 [BombeRLeWorld] INFO: Agent <agent> chose action WAIT in 0.00s.
2019-02-27 14:56:25,832 [BombeRLeWorld] INFO: Agent <simple_agent_2> chose action UP in 0.00s.
2019-02-27 14:56:25,928 [BombeRLeWorld] INFO: STARTING STEP 33
2019-02-27 14:56:25,937 [BombeRLeWorld] INFO: Agent <simple_agent_0> chose action UP in 0.00s.
2019-02-27 14:56:25,938 [BombeRLeWorld] INFO: Agent <simple_agent_2> chose action UP in 0.00s.
2019-02-27 14:56:25,938 [BombeRLeWorld] INFO: Agent <simple_agent_1> chose action DOWN in 0.01s.
2019-02-27 14:56:25,938 [BombeRLeWorld] INFO: Agent <agent> chose action WAIT in 0.00s.
2019-02-27 14:56:25,938 [BombeRLeWorld] INFO: Agent <simple_agent_0> picked up coin at (11, 12) and receives 1 point
2019-02-27 14:56:26,030 [BombeRLeWorld] INFO: STARTING STEP 34
2019-02-27 14:56:26,044 [BombeRLeWorld] INFO: Agent <simple_agent_1> chose action DOWN in 0.01s.
2019-02-27 14:56:26,044 [BombeRLeWorld] INFO: Agent <simple_agent_0> chose action BOMB in 0.00s.
2019-02-27 14:56:26,045 [BombeRLeWorld] INFO: Agent <simple_agent_0> drops bomb at (11, 12)
2019-02-27 14:56:26,045 [BombeRLeWorld] INFO: Agent <simple_agent_2> chose action LEFT in 0.01s.
2019-02-27 14:56:26,045 [BombeRLeWorld] INFO: Agent <agent> chose action WAIT in 0.00s.
2019-02-27 14:56:26,139 [BombeRLeWorld] INFO: STARTING STEP 35
2019-02-27 14:56:26,150 [BombeRLeWorld] INFO: Agent <simple_agent_0> chose action DOWN in 0.01s.
2019-02-27 14:56:26,150 [BombeRLeWorld] INFO: Agent <agent> chose action WAIT in 0.00s.
2019-02-27 14:56:26,150 [BombeRLeWorld] INFO: Agent <simple_agent_2> chose action LEFT in 0.00s.
2019-02-27 14:56:26,150 [BombeRLeWorld] INFO: Agent <simple_agent_1> chose action UP in 0.01s.
2019-02-27 14:56:26,240 [BombeRLeWorld] INFO: STARTING STEP 36
2019-02-27 14:56:26,249 [BombeRLeWorld] INFO: Agent <simple_agent_2> chose action DOWN in 0.00s.
2019-02-27 14:56:26,249 [BombeRLeWorld] INFO: Agent <simple_agent_0> chose action RIGHT in 0.00s.
2019-02-27 14:56:26,249 [BombeRLeWorld] INFO: Agent <agent> chose action WAIT in 0.00s.
2019-02-27 14:56:26,249 [BombeRLeWorld] INFO: Agent <simple_agent_1> chose action DOWN in 0.00s.
2019-02-27 14:56:26,250 [BombeRLeWorld] INFO: Agent <simple_agent_1>'s bomb at (14, 11) explodes
2019-02-27 14:56:26,344 [BombeRLeWorld] INFO: STARTING STEP 37
2019-02-27 14:56:26,356 [BombeRLeWorld] INFO: Agent <simple_agent_0> chose action RIGHT in 0.00s.
2019-02-27 14:56:26,357 [BombeRLeWorld] INFO: Agent <simple_agent_2> chose action DOWN in 0.00s.
2019-02-27 14:56:26,357 [BombeRLeWorld] INFO: Agent <simple_agent_1> chose action UP in 0.01s.
2019-02-27 14:56:26,357 [BombeRLeWorld] INFO: Agent <agent> chose action WAIT in 0.00s.
2019-02-27 14:56:26,444 [BombeRLeWorld] INFO: STARTING STEP 38
2019-02-27 14:56:26,456 [BombeRLeWorld] INFO: Agent <simple_agent_0> chose action RIGHT in 0.00s.
2019-02-27 14:56:26,456 [BombeRLeWorld] INFO: Agent <simple_agent_1> chose action UP in 0.01s.
2019-02-27 14:56:26,456 [BombeRLeWorld] INFO: Agent <agent> chose action WAIT in 0.00s.
2019-02-27 14:56:26,456 [BombeRLeWorld] INFO: Agent <simple_agent_2> chose action DOWN in 0.00s.
2019-02-27 14:56:26,547 [BombeRLeWorld] INFO: STARTING STEP 39
2019-02-27 14:56:26,559 [BombeRLeWorld] INFO: Agent <simple_agent_0> chose action RIGHT in 0.00s.
2019-02-27 14:56:26,559 [BombeRLeWorld] INFO: Agent <simple_agent_1> chose action UP in 0.01s.
2019-02-27 14:56:26,560 [BombeRLeWorld] INFO: Agent <simple_agent_2> chose action DOWN in 0.00s.
2019-02-27 14:56:26,560 [BombeRLeWorld] INFO: Agent <agent> chose action WAIT in 0.00s.
2019-02-27 14:56:26,560 [BombeRLeWorld] INFO: Agent <simple_agent_2> picked up coin at (13, 7) and receives 1 point
2019-02-27 14:56:26,560 [BombeRLeWorld] INFO: Agent <simple_agent_0>'s bomb at (11, 12) explodes
2019-02-27 14:56:26,649 [BombeRLeWorld] INFO: STARTING STEP 40
2019-02-27 14:56:26,658 [BombeRLeWorld] INFO: Agent <simple_agent_1> chose action DOWN in 0.01s.
2019-02-27 14:56:26,658 [BombeRLeWorld] INFO: Agent <simple_agent_0> chose action UP in 0.01s.
2019-02-27 14:56:26,658 [BombeRLeWorld] INFO: Agent <agent> chose action WAIT in 0.00s.
2019-02-27 14:56:26,658 [BombeRLeWorld] INFO: Agent <simple_agent_2> chose action BOMB in 0.00s.
2019-02-27 14:56:26,658 [BombeRLeWorld] INFO: Agent <simple_agent_2> drops bomb at (13, 7)
2019-02-27 14:56:26,753 [BombeRLeWorld] INFO: STARTING STEP 41
2019-02-27 14:56:26,759 [BombeRLeWorld] INFO: Agent <simple_agent_1> chose action BOMB in 0.00s.
2019-02-27 14:56:26,759 [BombeRLeWorld] INFO: Agent <simple_agent_1> drops bomb at (15, 11)
2019-02-27 14:56:26,759 [BombeRLeWorld] INFO: Agent <simple_agent_0> chose action BOMB in 0.00s.
2019-02-27 14:56:26,759 [BombeRLeWorld] INFO: Agent <simple_agent_0> drops bomb at (15, 12)
2019-02-27 14:56:26,760 [BombeRLeWorld] INFO: Agent <agent> chose action WAIT in 0.00s.
2019-02-27 14:56:26,760 [BombeRLeWorld] INFO: Agent <simple_agent_2> chose action UP in 0.00s.
2019-02-27 14:56:26,856 [BombeRLeWorld] INFO: STARTING STEP 42
2019-02-27 14:56:26,864 [BombeRLeWorld] INFO: Agent <agent> chose action WAIT in 0.00s.
2019-02-27 14:56:26,864 [BombeRLeWorld] INFO: Agent <simple_agent_1> chose action UP in 0.00s.
2019-02-27 14:56:26,864 [BombeRLeWorld] INFO: Agent <simple_agent_2> chose action UP in 0.00s.
2019-02-27 14:56:26,865 [BombeRLeWorld] INFO: Agent <simple_agent_0> chose action DOWN in 0.00s.
2019-02-27 14:56:26,960 [BombeRLeWorld] INFO: STARTING STEP 43
2019-02-27 14:56:26,968 [BombeRLeWorld] INFO: Agent <agent> chose action WAIT in 0.00s.
2019-02-27 14:56:26,968 [BombeRLeWorld] INFO: Agent <simple_agent_1> chose action UP in 0.00s.
2019-02-27 14:56:26,969 [BombeRLeWorld] INFO: Agent <simple_agent_0> chose action LEFT in 0.00s.
2019-02-27 14:56:26,969 [BombeRLeWorld] INFO: Agent <simple_agent_2> chose action UP in 0.00s.
2019-02-27 14:56:27,062 [BombeRLeWorld] INFO: STARTING STEP 44
2019-02-27 14:56:27,070 [BombeRLeWorld] INFO: Agent <simple_agent_0> chose action RIGHT in 0.00s.
2019-02-27 14:56:27,070 [BombeRLeWorld] INFO: Agent <simple_agent_1> chose action UP in 0.00s.
2019-02-27 14:56:27,071 [BombeRLeWorld] INFO: Agent <simple_agent_2> chose action UP in 0.00s.
2019-02-27 14:56:27,071 [BombeRLeWorld] INFO: Agent <agent> chose action WAIT in 0.00s.
2019-02-27 14:56:27,166 [BombeRLeWorld] INFO: STARTING STEP 45
2019-02-27 14:56:27,174 [BombeRLeWorld] INFO: Agent <simple_agent_0> chose action LEFT in 0.00s.
2019-02-27 14:56:27,174 [BombeRLeWorld] INFO: Agent <simple_agent_2> chose action UP in 0.01s.
2019-02-27 14:56:27,175 [BombeRLeWorld] INFO: Agent <agent> chose action WAIT in 0.00s.
2019-02-27 14:56:27,175 [BombeRLeWorld] INFO: Agent <simple_agent_1> chose action DOWN in 0.01s.
2019-02-27 14:56:27,175 [BombeRLeWorld] INFO: Agent <simple_agent_2>'s bomb at (13, 7) explodes
2019-02-27 14:56:27,268 [BombeRLeWorld] INFO: STARTING STEP 46
2019-02-27 14:56:27,280 [BombeRLeWorld] INFO: Agent <simple_agent_0> chose action LEFT in 0.00s.
2019-02-27 14:56:27,280 [BombeRLeWorld] INFO: Agent <agent> chose action WAIT in 0.00s.
2019-02-27 14:56:27,281 [BombeRLeWorld] INFO: Agent <simple_agent_2> chose action UP in 0.00s.
2019-02-27 14:56:27,281 [BombeRLeWorld] INFO: Agent <simple_agent_1> chose action WAIT in 0.00s.
2019-02-27 14:56:27,281 [BombeRLeWorld] INFO: Agent <simple_agent_1>'s bomb at (15, 11) explodes
2019-02-27 14:56:27,281 [BombeRLeWorld] INFO: Agent <simple_agent_0>'s bomb at (15, 12) explodes
2019-02-27 14:56:27,282 [BombeRLeWorld] INFO: Agent <simple_agent_1> blown up by own bomb
2019-02-27 14:56:27,282 [BombeRLeWorld] INFO: Agent <simple_agent_1> blown up by agent <simple_agent_0>'s bomb
2019-02-27 14:56:27,282 [BombeRLeWorld] INFO: Agent <simple_agent_0> receives 1 point
2019-02-27 14:56:27,371 [BombeRLeWorld] INFO: STARTING STEP 47
2019-02-27 14:56:27,376 [BombeRLeWorld] INFO: Agent <simple_agent_0> chose action LEFT in 0.00s.
2019-02-27 14:56:27,376 [BombeRLeWorld] INFO: Agent <simple_agent_2> chose action LEFT in 0.00s.
2019-02-27 14:56:27,376 [BombeRLeWorld] INFO: Agent <agent> chose action WAIT in 0.00s.
2019-02-27 14:56:27,474 [BombeRLeWorld] INFO: STARTING STEP 48
2019-02-27 14:56:27,480 [BombeRLeWorld] INFO: Agent <simple_agent_2> chose action LEFT in 0.00s.
2019-02-27 14:56:27,481 [BombeRLeWorld] INFO: Agent <simple_agent_0> chose action LEFT in 0.00s.
2019-02-27 14:56:27,481 [BombeRLeWorld] INFO: Agent <agent> chose action WAIT in 0.00s.
2019-02-27 14:56:27,574 [BombeRLeWorld] INFO: STARTING STEP 49
2019-02-27 14:56:27,580 [BombeRLeWorld] INFO: Agent <simple_agent_0> chose action UP in 0.00s.
2019-02-27 14:56:27,581 [BombeRLeWorld] INFO: Agent <agent> chose action WAIT in 0.00s.
2019-02-27 14:56:27,581 [BombeRLeWorld] INFO: Agent <simple_agent_2> chose action LEFT in 0.00s.
2019-02-27 14:56:27,683 [BombeRLeWorld] INFO: STARTING STEP 50
2019-02-27 14:56:27,693 [BombeRLeWorld] INFO: Agent <simple_agent_0> chose action UP in 0.00s.
2019-02-27 14:56:27,694 [BombeRLeWorld] INFO: Agent <simple_agent_2> chose action BOMB in 0.00s.
2019-02-27 14:56:27,694 [BombeRLeWorld] INFO: Agent <simple_agent_2> drops bomb at (10, 1)
2019-02-27 14:56:27,694 [BombeRLeWorld] INFO: Agent <agent> chose action WAIT in 0.00s.
2019-02-27 14:56:27,787 [BombeRLeWorld] INFO: STARTING STEP 51
2019-02-27 14:56:27,793 [BombeRLeWorld] INFO: Agent <simple_agent_0> chose action UP in 0.00s.
2019-02-27 14:56:27,793 [BombeRLeWorld] INFO: Agent <agent> chose action WAIT in 0.00s.
2019-02-27 14:56:27,794 [BombeRLeWorld] INFO: Agent <simple_agent_2> chose action RIGHT in 0.00s.
2019-02-27 14:56:27,891 [BombeRLeWorld] INFO: STARTING STEP 52
2019-02-27 14:56:27,898 [BombeRLeWorld] INFO: Agent <simple_agent_0> chose action UP in 0.00s.
2019-02-27 14:56:27,898 [BombeRLeWorld] INFO: Agent <simple_agent_2> chose action RIGHT in 0.00s.
2019-02-27 14:56:27,898 [BombeRLeWorld] INFO: Agent <agent> chose action WAIT in 0.00s.
2019-02-27 14:56:27,995 [BombeRLeWorld] INFO: STARTING STEP 53
2019-02-27 14:56:28,001 [BombeRLeWorld] INFO: Agent <agent> chose action WAIT in 0.00s.
2019-02-27 14:56:28,001 [BombeRLeWorld] INFO: Agent <simple_agent_2> chose action RIGHT in 0.00s.
2019-02-27 14:56:28,001 [BombeRLeWorld] INFO: Agent <simple_agent_0> chose action BOMB in 0.00s.
2019-02-27 14:56:28,001 [BombeRLeWorld] INFO: Agent <simple_agent_0> drops bomb at (11, 9)
2019-02-27 14:56:28,097 [BombeRLeWorld] INFO: STARTING STEP 54
2019-02-27 14:56:28,105 [BombeRLeWorld] INFO: Agent <agent> chose action WAIT in 0.00s.
2019-02-27 14:56:28,105 [BombeRLeWorld] INFO: Agent <simple_agent_0> chose action DOWN in 0.01s.
2019-02-27 14:56:28,106 [BombeRLeWorld] INFO: Agent <simple_agent_2> chose action DOWN in 0.00s.
2019-02-27 14:56:28,201 [BombeRLeWorld] INFO: STARTING STEP 55
2019-02-27 14:56:28,210 [BombeRLeWorld] INFO: Agent <simple_agent_2> chose action DOWN in 0.00s.
2019-02-27 14:56:28,210 [BombeRLeWorld] INFO: Agent <agent> chose action WAIT in 0.00s.
2019-02-27 14:56:28,210 [BombeRLeWorld] INFO: Agent <simple_agent_0> chose action DOWN in 0.00s.
2019-02-27 14:56:28,210 [BombeRLeWorld] INFO: Agent <simple_agent_2>'s bomb at (10, 1) explodes
2019-02-27 14:56:28,302 [BombeRLeWorld] INFO: STARTING STEP 56
2019-02-27 14:56:28,311 [BombeRLeWorld] INFO: Agent <simple_agent_2> chose action DOWN in 0.00s.
2019-02-27 14:56:28,311 [BombeRLeWorld] INFO: Agent <simple_agent_0> chose action RIGHT in 0.00s.
2019-02-27 14:56:28,311 [BombeRLeWorld] INFO: Agent <agent> chose action WAIT in 0.00s.
2019-02-27 14:56:28,406 [BombeRLeWorld] INFO: STARTING STEP 57
2019-02-27 14:56:28,414 [BombeRLeWorld] INFO: Agent <simple_agent_0> chose action RIGHT in 0.00s.
2019-02-27 14:56:28,415 [BombeRLeWorld] INFO: Agent <simple_agent_2> chose action DOWN in 0.00s.
2019-02-27 14:56:28,415 [BombeRLeWorld] INFO: Agent <agent> chose action WAIT in 0.00s.
2019-02-27 14:56:28,509 [BombeRLeWorld] INFO: STARTING STEP 58
2019-02-27 14:56:28,514 [BombeRLeWorld] INFO: Agent <agent> chose action WAIT in 0.00s.
2019-02-27 14:56:28,515 [BombeRLeWorld] INFO: Agent <simple_agent_2> chose action DOWN in 0.00s.
2019-02-27 14:56:28,515 [BombeRLeWorld] INFO: Agent <simple_agent_0> chose action UP in 0.00s.
2019-02-27 14:56:28,515 [BombeRLeWorld] INFO: Agent <simple_agent_0>'s bomb at (11, 9) explodes
2019-02-27 14:56:28,611 [BombeRLeWorld] INFO: STARTING STEP 59
2019-02-27 14:56:28,616 [BombeRLeWorld] INFO: Agent <simple_agent_2> chose action DOWN in 0.00s.
2019-02-27 14:56:28,616 [BombeRLeWorld] INFO: Agent <simple_agent_0> chose action DOWN in 0.00s.
2019-02-27 14:56:28,616 [BombeRLeWorld] INFO: Agent <agent> chose action WAIT in 0.00s.
2019-02-27 14:56:28,716 [BombeRLeWorld] INFO: STARTING STEP 60
2019-02-27 14:56:28,722 [BombeRLeWorld] INFO: Agent <simple_agent_0> chose action UP in 0.00s.
2019-02-27 14:56:28,723 [BombeRLeWorld] INFO: Agent <agent> chose action WAIT in 0.00s.
2019-02-27 14:56:28,723 [BombeRLeWorld] INFO: Agent <simple_agent_2> chose action LEFT in 0.00s.
2019-02-27 14:56:28,819 [BombeRLeWorld] INFO: STARTING STEP 61
2019-02-27 14:56:28,830 [BombeRLeWorld] INFO: Agent <simple_agent_2> chose action LEFT in 0.00s.
2019-02-27 14:56:28,830 [BombeRLeWorld] INFO: Agent <agent> chose action WAIT in 0.00s.
2019-02-27 14:56:28,831 [BombeRLeWorld] INFO: Agent <simple_agent_0> chose action UP in 0.00s.
2019-02-27 14:56:28,920 [BombeRLeWorld] INFO: STARTING STEP 62
2019-02-27 14:56:28,925 [BombeRLeWorld] INFO: Agent <agent> chose action WAIT in 0.00s.
2019-02-27 14:56:28,925 [BombeRLeWorld] INFO: Agent <simple_agent_0> chose action LEFT in 0.00s.
2019-02-27 14:56:28,925 [BombeRLeWorld] INFO: Agent <simple_agent_2> chose action LEFT in 0.00s.
2019-02-27 14:56:29,024 [BombeRLeWorld] INFO: STARTING STEP 63
2019-02-27 14:56:29,030 [BombeRLeWorld] INFO: Agent <agent> chose action WAIT in 0.00s.
2019-02-27 14:56:29,031 [BombeRLeWorld] INFO: Agent <simple_agent_2> chose action BOMB in 0.00s.
2019-02-27 14:56:29,031 [BombeRLeWorld] INFO: Agent <simple_agent_2> drops bomb at (10, 7)
2019-02-27 14:56:29,031 [BombeRLeWorld] INFO: Agent <simple_agent_0> chose action LEFT in 0.00s.
2019-02-27 14:56:29,129 [BombeRLeWorld] INFO: STARTING STEP 64
2019-02-27 14:56:29,135 [BombeRLeWorld] INFO: Agent <simple_agent_2> chose action RIGHT in 0.00s.
2019-02-27 14:56:29,135 [BombeRLeWorld] INFO: Agent <simple_agent_0> chose action LEFT in 0.00s.
2019-02-27 14:56:29,135 [BombeRLeWorld] INFO: Agent <agent> chose action WAIT in 0.00s.
2019-02-27 14:56:29,234 [BombeRLeWorld] INFO: STARTING STEP 65
2019-02-27 14:56:29,240 [BombeRLeWorld] INFO: Agent <simple_agent_2> chose action DOWN in 0.00s.
2019-02-27 14:56:29,241 [BombeRLeWorld] INFO: Agent <simple_agent_0> chose action RIGHT in 0.00s.
2019-02-27 14:56:29,241 [BombeRLeWorld] INFO: Agent <agent> chose action WAIT in 0.00s.
2019-02-27 14:56:29,335 [BombeRLeWorld] INFO: STARTING STEP 66
2019-02-27 14:56:29,341 [BombeRLeWorld] INFO: Agent <agent> chose action WAIT in 0.00s.
2019-02-27 14:56:29,341 [BombeRLeWorld] INFO: Agent <simple_agent_2> chose action UP in 0.00s.
2019-02-27 14:56:29,341 [BombeRLeWorld] INFO: Agent <simple_agent_0> chose action LEFT in 0.00s.
2019-02-27 14:56:29,438 [BombeRLeWorld] INFO: STARTING STEP 67
2019-02-27 14:56:29,444 [BombeRLeWorld] INFO: Agent <agent> chose action WAIT in 0.00s.
2019-02-27 14:56:29,444 [BombeRLeWorld] INFO: Agent <simple_agent_2> chose action DOWN in 0.00s.
2019-02-27 14:56:29,444 [BombeRLeWorld] INFO: Agent <simple_agent_0> chose action RIGHT in 0.00s.
2019-02-27 14:56:29,541 [BombeRLeWorld] INFO: STARTING STEP 68
2019-02-27 14:56:29,547 [BombeRLeWorld] INFO: Agent <agent> chose action WAIT in 0.00s.
2019-02-27 14:56:29,548 [BombeRLeWorld] INFO: Agent <simple_agent_0> chose action DOWN in 0.00s.
2019-02-27 14:56:29,548 [BombeRLeWorld] INFO: Agent <simple_agent_2> chose action WAIT in 0.00s.
2019-02-27 14:56:29,548 [BombeRLeWorld] INFO: Agent <simple_agent_2>'s bomb at (10, 7) explodes
2019-02-27 14:56:29,644 [BombeRLeWorld] INFO: STARTING STEP 69
2019-02-27 14:56:29,649 [BombeRLeWorld] INFO: Agent <simple_agent_0> chose action UP in 0.00s.
2019-02-27 14:56:29,649 [BombeRLeWorld] INFO: Agent <simple_agent_2> chose action DOWN in 0.00s.
2019-02-27 14:56:29,649 [BombeRLeWorld] INFO: Agent <agent> chose action WAIT in 0.00s.
2019-02-27 14:56:29,747 [BombeRLeWorld] INFO: STARTING STEP 70
2019-02-27 14:56:29,753 [BombeRLeWorld] INFO: Agent <simple_agent_2> chose action BOMB in 0.00s.
2019-02-27 14:56:29,753 [BombeRLeWorld] INFO: Agent <simple_agent_2> drops bomb at (11, 8)
2019-02-27 14:56:29,754 [BombeRLeWorld] INFO: Agent <simple_agent_0> chose action LEFT in 0.00s.
2019-02-27 14:56:29,754 [BombeRLeWorld] INFO: Agent <agent> chose action WAIT in 0.00s.
2019-02-27 14:56:29,849 [BombeRLeWorld] INFO: STARTING STEP 71
2019-02-27 14:56:29,856 [BombeRLeWorld] INFO: Agent <simple_agent_0> chose action LEFT in 0.00s.
2019-02-27 14:56:29,856 [BombeRLeWorld] INFO: Agent <simple_agent_2> chose action DOWN in 0.00s.
2019-02-27 14:56:29,856 [BombeRLeWorld] INFO: Agent <agent> chose action WAIT in 0.00s.
2019-02-27 14:56:29,953 [BombeRLeWorld] INFO: STARTING STEP 72
2019-02-27 14:56:29,962 [BombeRLeWorld] INFO: Agent <simple_agent_0> chose action LEFT in 0.00s.
2019-02-27 14:56:29,963 [BombeRLeWorld] INFO: Agent <agent> chose action WAIT in 0.00s.
2019-02-27 14:56:29,963 [BombeRLeWorld] INFO: Agent <simple_agent_2> chose action RIGHT in 0.01s.
2019-02-27 14:56:30,056 [BombeRLeWorld] INFO: STARTING STEP 73
2019-02-27 14:56:30,062 [BombeRLeWorld] INFO: Agent <simple_agent_0> chose action BOMB in 0.00s.
2019-02-27 14:56:30,063 [BombeRLeWorld] INFO: Agent <simple_agent_0> drops bomb at (8, 9)
2019-02-27 14:56:30,063 [BombeRLeWorld] INFO: Agent <agent> chose action WAIT in 0.00s.
2019-02-27 14:56:30,063 [BombeRLeWorld] INFO: Agent <simple_agent_2> chose action LEFT in 0.00s.
2019-02-27 14:56:30,159 [BombeRLeWorld] INFO: STARTING STEP 74
2019-02-27 14:56:30,166 [BombeRLeWorld] INFO: Agent <agent> chose action WAIT in 0.00s.
2019-02-27 14:56:30,166 [BombeRLeWorld] INFO: Agent <simple_agent_0> chose action RIGHT in 0.00s.
2019-02-27 14:56:30,166 [BombeRLeWorld] INFO: Agent <simple_agent_2> chose action DOWN in 0.00s.
2019-02-27 14:56:30,262 [BombeRLeWorld] INFO: STARTING STEP 75
2019-02-27 14:56:30,269 [BombeRLeWorld] INFO: Agent <simple_agent_2> chose action WAIT in 0.00s.
2019-02-27 14:56:30,270 [BombeRLeWorld] INFO: Agent <agent> chose action WAIT in 0.00s.
2019-02-27 14:56:30,270 [BombeRLeWorld] INFO: Agent <simple_agent_0> chose action RIGHT in 0.00s.
2019-02-27 14:56:30,270 [BombeRLeWorld] INFO: Agent <simple_agent_2>'s bomb at (11, 8) explodes
2019-02-27 14:56:30,271 [BombeRLeWorld] INFO: Agent <simple_agent_2> blown up by own bomb
2019-02-27 14:56:30,367 [BombeRLeWorld] INFO: STARTING STEP 76
2019-02-27 14:56:30,373 [BombeRLeWorld] INFO: Agent <simple_agent_0> chose action LEFT in 0.00s.
2019-02-27 14:56:30,374 [BombeRLeWorld] INFO: Agent <agent> chose action WAIT in 0.00s.
2019-02-27 14:56:30,472 [BombeRLeWorld] INFO: STARTING STEP 77
2019-02-27 14:56:30,477 [BombeRLeWorld] INFO: Agent <agent> chose action WAIT in 0.00s.
2019-02-27 14:56:30,478 [BombeRLeWorld] INFO: Agent <simple_agent_0> chose action RIGHT in 0.00s.
2019-02-27 14:56:30,572 [BombeRLeWorld] INFO: STARTING STEP 78
2019-02-27 14:56:30,577 [BombeRLeWorld] INFO: Agent <agent> chose action WAIT in 0.00s.
2019-02-27 14:56:30,578 [BombeRLeWorld] INFO: Agent <simple_agent_0> chose action WAIT in 0.00s.
2019-02-27 14:56:30,578 [BombeRLeWorld] INFO: Agent <simple_agent_0>'s bomb at (8, 9) explodes
2019-02-27 14:56:30,578 [BombeRLeWorld] INFO: Agent <simple_agent_0> blown up by own bomb
2019-02-27 14:56:30,676 [BombeRLeWorld] INFO: STARTING STEP 79
2019-02-27 14:56:30,680 [BombeRLeWorld] INFO: Agent <agent> chose action WAIT in 0.00s.
2019-02-27 14:56:30,776 [BombeRLeWorld] INFO: STARTING STEP 80
2019-02-27 14:56:30,780 [BombeRLeWorld] INFO: Agent <agent> chose action WAIT in 0.00s.
2019-02-27 14:56:30,881 [BombeRLeWorld] INFO: STARTING STEP 81
2019-02-27 14:56:30,883 [BombeRLeWorld] INFO: Agent <agent> chose action WAIT in 0.00s.
2019-02-27 14:56:30,984 [BombeRLeWorld] INFO: STARTING STEP 82
2019-02-27 14:56:30,988 [BombeRLeWorld] INFO: Agent <agent> chose action WAIT in 0.00s.
2019-02-27 14:56:31,086 [BombeRLeWorld] INFO: STARTING STEP 83
2019-02-27 14:56:31,090 [BombeRLeWorld] INFO: Agent <agent> chose action WAIT in 0.00s.
2019-02-27 14:56:31,190 [BombeRLeWorld] INFO: STARTING STEP 84
2019-02-27 14:56:31,195 [BombeRLeWorld] INFO: Agent <agent> chose action WAIT in 0.00s.
2019-02-27 14:56:31,293 [BombeRLeWorld] INFO: STARTING STEP 85
2019-02-27 14:56:31,295 [BombeRLeWorld] INFO: Agent <agent> chose action WAIT in 0.00s.
2019-02-27 14:56:31,395 [BombeRLeWorld] INFO: STARTING STEP 86
2019-02-27 14:56:31,399 [BombeRLeWorld] INFO: Agent <agent> chose action WAIT in 0.00s.
2019-02-27 14:56:31,502 [BombeRLeWorld] INFO: STARTING STEP 87
2019-02-27 14:56:31,506 [BombeRLeWorld] INFO: Agent <agent> chose action WAIT in 0.00s.
2019-02-27 14:56:31,606 [BombeRLeWorld] INFO: STARTING STEP 88
2019-02-27 14:56:31,611 [BombeRLeWorld] INFO: Agent <agent> chose action WAIT in 0.00s.
2019-02-27 14:56:31,710 [BombeRLeWorld] INFO: STARTING STEP 89
2019-02-27 14:56:31,712 [BombeRLeWorld] INFO: Agent <agent> chose action WAIT in 0.00s.
2019-02-27 14:56:31,811 [BombeRLeWorld] INFO: STARTING STEP 90
2019-02-27 14:56:31,816 [BombeRLeWorld] INFO: Agent <agent> chose action WAIT in 0.00s.
2019-02-27 14:56:31,916 [BombeRLeWorld] INFO: STARTING STEP 91
2019-02-27 14:56:31,921 [BombeRLeWorld] INFO: Agent <agent> chose action WAIT in 0.00s.
2019-02-27 14:56:32,019 [BombeRLeWorld] INFO: STARTING STEP 92
2019-02-27 14:56:32,023 [BombeRLeWorld] INFO: Agent <agent> chose action WAIT in 0.00s.
2019-02-27 14:56:32,120 [BombeRLeWorld] INFO: STARTING STEP 93
2019-02-27 14:56:32,122 [BombeRLeWorld] INFO: Agent <agent> chose action WAIT in 0.00s.
2019-02-27 14:56:32,225 [BombeRLeWorld] INFO: STARTING STEP 94
2019-02-27 14:56:32,231 [BombeRLeWorld] INFO: Agent <agent> chose action WAIT in 0.00s.
2019-02-27 14:56:32,328 [BombeRLeWorld] INFO: STARTING STEP 95
2019-02-27 14:56:32,333 [BombeRLeWorld] INFO: Agent <agent> chose action WAIT in 0.00s.
2019-02-27 14:56:32,429 [BombeRLeWorld] INFO: STARTING STEP 96
2019-02-27 14:56:32,433 [BombeRLeWorld] INFO: Agent <agent> chose action WAIT in 0.00s.
2019-02-27 14:56:32,532 [BombeRLeWorld] INFO: STARTING STEP 97
2019-02-27 14:56:32,536 [BombeRLeWorld] INFO: Agent <agent> chose action WAIT in 0.00s.
2019-02-27 14:56:32,636 [BombeRLeWorld] INFO: STARTING STEP 98
2019-02-27 14:56:32,640 [BombeRLeWorld] INFO: Agent <agent> chose action WAIT in 0.00s.
2019-02-27 14:56:32,738 [BombeRLeWorld] INFO: STARTING STEP 99
2019-02-27 14:56:32,742 [BombeRLeWorld] INFO: Agent <agent> chose action WAIT in 0.00s.
2019-02-27 14:56:32,840 [BombeRLeWorld] INFO: STARTING STEP 100
2019-02-27 14:56:32,842 [BombeRLeWorld] INFO: Agent <agent> chose action WAIT in 0.00s.
2019-02-27 14:56:32,940 [BombeRLeWorld] INFO: STARTING STEP 101
2019-02-27 14:56:32,945 [BombeRLeWorld] INFO: Agent <agent> chose action WAIT in 0.00s.
2019-02-27 14:56:33,043 [BombeRLeWorld] INFO: STARTING STEP 102
2019-02-27 14:56:33,045 [BombeRLeWorld] INFO: Agent <agent> chose action WAIT in 0.00s.
2019-02-27 14:56:33,146 [BombeRLeWorld] INFO: STARTING STEP 103
2019-02-27 14:56:33,150 [BombeRLeWorld] INFO: Agent <agent> chose action WAIT in 0.00s.
2019-02-27 14:56:33,249 [BombeRLeWorld] INFO: STARTING STEP 104
2019-02-27 14:56:33,250 [BombeRLeWorld] INFO: Agent <agent> chose action WAIT in 0.00s.
2019-02-27 14:56:33,353 [BombeRLeWorld] INFO: STARTING STEP 105
2019-02-27 14:56:33,357 [BombeRLeWorld] INFO: Agent <agent> chose action WAIT in 0.00s.
2019-02-27 14:56:33,455 [BombeRLeWorld] INFO: STARTING STEP 106
2019-02-27 14:56:33,459 [BombeRLeWorld] INFO: Agent <agent> chose action WAIT in 0.00s.
2019-02-27 14:56:33,558 [BombeRLeWorld] INFO: STARTING STEP 107
2019-02-27 14:56:33,562 [BombeRLeWorld] INFO: Agent <agent> chose action WAIT in 0.00s.
2019-02-27 14:56:33,662 [BombeRLeWorld] INFO: STARTING STEP 108
2019-02-27 14:56:33,666 [BombeRLeWorld] INFO: Agent <agent> chose action WAIT in 0.00s.
2019-02-27 14:56:33,768 [BombeRLeWorld] INFO: STARTING STEP 109
2019-02-27 14:56:33,773 [BombeRLeWorld] INFO: Agent <agent> chose action WAIT in 0.00s.
2019-02-27 14:56:33,872 [BombeRLeWorld] INFO: STARTING STEP 110
2019-02-27 14:56:33,877 [BombeRLeWorld] INFO: Agent <agent> chose action WAIT in 0.00s.
2019-02-27 14:56:33,974 [BombeRLeWorld] INFO: STARTING STEP 111
2019-02-27 14:56:33,978 [BombeRLeWorld] INFO: Agent <agent> chose action WAIT in 0.00s.
2019-02-27 14:56:34,078 [BombeRLeWorld] INFO: STARTING STEP 112
2019-02-27 14:56:34,083 [BombeRLeWorld] INFO: Agent <agent> chose action WAIT in 0.00s.
2019-02-27 14:56:34,183 [BombeRLeWorld] INFO: STARTING STEP 113
2019-02-27 14:56:34,187 [BombeRLeWorld] INFO: Agent <agent> chose action WAIT in 0.00s.
2019-02-27 14:56:34,283 [BombeRLeWorld] INFO: STARTING STEP 114
2019-02-27 14:56:34,288 [BombeRLeWorld] INFO: Agent <agent> chose action WAIT in 0.00s.
2019-02-27 14:56:34,387 [BombeRLeWorld] INFO: STARTING STEP 115
2019-02-27 14:56:34,391 [BombeRLeWorld] INFO: Agent <agent> chose action WAIT in 0.00s.
2019-02-27 14:56:34,491 [BombeRLeWorld] INFO: STARTING STEP 116
2019-02-27 14:56:34,499 [BombeRLeWorld] INFO: Agent <agent> chose action WAIT in 0.00s.
2019-02-27 14:56:34,593 [BombeRLeWorld] INFO: STARTING STEP 117
2019-02-27 14:56:34,595 [BombeRLeWorld] INFO: Agent <agent> chose action WAIT in 0.00s.
2019-02-27 14:56:34,697 [BombeRLeWorld] INFO: STARTING STEP 118
2019-02-27 14:56:34,699 [BombeRLeWorld] INFO: Agent <agent> chose action WAIT in 0.00s.
2019-02-27 14:56:34,797 [BombeRLeWorld] INFO: STARTING STEP 119
2019-02-27 14:56:34,802 [BombeRLeWorld] INFO: Agent <agent> chose action WAIT in 0.00s.
2019-02-27 14:56:34,903 [BombeRLeWorld] INFO: STARTING STEP 120
2019-02-27 14:56:34,904 [BombeRLeWorld] INFO: Agent <agent> chose action WAIT in 0.00s.
2019-02-27 14:56:35,006 [BombeRLeWorld] INFO: STARTING STEP 121
2019-02-27 14:56:35,010 [BombeRLeWorld] INFO: Agent <agent> chose action WAIT in 0.00s.
2019-02-27 14:56:35,107 [BombeRLeWorld] INFO: STARTING STEP 122
2019-02-27 14:56:35,108 [BombeRLeWorld] INFO: Agent <agent> chose action WAIT in 0.00s.
2019-02-27 14:56:35,211 [BombeRLeWorld] INFO: STARTING STEP 123
2019-02-27 14:56:35,216 [BombeRLeWorld] INFO: Agent <agent> chose action WAIT in 0.00s.
2019-02-27 14:56:35,315 [BombeRLeWorld] INFO: STARTING STEP 124
2019-02-27 14:56:35,317 [BombeRLeWorld] INFO: Agent <agent> chose action WAIT in 0.00s.
2019-02-27 14:56:35,418 [BombeRLeWorld] INFO: STARTING STEP 125
2019-02-27 14:56:35,420 [BombeRLeWorld] INFO: Agent <agent> chose action WAIT in 0.00s.
2019-02-27 14:56:35,521 [BombeRLeWorld] INFO: STARTING STEP 126
2019-02-27 14:56:35,523 [BombeRLeWorld] INFO: Agent <agent> chose action WAIT in 0.00s.
2019-02-27 14:56:35,631 [BombeRLeWorld] INFO: STARTING STEP 127
2019-02-27 14:56:35,633 [BombeRLeWorld] INFO: Agent <agent> chose action WAIT in 0.00s.
2019-02-27 14:56:35,734 [BombeRLeWorld] INFO: STARTING STEP 128
2019-02-27 14:56:35,738 [BombeRLeWorld] INFO: Agent <agent> chose action WAIT in 0.00s.
2019-02-27 14:56:35,837 [BombeRLeWorld] INFO: STARTING STEP 129
2019-02-27 14:56:35,841 [BombeRLeWorld] INFO: Agent <agent> chose action WAIT in 0.00s.
2019-02-27 14:56:35,937 [BombeRLeWorld] INFO: STARTING STEP 130
2019-02-27 14:56:35,941 [BombeRLeWorld] INFO: Agent <agent> chose action WAIT in 0.00s.
2019-02-27 14:56:36,045 [BombeRLeWorld] INFO: STARTING STEP 131
2019-02-27 14:56:36,049 [BombeRLeWorld] INFO: Agent <agent> chose action WAIT in 0.00s.
2019-02-27 14:56:36,150 [BombeRLeWorld] INFO: STARTING STEP 132
2019-02-27 14:56:36,154 [BombeRLeWorld] INFO: Agent <agent> chose action WAIT in 0.00s.
2019-02-27 14:56:36,254 [BombeRLeWorld] INFO: STARTING STEP 133
2019-02-27 14:56:36,255 [BombeRLeWorld] INFO: Agent <agent> chose action WAIT in 0.00s.
2019-02-27 14:56:36,358 [BombeRLeWorld] INFO: STARTING STEP 134
2019-02-27 14:56:36,362 [BombeRLeWorld] INFO: Agent <agent> chose action WAIT in 0.00s.
2019-02-27 14:56:36,459 [BombeRLeWorld] INFO: STARTING STEP 135
2019-02-27 14:56:36,462 [BombeRLeWorld] INFO: Agent <agent> chose action WAIT in 0.00s.
2019-02-27 14:56:36,562 [BombeRLeWorld] INFO: STARTING STEP 136
2019-02-27 14:56:36,566 [BombeRLeWorld] INFO: Agent <agent> chose action WAIT in 0.00s.
2019-02-27 14:56:36,663 [BombeRLeWorld] INFO: STARTING STEP 137
2019-02-27 14:56:36,667 [BombeRLeWorld] INFO: Agent <agent> chose action WAIT in 0.00s.
2019-02-27 14:56:36,766 [BombeRLeWorld] INFO: STARTING STEP 138
2019-02-27 14:56:36,771 [BombeRLeWorld] INFO: Agent <agent> chose action WAIT in 0.00s.
2019-02-27 14:56:36,866 [BombeRLeWorld] INFO: STARTING STEP 139
2019-02-27 14:56:36,871 [BombeRLeWorld] INFO: Agent <agent> chose action WAIT in 0.00s.
2019-02-27 14:56:36,971 [BombeRLeWorld] INFO: STARTING STEP 140
2019-02-27 14:56:36,976 [BombeRLeWorld] INFO: Agent <agent> chose action WAIT in 0.00s.
2019-02-27 14:56:37,146 [BombeRLeWorld] INFO: STARTING STEP 141
2019-02-27 14:56:37,148 [BombeRLeWorld] INFO: Agent <agent> chose action WAIT in 0.00s.
2019-02-27 14:56:37,246 [BombeRLeWorld] INFO: WRAPPING UP ROUND #1
2019-02-27 14:56:37,247 [BombeRLeWorld] INFO: Agent <simple_agent_1> loses 1 point for being slowest (avg. 0.004s)
2019-02-27 14:56:37,249 [BombeRLeWorld] INFO: STARTING STEP 142
2019-02-27 14:56:37,250 [BombeRLeWorld] INFO: SHUT DOWN
