2019-03-23 14:25:10,366 [BombeRLeWorld] INFO: Initializing game world
2019-03-23 14:25:10,407 [BombeRLeWorld] INFO: Starting process for agent <qn_agent>
2019-03-23 14:25:10,669 [BombeRLeWorld] INFO: STARTING ROUND #1
2019-03-23 14:25:10,780 [BombeRLeWorld] INFO: STARTING STEP 1
2019-03-23 14:25:10,794 [BombeRLeWorld] INFO: Agent <qn_agent> chose action DOWN in 0.01s.
2019-03-23 14:25:10,884 [BombeRLeWorld] INFO: STARTING STEP 2
2019-03-23 14:25:10,905 [BombeRLeWorld] INFO: Agent <qn_agent> chose action DOWN in 0.01s.
2019-03-23 14:25:10,905 [BombeRLeWorld] INFO: Agent <qn_agent> picked up coin at (15, 3) and receives 1 point
2019-03-23 14:25:10,989 [BombeRLeWorld] INFO: STARTING STEP 3
2019-03-23 14:25:11,003 [BombeRLeWorld] INFO: Agent <qn_agent> chose action RIGHT in 0.01s.
2019-03-23 14:25:11,094 [BombeRLeWorld] INFO: STARTING STEP 4
2019-03-23 14:25:11,107 [BombeRLeWorld] INFO: Agent <qn_agent> chose action DOWN in 0.01s.
2019-03-23 14:25:11,198 [BombeRLeWorld] INFO: STARTING STEP 5
2019-03-23 14:25:11,208 [BombeRLeWorld] INFO: Agent <qn_agent> chose action LEFT in 0.01s.
2019-03-23 14:25:11,303 [BombeRLeWorld] INFO: STARTING STEP 6
2019-03-23 14:25:11,316 [BombeRLeWorld] INFO: Agent <qn_agent> chose action DOWN in 0.01s.
2019-03-23 14:25:11,407 [BombeRLeWorld] INFO: STARTING STEP 7
2019-03-23 14:25:11,420 [BombeRLeWorld] INFO: Agent <qn_agent> chose action DOWN in 0.01s.
2019-03-23 14:25:11,512 [BombeRLeWorld] INFO: STARTING STEP 8
2019-03-23 14:25:11,520 [BombeRLeWorld] INFO: Agent <qn_agent> chose action DOWN in 0.01s.
2019-03-23 14:25:11,617 [BombeRLeWorld] INFO: STARTING STEP 9
2019-03-23 14:25:11,628 [BombeRLeWorld] INFO: Agent <qn_agent> chose action DOWN in 0.01s.
2019-03-23 14:25:11,628 [BombeRLeWorld] INFO: Agent <qn_agent> picked up coin at (15, 8) and receives 1 point
2019-03-23 14:25:11,725 [BombeRLeWorld] INFO: STARTING STEP 10
2019-03-23 14:25:11,738 [BombeRLeWorld] INFO: Agent <qn_agent> chose action DOWN in 0.01s.
2019-03-23 14:25:11,830 [BombeRLeWorld] INFO: STARTING STEP 11
2019-03-23 14:25:11,850 [BombeRLeWorld] INFO: Agent <qn_agent> chose action DOWN in 0.01s.
2019-03-23 14:25:11,934 [BombeRLeWorld] INFO: STARTING STEP 12
2019-03-23 14:25:11,942 [BombeRLeWorld] INFO: Agent <qn_agent> chose action DOWN in 0.01s.
2019-03-23 14:25:12,039 [BombeRLeWorld] INFO: STARTING STEP 13
2019-03-23 14:25:12,051 [BombeRLeWorld] INFO: Agent <qn_agent> chose action DOWN in 0.01s.
2019-03-23 14:25:12,144 [BombeRLeWorld] INFO: STARTING STEP 14
2019-03-23 14:25:12,159 [BombeRLeWorld] INFO: Agent <qn_agent> chose action DOWN in 0.01s.
2019-03-23 14:25:12,249 [BombeRLeWorld] INFO: STARTING STEP 15
2019-03-23 14:25:12,263 [BombeRLeWorld] INFO: Agent <qn_agent> chose action DOWN in 0.01s.
2019-03-23 14:25:12,354 [BombeRLeWorld] INFO: STARTING STEP 16
2019-03-23 14:25:12,375 [BombeRLeWorld] INFO: Agent <qn_agent> chose action DOWN in 0.01s.
2019-03-23 14:25:12,459 [BombeRLeWorld] INFO: STARTING STEP 17
2019-03-23 14:25:12,471 [BombeRLeWorld] INFO: Agent <qn_agent> chose action LEFT in 0.01s.
2019-03-23 14:25:12,564 [BombeRLeWorld] INFO: STARTING STEP 18
2019-03-23 14:25:12,571 [BombeRLeWorld] INFO: Agent <qn_agent> chose action LEFT in 0.01s.
2019-03-23 14:25:12,572 [BombeRLeWorld] INFO: Agent <qn_agent> picked up coin at (13, 15) and receives 1 point
2019-03-23 14:25:12,668 [BombeRLeWorld] INFO: STARTING STEP 19
2019-03-23 14:25:12,681 [BombeRLeWorld] INFO: Agent <qn_agent> chose action LEFT in 0.01s.
2019-03-23 14:25:12,778 [BombeRLeWorld] INFO: STARTING STEP 20
2019-03-23 14:25:12,793 [BombeRLeWorld] INFO: Agent <qn_agent> chose action LEFT in 0.01s.
2019-03-23 14:25:12,883 [BombeRLeWorld] INFO: STARTING STEP 21
2019-03-23 14:25:12,891 [BombeRLeWorld] INFO: Agent <qn_agent> chose action LEFT in 0.01s.
2019-03-23 14:25:12,988 [BombeRLeWorld] INFO: STARTING STEP 22
2019-03-23 14:25:13,000 [BombeRLeWorld] INFO: Agent <qn_agent> chose action LEFT in 0.01s.
2019-03-23 14:25:13,095 [BombeRLeWorld] INFO: STARTING STEP 23
2019-03-23 14:25:13,108 [BombeRLeWorld] INFO: Agent <qn_agent> chose action LEFT in 0.01s.
2019-03-23 14:25:13,199 [BombeRLeWorld] INFO: STARTING STEP 24
2019-03-23 14:25:13,207 [BombeRLeWorld] INFO: Agent <qn_agent> chose action LEFT in 0.01s.
2019-03-23 14:25:13,303 [BombeRLeWorld] INFO: STARTING STEP 25
2019-03-23 14:25:13,317 [BombeRLeWorld] INFO: Agent <qn_agent> chose action LEFT in 0.01s.
2019-03-23 14:25:13,407 [BombeRLeWorld] INFO: STARTING STEP 26
2019-03-23 14:25:13,419 [BombeRLeWorld] INFO: Agent <qn_agent> chose action LEFT in 0.01s.
2019-03-23 14:25:13,512 [BombeRLeWorld] INFO: STARTING STEP 27
2019-03-23 14:25:13,524 [BombeRLeWorld] INFO: Agent <qn_agent> chose action UP in 0.01s.
2019-03-23 14:25:13,616 [BombeRLeWorld] INFO: STARTING STEP 28
2019-03-23 14:25:13,630 [BombeRLeWorld] INFO: Agent <qn_agent> chose action UP in 0.01s.
2019-03-23 14:25:13,719 [BombeRLeWorld] INFO: STARTING STEP 29
2019-03-23 14:25:13,737 [BombeRLeWorld] INFO: Agent <qn_agent> chose action LEFT in 0.01s.
2019-03-23 14:25:13,824 [BombeRLeWorld] INFO: STARTING STEP 30
2019-03-23 14:25:13,837 [BombeRLeWorld] INFO: Agent <qn_agent> chose action LEFT in 0.01s.
2019-03-23 14:25:13,928 [BombeRLeWorld] INFO: STARTING STEP 31
2019-03-23 14:25:13,936 [BombeRLeWorld] INFO: Agent <qn_agent> chose action UP in 0.01s.
2019-03-23 14:25:13,936 [BombeRLeWorld] INFO: Agent <qn_agent> picked up coin at (3, 12) and receives 1 point
2019-03-23 14:25:14,033 [BombeRLeWorld] INFO: STARTING STEP 32
2019-03-23 14:25:14,040 [BombeRLeWorld] INFO: Agent <qn_agent> chose action WAIT in 0.01s.
2019-03-23 14:25:14,139 [BombeRLeWorld] INFO: STARTING STEP 33
2019-03-23 14:25:14,151 [BombeRLeWorld] INFO: Agent <qn_agent> chose action WAIT in 0.01s.
2019-03-23 14:25:14,244 [BombeRLeWorld] INFO: STARTING STEP 34
2019-03-23 14:25:14,263 [BombeRLeWorld] INFO: Agent <qn_agent> chose action DOWN in 0.01s.
2019-03-23 14:25:14,347 [BombeRLeWorld] INFO: STARTING STEP 35
2019-03-23 14:25:14,360 [BombeRLeWorld] INFO: Agent <qn_agent> chose action LEFT in 0.01s.
2019-03-23 14:25:14,451 [BombeRLeWorld] INFO: STARTING STEP 36
2019-03-23 14:25:14,461 [BombeRLeWorld] INFO: Agent <qn_agent> chose action LEFT in 0.01s.
2019-03-23 14:25:14,556 [BombeRLeWorld] INFO: STARTING STEP 37
2019-03-23 14:25:14,571 [BombeRLeWorld] INFO: Agent <qn_agent> chose action DOWN in 0.01s.
2019-03-23 14:25:14,661 [BombeRLeWorld] INFO: STARTING STEP 38
2019-03-23 14:25:14,673 [BombeRLeWorld] INFO: Agent <qn_agent> chose action DOWN in 0.01s.
2019-03-23 14:25:14,766 [BombeRLeWorld] INFO: STARTING STEP 39
2019-03-23 14:25:14,783 [BombeRLeWorld] INFO: Agent <qn_agent> chose action UP in 0.01s.
2019-03-23 14:25:14,870 [BombeRLeWorld] INFO: STARTING STEP 40
2019-03-23 14:25:14,882 [BombeRLeWorld] INFO: Agent <qn_agent> chose action DOWN in 0.01s.
2019-03-23 14:25:14,975 [BombeRLeWorld] INFO: STARTING STEP 41
2019-03-23 14:25:14,982 [BombeRLeWorld] INFO: Agent <qn_agent> chose action UP in 0.01s.
2019-03-23 14:25:15,080 [BombeRLeWorld] INFO: STARTING STEP 42
2019-03-23 14:25:15,092 [BombeRLeWorld] INFO: Agent <qn_agent> chose action DOWN in 0.01s.
2019-03-23 14:25:15,184 [BombeRLeWorld] INFO: STARTING STEP 43
2019-03-23 14:25:15,202 [BombeRLeWorld] INFO: Agent <qn_agent> chose action UP in 0.01s.
2019-03-23 14:25:15,288 [BombeRLeWorld] INFO: STARTING STEP 44
2019-03-23 14:25:15,300 [BombeRLeWorld] INFO: Agent <qn_agent> chose action DOWN in 0.01s.
2019-03-23 14:25:15,393 [BombeRLeWorld] INFO: STARTING STEP 45
2019-03-23 14:25:15,401 [BombeRLeWorld] INFO: Agent <qn_agent> chose action DOWN in 0.01s.
2019-03-23 14:25:15,496 [BombeRLeWorld] INFO: STARTING STEP 46
2019-03-23 14:25:15,506 [BombeRLeWorld] INFO: Agent <qn_agent> chose action UP in 0.01s.
2019-03-23 14:25:15,599 [BombeRLeWorld] INFO: STARTING STEP 47
2019-03-23 14:25:15,611 [BombeRLeWorld] INFO: Agent <qn_agent> chose action DOWN in 0.01s.
2019-03-23 14:25:15,703 [BombeRLeWorld] INFO: STARTING STEP 48
2019-03-23 14:25:15,718 [BombeRLeWorld] INFO: Agent <qn_agent> chose action UP in 0.01s.
2019-03-23 14:25:15,808 [BombeRLeWorld] INFO: STARTING STEP 49
2019-03-23 14:25:15,816 [BombeRLeWorld] INFO: Agent <qn_agent> chose action UP in 0.01s.
2019-03-23 14:25:15,913 [BombeRLeWorld] INFO: STARTING STEP 50
2019-03-23 14:25:15,925 [BombeRLeWorld] INFO: Agent <qn_agent> chose action DOWN in 0.01s.
2019-03-23 14:25:16,018 [BombeRLeWorld] INFO: STARTING STEP 51
2019-03-23 14:25:16,030 [BombeRLeWorld] INFO: Agent <qn_agent> chose action DOWN in 0.01s.
2019-03-23 14:25:16,123 [BombeRLeWorld] INFO: STARTING STEP 52
2019-03-23 14:25:16,135 [BombeRLeWorld] INFO: Agent <qn_agent> chose action UP in 0.01s.
2019-03-23 14:25:16,228 [BombeRLeWorld] INFO: STARTING STEP 53
2019-03-23 14:25:16,240 [BombeRLeWorld] INFO: Agent <qn_agent> chose action DOWN in 0.01s.
2019-03-23 14:25:16,333 [BombeRLeWorld] INFO: STARTING STEP 54
2019-03-23 14:25:16,344 [BombeRLeWorld] INFO: Agent <qn_agent> chose action UP in 0.01s.
2019-03-23 14:25:16,438 [BombeRLeWorld] INFO: STARTING STEP 55
2019-03-23 14:25:16,446 [BombeRLeWorld] INFO: Agent <qn_agent> chose action DOWN in 0.01s.
2019-03-23 14:25:16,542 [BombeRLeWorld] INFO: STARTING STEP 56
2019-03-23 14:25:16,555 [BombeRLeWorld] INFO: Agent <qn_agent> chose action UP in 0.01s.
2019-03-23 14:25:16,646 [BombeRLeWorld] INFO: STARTING STEP 57
2019-03-23 14:25:16,665 [BombeRLeWorld] INFO: Agent <qn_agent> chose action UP in 0.01s.
2019-03-23 14:25:16,750 [BombeRLeWorld] INFO: STARTING STEP 58
2019-03-23 14:25:16,758 [BombeRLeWorld] INFO: Agent <qn_agent> chose action DOWN in 0.01s.
2019-03-23 14:25:16,854 [BombeRLeWorld] INFO: STARTING STEP 59
2019-03-23 14:25:16,866 [BombeRLeWorld] INFO: Agent <qn_agent> chose action DOWN in 0.01s.
2019-03-23 14:25:16,959 [BombeRLeWorld] INFO: STARTING STEP 60
2019-03-23 14:25:16,972 [BombeRLeWorld] INFO: Agent <qn_agent> chose action UP in 0.01s.
2019-03-23 14:25:17,064 [BombeRLeWorld] INFO: STARTING STEP 61
2019-03-23 14:25:17,077 [BombeRLeWorld] INFO: Agent <qn_agent> chose action DOWN in 0.01s.
2019-03-23 14:25:17,168 [BombeRLeWorld] INFO: STARTING STEP 62
2019-03-23 14:25:17,175 [BombeRLeWorld] INFO: Agent <qn_agent> chose action UP in 0.01s.
2019-03-23 14:25:17,272 [BombeRLeWorld] INFO: STARTING STEP 63
2019-03-23 14:25:17,281 [BombeRLeWorld] INFO: Agent <qn_agent> chose action DOWN in 0.01s.
2019-03-23 14:25:17,377 [BombeRLeWorld] INFO: STARTING STEP 64
2019-03-23 14:25:17,389 [BombeRLeWorld] INFO: Agent <qn_agent> chose action UP in 0.01s.
2019-03-23 14:25:17,481 [BombeRLeWorld] INFO: STARTING STEP 65
2019-03-23 14:25:17,494 [BombeRLeWorld] INFO: Agent <qn_agent> chose action DOWN in 0.01s.
2019-03-23 14:25:17,586 [BombeRLeWorld] INFO: STARTING STEP 66
2019-03-23 14:25:17,606 [BombeRLeWorld] INFO: Agent <qn_agent> chose action UP in 0.01s.
2019-03-23 14:25:17,691 [BombeRLeWorld] INFO: STARTING STEP 67
2019-03-23 14:25:17,699 [BombeRLeWorld] INFO: Agent <qn_agent> chose action DOWN in 0.01s.
2019-03-23 14:25:17,795 [BombeRLeWorld] INFO: STARTING STEP 68
2019-03-23 14:25:17,802 [BombeRLeWorld] INFO: Agent <qn_agent> chose action UP in 0.01s.
2019-03-23 14:25:17,900 [BombeRLeWorld] INFO: STARTING STEP 69
2019-03-23 14:25:17,917 [BombeRLeWorld] INFO: Agent <qn_agent> chose action DOWN in 0.01s.
2019-03-23 14:25:18,004 [BombeRLeWorld] INFO: STARTING STEP 70
2019-03-23 14:25:18,018 [BombeRLeWorld] INFO: Agent <qn_agent> chose action UP in 0.01s.
2019-03-23 14:25:18,108 [BombeRLeWorld] INFO: STARTING STEP 71
2019-03-23 14:25:18,116 [BombeRLeWorld] INFO: Agent <qn_agent> chose action DOWN in 0.01s.
2019-03-23 14:25:18,212 [BombeRLeWorld] INFO: STARTING STEP 72
2019-03-23 14:25:18,224 [BombeRLeWorld] INFO: Agent <qn_agent> chose action UP in 0.01s.
2019-03-23 14:25:18,319 [BombeRLeWorld] INFO: STARTING STEP 73
2019-03-23 14:25:18,327 [BombeRLeWorld] INFO: Agent <qn_agent> chose action DOWN in 0.01s.
2019-03-23 14:25:18,424 [BombeRLeWorld] INFO: STARTING STEP 74
2019-03-23 14:25:18,437 [BombeRLeWorld] INFO: Agent <qn_agent> chose action UP in 0.01s.
2019-03-23 14:25:18,529 [BombeRLeWorld] INFO: STARTING STEP 75
2019-03-23 14:25:18,542 [BombeRLeWorld] INFO: Agent <qn_agent> chose action DOWN in 0.01s.
2019-03-23 14:25:18,630 [BombeRLeWorld] INFO: STARTING STEP 76
2019-03-23 14:25:18,641 [BombeRLeWorld] INFO: Agent <qn_agent> chose action UP in 0.01s.
2019-03-23 14:25:18,736 [BombeRLeWorld] INFO: STARTING STEP 77
2019-03-23 14:25:18,743 [BombeRLeWorld] INFO: Agent <qn_agent> chose action DOWN in 0.01s.
2019-03-23 14:25:18,840 [BombeRLeWorld] INFO: STARTING STEP 78
2019-03-23 14:25:18,854 [BombeRLeWorld] INFO: Agent <qn_agent> chose action UP in 0.01s.
2019-03-23 14:25:18,945 [BombeRLeWorld] INFO: STARTING STEP 79
2019-03-23 14:25:18,953 [BombeRLeWorld] INFO: Agent <qn_agent> chose action DOWN in 0.01s.
2019-03-23 14:25:19,050 [BombeRLeWorld] INFO: STARTING STEP 80
2019-03-23 14:25:19,057 [BombeRLeWorld] INFO: Agent <qn_agent> chose action UP in 0.01s.
2019-03-23 14:25:19,154 [BombeRLeWorld] INFO: STARTING STEP 81
2019-03-23 14:25:19,162 [BombeRLeWorld] INFO: Agent <qn_agent> chose action DOWN in 0.01s.
2019-03-23 14:25:19,259 [BombeRLeWorld] INFO: STARTING STEP 82
2019-03-23 14:25:19,272 [BombeRLeWorld] INFO: Agent <qn_agent> chose action UP in 0.01s.
2019-03-23 14:25:19,364 [BombeRLeWorld] INFO: STARTING STEP 83
2019-03-23 14:25:19,394 [BombeRLeWorld] INFO: Agent <qn_agent> chose action DOWN in 0.01s.
2019-03-23 14:25:19,468 [BombeRLeWorld] INFO: STARTING STEP 84
2019-03-23 14:25:19,482 [BombeRLeWorld] INFO: Agent <qn_agent> chose action UP in 0.01s.
2019-03-23 14:25:19,572 [BombeRLeWorld] INFO: STARTING STEP 85
2019-03-23 14:25:19,580 [BombeRLeWorld] INFO: Agent <qn_agent> chose action DOWN in 0.01s.
2019-03-23 14:25:19,677 [BombeRLeWorld] INFO: STARTING STEP 86
2019-03-23 14:25:19,688 [BombeRLeWorld] INFO: Agent <qn_agent> chose action UP in 0.01s.
2019-03-23 14:25:19,786 [BombeRLeWorld] INFO: STARTING STEP 87
2019-03-23 14:25:19,800 [BombeRLeWorld] INFO: Agent <qn_agent> chose action DOWN in 0.01s.
2019-03-23 14:25:19,891 [BombeRLeWorld] INFO: STARTING STEP 88
2019-03-23 14:25:19,904 [BombeRLeWorld] INFO: Agent <qn_agent> chose action UP in 0.01s.
2019-03-23 14:25:19,994 [BombeRLeWorld] INFO: STARTING STEP 89
2019-03-23 14:25:20,011 [BombeRLeWorld] INFO: Agent <qn_agent> chose action DOWN in 0.01s.
2019-03-23 14:25:20,098 [BombeRLeWorld] INFO: STARTING STEP 90
2019-03-23 14:25:20,111 [BombeRLeWorld] INFO: Agent <qn_agent> chose action DOWN in 0.01s.
2019-03-23 14:25:20,202 [BombeRLeWorld] INFO: STARTING STEP 91
2019-03-23 14:25:20,210 [BombeRLeWorld] INFO: Agent <qn_agent> chose action UP in 0.01s.
2019-03-23 14:25:20,307 [BombeRLeWorld] INFO: STARTING STEP 92
2019-03-23 14:25:20,320 [BombeRLeWorld] INFO: Agent <qn_agent> chose action DOWN in 0.01s.
2019-03-23 14:25:20,412 [BombeRLeWorld] INFO: STARTING STEP 93
2019-03-23 14:25:20,425 [BombeRLeWorld] INFO: Agent <qn_agent> chose action UP in 0.01s.
2019-03-23 14:25:20,517 [BombeRLeWorld] INFO: STARTING STEP 94
2019-03-23 14:25:20,528 [BombeRLeWorld] INFO: Agent <qn_agent> chose action DOWN in 0.01s.
2019-03-23 14:25:20,621 [BombeRLeWorld] INFO: STARTING STEP 95
2019-03-23 14:25:20,628 [BombeRLeWorld] INFO: Agent <qn_agent> chose action UP in 0.01s.
2019-03-23 14:25:20,730 [BombeRLeWorld] INFO: STARTING STEP 96
2019-03-23 14:25:20,742 [BombeRLeWorld] INFO: Agent <qn_agent> chose action DOWN in 0.01s.
2019-03-23 14:25:20,835 [BombeRLeWorld] INFO: STARTING STEP 97
2019-03-23 14:25:20,848 [BombeRLeWorld] INFO: Agent <qn_agent> chose action BOMB in 0.01s.
2019-03-23 14:25:20,848 [BombeRLeWorld] INFO: Agent <qn_agent> drops bomb at (1, 15)
2019-03-23 14:25:20,940 [BombeRLeWorld] INFO: STARTING STEP 98
2019-03-23 14:25:20,959 [BombeRLeWorld] INFO: Agent <qn_agent> chose action UP in 0.01s.
2019-03-23 14:25:21,044 [BombeRLeWorld] INFO: STARTING STEP 99
2019-03-23 14:25:21,058 [BombeRLeWorld] INFO: Agent <qn_agent> chose action UP in 0.01s.
2019-03-23 14:25:21,148 [BombeRLeWorld] INFO: STARTING STEP 100
2019-03-23 14:25:21,160 [BombeRLeWorld] INFO: Agent <qn_agent> chose action UP in 0.01s.
2019-03-23 14:25:21,253 [BombeRLeWorld] INFO: STARTING STEP 101
2019-03-23 14:25:21,267 [BombeRLeWorld] INFO: Agent <qn_agent> chose action UP in 0.01s.
2019-03-23 14:25:21,357 [BombeRLeWorld] INFO: STARTING STEP 102
2019-03-23 14:25:21,369 [BombeRLeWorld] INFO: Agent <qn_agent> chose action WAIT in 0.01s.
2019-03-23 14:25:21,370 [BombeRLeWorld] INFO: Agent <qn_agent>'s bomb at (1, 15) explodes
2019-03-23 14:25:21,462 [BombeRLeWorld] INFO: STARTING STEP 103
2019-03-23 14:25:21,476 [BombeRLeWorld] INFO: Agent <qn_agent> chose action UP in 0.01s.
2019-03-23 14:25:21,567 [BombeRLeWorld] INFO: STARTING STEP 104
2019-03-23 14:25:21,575 [BombeRLeWorld] INFO: Agent <qn_agent> chose action DOWN in 0.01s.
2019-03-23 14:25:21,671 [BombeRLeWorld] INFO: STARTING STEP 105
2019-03-23 14:25:21,678 [BombeRLeWorld] INFO: Agent <qn_agent> chose action UP in 0.01s.
2019-03-23 14:25:21,776 [BombeRLeWorld] INFO: STARTING STEP 106
2019-03-23 14:25:21,794 [BombeRLeWorld] INFO: Agent <qn_agent> chose action WAIT in 0.01s.
2019-03-23 14:25:21,880 [BombeRLeWorld] INFO: STARTING STEP 107
2019-03-23 14:25:21,893 [BombeRLeWorld] INFO: Agent <qn_agent> chose action WAIT in 0.01s.
2019-03-23 14:25:21,984 [BombeRLeWorld] INFO: STARTING STEP 108
2019-03-23 14:25:21,992 [BombeRLeWorld] INFO: Agent <qn_agent> chose action WAIT in 0.01s.
2019-03-23 14:25:22,089 [BombeRLeWorld] INFO: STARTING STEP 109
2019-03-23 14:25:22,100 [BombeRLeWorld] INFO: Agent <qn_agent> chose action LEFT in 0.01s.
2019-03-23 14:25:22,193 [BombeRLeWorld] INFO: STARTING STEP 110
2019-03-23 14:25:22,209 [BombeRLeWorld] INFO: Agent <qn_agent> chose action RIGHT in 0.01s.
2019-03-23 14:25:22,298 [BombeRLeWorld] INFO: STARTING STEP 111
2019-03-23 14:25:22,306 [BombeRLeWorld] INFO: Agent <qn_agent> chose action WAIT in 0.01s.
2019-03-23 14:25:22,402 [BombeRLeWorld] INFO: STARTING STEP 112
2019-03-23 14:25:22,423 [BombeRLeWorld] INFO: Agent <qn_agent> chose action WAIT in 0.01s.
2019-03-23 14:25:22,507 [BombeRLeWorld] INFO: STARTING STEP 113
2019-03-23 14:25:22,515 [BombeRLeWorld] INFO: Agent <qn_agent> chose action WAIT in 0.01s.
2019-03-23 14:25:22,611 [BombeRLeWorld] INFO: STARTING STEP 114
2019-03-23 14:25:22,619 [BombeRLeWorld] INFO: Agent <qn_agent> chose action WAIT in 0.01s.
2019-03-23 14:25:22,716 [BombeRLeWorld] INFO: STARTING STEP 115
2019-03-23 14:25:22,725 [BombeRLeWorld] INFO: Agent <qn_agent> chose action WAIT in 0.01s.
2019-03-23 14:25:22,821 [BombeRLeWorld] INFO: STARTING STEP 116
2019-03-23 14:25:22,834 [BombeRLeWorld] INFO: Agent <qn_agent> chose action WAIT in 0.01s.
2019-03-23 14:25:22,925 [BombeRLeWorld] INFO: STARTING STEP 117
2019-03-23 14:25:22,933 [BombeRLeWorld] INFO: Agent <qn_agent> chose action WAIT in 0.01s.
2019-03-23 14:25:23,029 [BombeRLeWorld] INFO: STARTING STEP 118
2019-03-23 14:25:23,041 [BombeRLeWorld] INFO: Agent <qn_agent> chose action WAIT in 0.01s.
2019-03-23 14:25:23,134 [BombeRLeWorld] INFO: STARTING STEP 119
2019-03-23 14:25:23,145 [BombeRLeWorld] INFO: Agent <qn_agent> chose action WAIT in 0.01s.
2019-03-23 14:25:23,239 [BombeRLeWorld] INFO: STARTING STEP 120
2019-03-23 14:25:23,252 [BombeRLeWorld] INFO: Agent <qn_agent> chose action WAIT in 0.01s.
2019-03-23 14:25:23,344 [BombeRLeWorld] INFO: STARTING STEP 121
2019-03-23 14:25:23,362 [BombeRLeWorld] INFO: Agent <qn_agent> chose action WAIT in 0.01s.
2019-03-23 14:25:23,449 [BombeRLeWorld] INFO: STARTING STEP 122
2019-03-23 14:25:23,463 [BombeRLeWorld] INFO: Agent <qn_agent> chose action WAIT in 0.01s.
2019-03-23 14:25:23,553 [BombeRLeWorld] INFO: STARTING STEP 123
2019-03-23 14:25:23,566 [BombeRLeWorld] INFO: Agent <qn_agent> chose action WAIT in 0.01s.
2019-03-23 14:25:23,658 [BombeRLeWorld] INFO: STARTING STEP 124
2019-03-23 14:25:23,670 [BombeRLeWorld] INFO: Agent <qn_agent> chose action WAIT in 0.01s.
2019-03-23 14:25:23,762 [BombeRLeWorld] INFO: STARTING STEP 125
2019-03-23 14:25:23,775 [BombeRLeWorld] INFO: Agent <qn_agent> chose action WAIT in 0.01s.
2019-03-23 14:25:23,867 [BombeRLeWorld] INFO: STARTING STEP 126
2019-03-23 14:25:23,880 [BombeRLeWorld] INFO: Agent <qn_agent> chose action WAIT in 0.01s.
2019-03-23 14:25:23,972 [BombeRLeWorld] INFO: STARTING STEP 127
2019-03-23 14:25:23,980 [BombeRLeWorld] INFO: Agent <qn_agent> chose action WAIT in 0.01s.
2019-03-23 14:25:24,077 [BombeRLeWorld] INFO: STARTING STEP 128
2019-03-23 14:25:24,084 [BombeRLeWorld] INFO: Agent <qn_agent> chose action LEFT in 0.01s.
2019-03-23 14:25:24,181 [BombeRLeWorld] INFO: STARTING STEP 129
2019-03-23 14:25:24,195 [BombeRLeWorld] INFO: Agent <qn_agent> chose action LEFT in 0.01s.
2019-03-23 14:25:24,285 [BombeRLeWorld] INFO: STARTING STEP 130
2019-03-23 14:25:24,304 [BombeRLeWorld] INFO: Agent <qn_agent> chose action WAIT in 0.02s.
2019-03-23 14:25:24,389 [BombeRLeWorld] INFO: STARTING STEP 131
2019-03-23 14:25:24,401 [BombeRLeWorld] INFO: Agent <qn_agent> chose action WAIT in 0.01s.
2019-03-23 14:25:24,494 [BombeRLeWorld] INFO: STARTING STEP 132
2019-03-23 14:25:24,501 [BombeRLeWorld] INFO: Agent <qn_agent> chose action WAIT in 0.01s.
2019-03-23 14:25:24,598 [BombeRLeWorld] INFO: STARTING STEP 133
2019-03-23 14:25:24,613 [BombeRLeWorld] INFO: Agent <qn_agent> chose action LEFT in 0.01s.
2019-03-23 14:25:24,703 [BombeRLeWorld] INFO: STARTING STEP 134
2019-03-23 14:25:24,715 [BombeRLeWorld] INFO: Agent <qn_agent> chose action WAIT in 0.01s.
2019-03-23 14:25:24,807 [BombeRLeWorld] INFO: STARTING STEP 135
2019-03-23 14:25:24,815 [BombeRLeWorld] INFO: Agent <qn_agent> chose action WAIT in 0.01s.
2019-03-23 14:25:24,914 [BombeRLeWorld] INFO: STARTING STEP 136
2019-03-23 14:25:24,927 [BombeRLeWorld] INFO: Agent <qn_agent> chose action WAIT in 0.01s.
2019-03-23 14:25:25,017 [BombeRLeWorld] INFO: STARTING STEP 137
2019-03-23 14:25:25,029 [BombeRLeWorld] INFO: Agent <qn_agent> chose action WAIT in 0.01s.
2019-03-23 14:25:25,121 [BombeRLeWorld] INFO: STARTING STEP 138
2019-03-23 14:25:25,133 [BombeRLeWorld] INFO: Agent <qn_agent> chose action WAIT in 0.01s.
2019-03-23 14:25:25,226 [BombeRLeWorld] INFO: STARTING STEP 139
2019-03-23 14:25:25,246 [BombeRLeWorld] INFO: Agent <qn_agent> chose action WAIT in 0.02s.
2019-03-23 14:25:25,330 [BombeRLeWorld] INFO: STARTING STEP 140
2019-03-23 14:25:25,341 [BombeRLeWorld] INFO: Agent <qn_agent> chose action WAIT in 0.01s.
2019-03-23 14:25:25,434 [BombeRLeWorld] INFO: STARTING STEP 141
2019-03-23 14:25:25,441 [BombeRLeWorld] INFO: Agent <qn_agent> chose action WAIT in 0.01s.
2019-03-23 14:25:25,539 [BombeRLeWorld] INFO: STARTING STEP 142
2019-03-23 14:25:25,557 [BombeRLeWorld] INFO: Agent <qn_agent> chose action WAIT in 0.01s.
2019-03-23 14:25:25,643 [BombeRLeWorld] INFO: STARTING STEP 143
2019-03-23 14:25:25,656 [BombeRLeWorld] INFO: Agent <qn_agent> chose action WAIT in 0.01s.
2019-03-23 14:25:25,748 [BombeRLeWorld] INFO: STARTING STEP 144
2019-03-23 14:25:25,759 [BombeRLeWorld] INFO: Agent <qn_agent> chose action WAIT in 0.01s.
2019-03-23 14:25:25,852 [BombeRLeWorld] INFO: STARTING STEP 145
2019-03-23 14:25:25,872 [BombeRLeWorld] INFO: Agent <qn_agent> chose action WAIT in 0.01s.
2019-03-23 14:25:25,957 [BombeRLeWorld] INFO: STARTING STEP 146
2019-03-23 14:25:25,978 [BombeRLeWorld] INFO: Agent <qn_agent> chose action WAIT in 0.01s.
2019-03-23 14:25:26,062 [BombeRLeWorld] INFO: STARTING STEP 147
2019-03-23 14:25:26,081 [BombeRLeWorld] INFO: Agent <qn_agent> chose action WAIT in 0.01s.
2019-03-23 14:25:26,166 [BombeRLeWorld] INFO: STARTING STEP 148
2019-03-23 14:25:26,184 [BombeRLeWorld] INFO: Agent <qn_agent> chose action LEFT in 0.01s.
2019-03-23 14:25:26,270 [BombeRLeWorld] INFO: STARTING STEP 149
2019-03-23 14:25:26,281 [BombeRLeWorld] INFO: Agent <qn_agent> chose action WAIT in 0.01s.
2019-03-23 14:25:26,375 [BombeRLeWorld] INFO: STARTING STEP 150
2019-03-23 14:25:26,387 [BombeRLeWorld] INFO: Agent <qn_agent> chose action WAIT in 0.01s.
2019-03-23 14:25:26,481 [BombeRLeWorld] INFO: STARTING STEP 151
2019-03-23 14:25:26,493 [BombeRLeWorld] INFO: Agent <qn_agent> chose action WAIT in 0.01s.
2019-03-23 14:25:26,585 [BombeRLeWorld] INFO: STARTING STEP 152
2019-03-23 14:25:26,600 [BombeRLeWorld] INFO: Agent <qn_agent> chose action WAIT in 0.01s.
2019-03-23 14:25:26,689 [BombeRLeWorld] INFO: STARTING STEP 153
2019-03-23 14:25:26,698 [BombeRLeWorld] INFO: Agent <qn_agent> chose action WAIT in 0.01s.
2019-03-23 14:25:26,793 [BombeRLeWorld] INFO: STARTING STEP 154
2019-03-23 14:25:26,801 [BombeRLeWorld] INFO: Agent <qn_agent> chose action WAIT in 0.01s.
2019-03-23 14:25:26,898 [BombeRLeWorld] INFO: STARTING STEP 155
2019-03-23 14:25:26,910 [BombeRLeWorld] INFO: Agent <qn_agent> chose action WAIT in 0.01s.
2019-03-23 14:25:27,003 [BombeRLeWorld] INFO: STARTING STEP 156
2019-03-23 14:25:27,018 [BombeRLeWorld] INFO: Agent <qn_agent> chose action WAIT in 0.01s.
2019-03-23 14:25:27,107 [BombeRLeWorld] INFO: STARTING STEP 157
2019-03-23 14:25:27,120 [BombeRLeWorld] INFO: Agent <qn_agent> chose action WAIT in 0.01s.
2019-03-23 14:25:27,210 [BombeRLeWorld] INFO: STARTING STEP 158
2019-03-23 14:25:27,218 [BombeRLeWorld] INFO: Agent <qn_agent> chose action WAIT in 0.01s.
2019-03-23 14:25:27,315 [BombeRLeWorld] INFO: STARTING STEP 159
2019-03-23 14:25:27,324 [BombeRLeWorld] INFO: Agent <qn_agent> chose action WAIT in 0.01s.
2019-03-23 14:25:27,420 [BombeRLeWorld] INFO: STARTING STEP 160
2019-03-23 14:25:27,432 [BombeRLeWorld] INFO: Agent <qn_agent> chose action RIGHT in 0.01s.
2019-03-23 14:25:27,525 [BombeRLeWorld] INFO: STARTING STEP 161
2019-03-23 14:25:27,532 [BombeRLeWorld] INFO: Agent <qn_agent> chose action WAIT in 0.01s.
2019-03-23 14:25:27,630 [BombeRLeWorld] INFO: STARTING STEP 162
2019-03-23 14:25:27,647 [BombeRLeWorld] INFO: Agent <qn_agent> chose action WAIT in 0.01s.
2019-03-23 14:25:27,734 [BombeRLeWorld] INFO: STARTING STEP 163
2019-03-23 14:25:27,747 [BombeRLeWorld] INFO: Agent <qn_agent> chose action WAIT in 0.01s.
2019-03-23 14:25:27,838 [BombeRLeWorld] INFO: STARTING STEP 164
2019-03-23 14:25:27,846 [BombeRLeWorld] INFO: Agent <qn_agent> chose action RIGHT in 0.01s.
2019-03-23 14:25:27,943 [BombeRLeWorld] INFO: STARTING STEP 165
2019-03-23 14:25:27,955 [BombeRLeWorld] INFO: Agent <qn_agent> chose action WAIT in 0.01s.
2019-03-23 14:25:28,049 [BombeRLeWorld] INFO: STARTING STEP 166
2019-03-23 14:25:28,067 [BombeRLeWorld] INFO: Agent <qn_agent> chose action WAIT in 0.01s.
2019-03-23 14:25:28,152 [BombeRLeWorld] INFO: STARTING STEP 167
2019-03-23 14:25:28,165 [BombeRLeWorld] INFO: Agent <qn_agent> chose action WAIT in 0.01s.
2019-03-23 14:25:28,257 [BombeRLeWorld] INFO: STARTING STEP 168
2019-03-23 14:25:28,270 [BombeRLeWorld] INFO: Agent <qn_agent> chose action WAIT in 0.01s.
2019-03-23 14:25:28,363 [BombeRLeWorld] INFO: STARTING STEP 169
2019-03-23 14:25:28,374 [BombeRLeWorld] INFO: Agent <qn_agent> chose action WAIT in 0.01s.
2019-03-23 14:25:28,468 [BombeRLeWorld] INFO: STARTING STEP 170
2019-03-23 14:25:28,482 [BombeRLeWorld] INFO: Agent <qn_agent> chose action WAIT in 0.01s.
2019-03-23 14:25:28,573 [BombeRLeWorld] INFO: STARTING STEP 171
2019-03-23 14:25:28,594 [BombeRLeWorld] INFO: Agent <qn_agent> chose action DOWN in 0.01s.
2019-03-23 14:25:28,678 [BombeRLeWorld] INFO: STARTING STEP 172
2019-03-23 14:25:28,685 [BombeRLeWorld] INFO: Agent <qn_agent> chose action UP in 0.01s.
2019-03-23 14:25:28,782 [BombeRLeWorld] INFO: STARTING STEP 173
2019-03-23 14:25:28,790 [BombeRLeWorld] INFO: Agent <qn_agent> chose action WAIT in 0.01s.
2019-03-23 14:25:28,887 [BombeRLeWorld] INFO: STARTING STEP 174
2019-03-23 14:25:28,899 [BombeRLeWorld] INFO: Agent <qn_agent> chose action WAIT in 0.01s.
2019-03-23 14:25:28,992 [BombeRLeWorld] INFO: STARTING STEP 175
2019-03-23 14:25:29,005 [BombeRLeWorld] INFO: Agent <qn_agent> chose action RIGHT in 0.01s.
2019-03-23 14:25:29,096 [BombeRLeWorld] INFO: STARTING STEP 176
2019-03-23 14:25:29,108 [BombeRLeWorld] INFO: Agent <qn_agent> chose action WAIT in 0.01s.
2019-03-23 14:25:29,200 [BombeRLeWorld] INFO: STARTING STEP 177
2019-03-23 14:25:29,208 [BombeRLeWorld] INFO: Agent <qn_agent> chose action WAIT in 0.01s.
2019-03-23 14:25:29,306 [BombeRLeWorld] INFO: STARTING STEP 178
2019-03-23 14:25:29,313 [BombeRLeWorld] INFO: Agent <qn_agent> chose action WAIT in 0.01s.
2019-03-23 14:25:29,414 [BombeRLeWorld] INFO: STARTING STEP 179
2019-03-23 14:25:29,429 [BombeRLeWorld] INFO: Agent <qn_agent> chose action WAIT in 0.01s.
2019-03-23 14:25:29,517 [BombeRLeWorld] INFO: STARTING STEP 180
2019-03-23 14:25:29,536 [BombeRLeWorld] INFO: Agent <qn_agent> chose action WAIT in 0.01s.
2019-03-23 14:25:29,621 [BombeRLeWorld] INFO: STARTING STEP 181
2019-03-23 14:25:29,634 [BombeRLeWorld] INFO: Agent <qn_agent> chose action WAIT in 0.01s.
2019-03-23 14:25:29,726 [BombeRLeWorld] INFO: STARTING STEP 182
2019-03-23 14:25:29,737 [BombeRLeWorld] INFO: Agent <qn_agent> chose action WAIT in 0.01s.
2019-03-23 14:25:29,830 [BombeRLeWorld] INFO: STARTING STEP 183
2019-03-23 14:25:29,839 [BombeRLeWorld] INFO: Agent <qn_agent> chose action WAIT in 0.01s.
2019-03-23 14:25:29,935 [BombeRLeWorld] INFO: STARTING STEP 184
2019-03-23 14:25:29,943 [BombeRLeWorld] INFO: Agent <qn_agent> chose action WAIT in 0.01s.
2019-03-23 14:25:30,039 [BombeRLeWorld] INFO: STARTING STEP 185
2019-03-23 14:25:30,057 [BombeRLeWorld] INFO: Agent <qn_agent> chose action WAIT in 0.01s.
2019-03-23 14:25:30,144 [BombeRLeWorld] INFO: STARTING STEP 186
2019-03-23 14:25:30,152 [BombeRLeWorld] INFO: Agent <qn_agent> chose action WAIT in 0.01s.
2019-03-23 14:25:30,249 [BombeRLeWorld] INFO: STARTING STEP 187
2019-03-23 14:25:30,260 [BombeRLeWorld] INFO: Agent <qn_agent> chose action WAIT in 0.01s.
2019-03-23 14:25:30,354 [BombeRLeWorld] INFO: STARTING STEP 188
2019-03-23 14:25:30,367 [BombeRLeWorld] INFO: Agent <qn_agent> chose action WAIT in 0.01s.
2019-03-23 14:25:30,458 [BombeRLeWorld] INFO: STARTING STEP 189
2019-03-23 14:25:30,474 [BombeRLeWorld] INFO: Agent <qn_agent> chose action WAIT in 0.01s.
2019-03-23 14:25:30,563 [BombeRLeWorld] INFO: STARTING STEP 190
2019-03-23 14:25:30,570 [BombeRLeWorld] INFO: Agent <qn_agent> chose action WAIT in 0.01s.
2019-03-23 14:25:30,665 [BombeRLeWorld] INFO: STARTING STEP 191
2019-03-23 14:25:30,677 [BombeRLeWorld] INFO: Agent <qn_agent> chose action WAIT in 0.01s.
2019-03-23 14:25:30,769 [BombeRLeWorld] INFO: STARTING STEP 192
2019-03-23 14:25:30,782 [BombeRLeWorld] INFO: Agent <qn_agent> chose action WAIT in 0.01s.
2019-03-23 14:25:30,874 [BombeRLeWorld] INFO: STARTING STEP 193
2019-03-23 14:25:30,886 [BombeRLeWorld] INFO: Agent <qn_agent> chose action WAIT in 0.01s.
2019-03-23 14:25:30,979 [BombeRLeWorld] INFO: STARTING STEP 194
2019-03-23 14:25:30,986 [BombeRLeWorld] INFO: Agent <qn_agent> chose action BOMB in 0.01s.
2019-03-23 14:25:30,987 [BombeRLeWorld] INFO: Agent <qn_agent> drops bomb at (1, 10)
2019-03-23 14:25:31,082 [BombeRLeWorld] INFO: STARTING STEP 195
2019-03-23 14:25:31,090 [BombeRLeWorld] INFO: Agent <qn_agent> chose action DOWN in 0.01s.
2019-03-23 14:25:31,187 [BombeRLeWorld] INFO: STARTING STEP 196
2019-03-23 14:25:31,200 [BombeRLeWorld] INFO: Agent <qn_agent> chose action LEFT in 0.01s.
2019-03-23 14:25:31,291 [BombeRLeWorld] INFO: STARTING STEP 197
2019-03-23 14:25:31,304 [BombeRLeWorld] INFO: Agent <qn_agent> chose action UP in 0.01s.
2019-03-23 14:25:31,396 [BombeRLeWorld] INFO: STARTING STEP 198
2019-03-23 14:25:31,409 [BombeRLeWorld] INFO: Agent <qn_agent> chose action RIGHT in 0.01s.
2019-03-23 14:25:31,503 [BombeRLeWorld] INFO: STARTING STEP 199
2019-03-23 14:25:31,515 [BombeRLeWorld] INFO: Agent <qn_agent> chose action WAIT in 0.01s.
2019-03-23 14:25:31,515 [BombeRLeWorld] INFO: Agent <qn_agent>'s bomb at (1, 10) explodes
2019-03-23 14:25:31,515 [BombeRLeWorld] INFO: Coin found at (1, 9)
2019-03-23 14:25:31,608 [BombeRLeWorld] INFO: STARTING STEP 200
2019-03-23 14:25:31,620 [BombeRLeWorld] INFO: Agent <qn_agent> chose action LEFT in 0.01s.
2019-03-23 14:25:31,620 [BombeRLeWorld] INFO: Agent <qn_agent> blown up by own bomb
2019-03-23 14:25:31,620 [BombeRLeWorld] INFO: No agent left alive, wrap up round
2019-03-23 14:25:31,725 [BombeRLeWorld] INFO: WRAPPING UP ROUND #1
2019-03-23 14:25:33,208 [BombeRLeWorld] INFO: STARTING ROUND #2
2019-03-23 14:25:33,307 [BombeRLeWorld] INFO: STARTING STEP 1
2019-03-23 14:25:33,320 [BombeRLeWorld] INFO: Agent <qn_agent> chose action UP in 0.01s.
2019-03-23 14:25:33,413 [BombeRLeWorld] INFO: STARTING STEP 2
2019-03-23 14:25:33,422 [BombeRLeWorld] INFO: Agent <qn_agent> chose action UP in 0.01s.
2019-03-23 14:25:33,517 [BombeRLeWorld] INFO: STARTING STEP 3
2019-03-23 14:25:33,525 [BombeRLeWorld] INFO: Agent <qn_agent> chose action UP in 0.01s.
2019-03-23 14:25:33,621 [BombeRLeWorld] INFO: STARTING STEP 4
2019-03-23 14:25:33,634 [BombeRLeWorld] INFO: Agent <qn_agent> chose action UP in 0.01s.
2019-03-23 14:25:33,726 [BombeRLeWorld] INFO: STARTING STEP 5
2019-03-23 14:25:33,733 [BombeRLeWorld] INFO: Agent <qn_agent> chose action UP in 0.01s.
2019-03-23 14:25:33,830 [BombeRLeWorld] INFO: STARTING STEP 6
2019-03-23 14:25:33,843 [BombeRLeWorld] INFO: Agent <qn_agent> chose action UP in 0.01s.
2019-03-23 14:25:33,935 [BombeRLeWorld] INFO: STARTING STEP 7
2019-03-23 14:25:33,957 [BombeRLeWorld] INFO: Agent <qn_agent> chose action UP in 0.01s.
2019-03-23 14:25:34,040 [BombeRLeWorld] INFO: STARTING STEP 8
2019-03-23 14:25:34,053 [BombeRLeWorld] INFO: Agent <qn_agent> chose action UP in 0.01s.
2019-03-23 14:25:34,144 [BombeRLeWorld] INFO: STARTING STEP 9
2019-03-23 14:25:34,156 [BombeRLeWorld] INFO: Agent <qn_agent> chose action UP in 0.01s.
2019-03-23 14:25:34,249 [BombeRLeWorld] INFO: STARTING STEP 10
2019-03-23 14:25:34,272 [BombeRLeWorld] INFO: Agent <qn_agent> chose action DOWN in 0.01s.
2019-03-23 14:25:34,354 [BombeRLeWorld] INFO: STARTING STEP 11
2019-03-23 14:25:34,369 [BombeRLeWorld] INFO: Agent <qn_agent> chose action UP in 0.01s.
2019-03-23 14:25:34,458 [BombeRLeWorld] INFO: STARTING STEP 12
2019-03-23 14:25:34,466 [BombeRLeWorld] INFO: Agent <qn_agent> chose action UP in 0.01s.
2019-03-23 14:25:34,563 [BombeRLeWorld] INFO: STARTING STEP 13
2019-03-23 14:25:34,574 [BombeRLeWorld] INFO: Agent <qn_agent> chose action DOWN in 0.01s.
2019-03-23 14:25:34,670 [BombeRLeWorld] INFO: STARTING STEP 14
2019-03-23 14:25:34,683 [BombeRLeWorld] INFO: Agent <qn_agent> chose action DOWN in 0.01s.
2019-03-23 14:25:34,774 [BombeRLeWorld] INFO: STARTING STEP 15
2019-03-23 14:25:34,787 [BombeRLeWorld] INFO: Agent <qn_agent> chose action UP in 0.01s.
2019-03-23 14:25:34,879 [BombeRLeWorld] INFO: STARTING STEP 16
2019-03-23 14:25:34,892 [BombeRLeWorld] INFO: Agent <qn_agent> chose action DOWN in 0.01s.
2019-03-23 14:25:34,983 [BombeRLeWorld] INFO: STARTING STEP 17
2019-03-23 14:25:34,996 [BombeRLeWorld] INFO: Agent <qn_agent> chose action UP in 0.01s.
2019-03-23 14:25:35,087 [BombeRLeWorld] INFO: STARTING STEP 18
2019-03-23 14:25:35,099 [BombeRLeWorld] INFO: Agent <qn_agent> chose action DOWN in 0.01s.
2019-03-23 14:25:35,191 [BombeRLeWorld] INFO: STARTING STEP 19
2019-03-23 14:25:35,203 [BombeRLeWorld] INFO: Agent <qn_agent> chose action UP in 0.01s.
2019-03-23 14:25:35,296 [BombeRLeWorld] INFO: STARTING STEP 20
2019-03-23 14:25:35,312 [BombeRLeWorld] INFO: Agent <qn_agent> chose action DOWN in 0.01s.
2019-03-23 14:25:35,400 [BombeRLeWorld] INFO: STARTING STEP 21
2019-03-23 14:25:35,408 [BombeRLeWorld] INFO: Agent <qn_agent> chose action UP in 0.01s.
2019-03-23 14:25:35,505 [BombeRLeWorld] INFO: STARTING STEP 22
2019-03-23 14:25:35,513 [BombeRLeWorld] INFO: Agent <qn_agent> chose action DOWN in 0.01s.
2019-03-23 14:25:35,609 [BombeRLeWorld] INFO: STARTING STEP 23
2019-03-23 14:25:35,617 [BombeRLeWorld] INFO: Agent <qn_agent> chose action UP in 0.01s.
2019-03-23 14:25:35,714 [BombeRLeWorld] INFO: STARTING STEP 24
2019-03-23 14:25:35,728 [BombeRLeWorld] INFO: Agent <qn_agent> chose action BOMB in 0.01s.
2019-03-23 14:25:35,729 [BombeRLeWorld] INFO: Agent <qn_agent> drops bomb at (1, 6)
2019-03-23 14:25:35,819 [BombeRLeWorld] INFO: STARTING STEP 25
2019-03-23 14:25:35,832 [BombeRLeWorld] INFO: Agent <qn_agent> chose action UP in 0.01s.
2019-03-23 14:25:35,924 [BombeRLeWorld] INFO: STARTING STEP 26
2019-03-23 14:25:35,936 [BombeRLeWorld] INFO: Agent <qn_agent> chose action DOWN in 0.01s.
2019-03-23 14:25:36,029 [BombeRLeWorld] INFO: STARTING STEP 27
2019-03-23 14:25:36,041 [BombeRLeWorld] INFO: Agent <qn_agent> chose action DOWN in 0.01s.
2019-03-23 14:25:36,132 [BombeRLeWorld] INFO: STARTING STEP 28
2019-03-23 14:25:36,149 [BombeRLeWorld] INFO: Agent <qn_agent> chose action RIGHT in 0.01s.
2019-03-23 14:25:36,237 [BombeRLeWorld] INFO: STARTING STEP 29
2019-03-23 14:25:36,250 [BombeRLeWorld] INFO: Agent <qn_agent> chose action WAIT in 0.01s.
2019-03-23 14:25:36,250 [BombeRLeWorld] INFO: Agent <qn_agent>'s bomb at (1, 6) explodes
2019-03-23 14:25:36,342 [BombeRLeWorld] INFO: STARTING STEP 30
2019-03-23 14:25:36,362 [BombeRLeWorld] INFO: Agent <qn_agent> chose action RIGHT in 0.01s.
2019-03-23 14:25:36,447 [BombeRLeWorld] INFO: STARTING STEP 31
2019-03-23 14:25:36,460 [BombeRLeWorld] INFO: Agent <qn_agent> chose action RIGHT in 0.01s.
2019-03-23 14:25:36,460 [BombeRLeWorld] INFO: Agent <qn_agent> picked up coin at (4, 5) and receives 1 point
2019-03-23 14:25:36,551 [BombeRLeWorld] INFO: STARTING STEP 32
2019-03-23 14:25:36,564 [BombeRLeWorld] INFO: Agent <qn_agent> chose action LEFT in 0.01s.
2019-03-23 14:25:36,656 [BombeRLeWorld] INFO: STARTING STEP 33
2019-03-23 14:25:36,668 [BombeRLeWorld] INFO: Agent <qn_agent> chose action DOWN in 0.01s.
2019-03-23 14:25:36,668 [BombeRLeWorld] INFO: Agent <qn_agent> picked up coin at (3, 6) and receives 1 point
2019-03-23 14:25:36,762 [BombeRLeWorld] INFO: STARTING STEP 34
2019-03-23 14:25:36,777 [BombeRLeWorld] INFO: Agent <qn_agent> chose action DOWN in 0.01s.
2019-03-23 14:25:36,865 [BombeRLeWorld] INFO: STARTING STEP 35
2019-03-23 14:25:36,878 [BombeRLeWorld] INFO: Agent <qn_agent> chose action RIGHT in 0.01s.
2019-03-23 14:25:36,970 [BombeRLeWorld] INFO: STARTING STEP 36
2019-03-23 14:25:36,982 [BombeRLeWorld] INFO: Agent <qn_agent> chose action RIGHT in 0.01s.
2019-03-23 14:25:37,071 [BombeRLeWorld] INFO: STARTING STEP 37
2019-03-23 14:25:37,082 [BombeRLeWorld] INFO: Agent <qn_agent> chose action RIGHT in 0.01s.
2019-03-23 14:25:37,176 [BombeRLeWorld] INFO: STARTING STEP 38
2019-03-23 14:25:37,188 [BombeRLeWorld] INFO: Agent <qn_agent> chose action RIGHT in 0.01s.
2019-03-23 14:25:37,280 [BombeRLeWorld] INFO: STARTING STEP 39
2019-03-23 14:25:37,299 [BombeRLeWorld] INFO: Agent <qn_agent> chose action DOWN in 0.01s.
2019-03-23 14:25:37,385 [BombeRLeWorld] INFO: STARTING STEP 40
2019-03-23 14:25:37,397 [BombeRLeWorld] INFO: Agent <qn_agent> chose action DOWN in 0.01s.
2019-03-23 14:25:37,489 [BombeRLeWorld] INFO: STARTING STEP 41
2019-03-23 14:25:37,497 [BombeRLeWorld] INFO: Agent <qn_agent> chose action RIGHT in 0.01s.
2019-03-23 14:25:37,498 [BombeRLeWorld] INFO: Agent <qn_agent> picked up coin at (8, 9) and receives 1 point
2019-03-23 14:25:37,594 [BombeRLeWorld] INFO: STARTING STEP 42
2019-03-23 14:25:37,608 [BombeRLeWorld] INFO: Agent <qn_agent> chose action LEFT in 0.01s.
2019-03-23 14:25:37,699 [BombeRLeWorld] INFO: STARTING STEP 43
2019-03-23 14:25:37,707 [BombeRLeWorld] INFO: Agent <qn_agent> chose action LEFT in 0.01s.
2019-03-23 14:25:37,804 [BombeRLeWorld] INFO: STARTING STEP 44
2019-03-23 14:25:37,816 [BombeRLeWorld] INFO: Agent <qn_agent> chose action LEFT in 0.01s.
2019-03-23 14:25:37,909 [BombeRLeWorld] INFO: STARTING STEP 45
2019-03-23 14:25:37,920 [BombeRLeWorld] INFO: Agent <qn_agent> chose action LEFT in 0.01s.
2019-03-23 14:25:38,014 [BombeRLeWorld] INFO: STARTING STEP 46
2019-03-23 14:25:38,021 [BombeRLeWorld] INFO: Agent <qn_agent> chose action LEFT in 0.01s.
2019-03-23 14:25:38,118 [BombeRLeWorld] INFO: STARTING STEP 47
2019-03-23 14:25:38,132 [BombeRLeWorld] INFO: Agent <qn_agent> chose action LEFT in 0.01s.
2019-03-23 14:25:38,223 [BombeRLeWorld] INFO: STARTING STEP 48
2019-03-23 14:25:38,242 [BombeRLeWorld] INFO: Agent <qn_agent> chose action LEFT in 0.02s.
2019-03-23 14:25:38,328 [BombeRLeWorld] INFO: STARTING STEP 49
2019-03-23 14:25:38,341 [BombeRLeWorld] INFO: Agent <qn_agent> chose action DOWN in 0.01s.
2019-03-23 14:25:38,433 [BombeRLeWorld] INFO: STARTING STEP 50
2019-03-23 14:25:38,441 [BombeRLeWorld] INFO: Agent <qn_agent> chose action DOWN in 0.01s.
2019-03-23 14:25:38,537 [BombeRLeWorld] INFO: STARTING STEP 51
2019-03-23 14:25:38,548 [BombeRLeWorld] INFO: Agent <qn_agent> chose action DOWN in 0.01s.
2019-03-23 14:25:38,642 [BombeRLeWorld] INFO: STARTING STEP 52
2019-03-23 14:25:38,654 [BombeRLeWorld] INFO: Agent <qn_agent> chose action DOWN in 0.01s.
2019-03-23 14:25:38,747 [BombeRLeWorld] INFO: STARTING STEP 53
2019-03-23 14:25:38,766 [BombeRLeWorld] INFO: Agent <qn_agent> chose action DOWN in 0.01s.
2019-03-23 14:25:38,850 [BombeRLeWorld] INFO: STARTING STEP 54
2019-03-23 14:25:38,863 [BombeRLeWorld] INFO: Agent <qn_agent> chose action DOWN in 0.01s.
2019-03-23 14:25:38,955 [BombeRLeWorld] INFO: STARTING STEP 55
2019-03-23 14:25:38,963 [BombeRLeWorld] INFO: Agent <qn_agent> chose action UP in 0.01s.
2019-03-23 14:25:39,059 [BombeRLeWorld] INFO: STARTING STEP 56
2019-03-23 14:25:39,072 [BombeRLeWorld] INFO: Agent <qn_agent> chose action DOWN in 0.01s.
2019-03-23 14:25:39,170 [BombeRLeWorld] INFO: STARTING STEP 57
2019-03-23 14:25:39,186 [BombeRLeWorld] INFO: Agent <qn_agent> chose action UP in 0.01s.
2019-03-23 14:25:39,274 [BombeRLeWorld] INFO: STARTING STEP 58
2019-03-23 14:25:39,282 [BombeRLeWorld] INFO: Agent <qn_agent> chose action DOWN in 0.01s.
2019-03-23 14:25:39,379 [BombeRLeWorld] INFO: STARTING STEP 59
2019-03-23 14:25:39,391 [BombeRLeWorld] INFO: Agent <qn_agent> chose action UP in 0.01s.
2019-03-23 14:25:39,484 [BombeRLeWorld] INFO: STARTING STEP 60
2019-03-23 14:25:39,493 [BombeRLeWorld] INFO: Agent <qn_agent> chose action DOWN in 0.01s.
2019-03-23 14:25:39,588 [BombeRLeWorld] INFO: STARTING STEP 61
2019-03-23 14:25:39,601 [BombeRLeWorld] INFO: Agent <qn_agent> chose action UP in 0.01s.
2019-03-23 14:25:39,692 [BombeRLeWorld] INFO: STARTING STEP 62
2019-03-23 14:25:39,705 [BombeRLeWorld] INFO: Agent <qn_agent> chose action DOWN in 0.01s.
2019-03-23 14:25:39,797 [BombeRLeWorld] INFO: STARTING STEP 63
2019-03-23 14:25:39,804 [BombeRLeWorld] INFO: Agent <qn_agent> chose action UP in 0.01s.
2019-03-23 14:25:39,901 [BombeRLeWorld] INFO: STARTING STEP 64
2019-03-23 14:25:39,909 [BombeRLeWorld] INFO: Agent <qn_agent> chose action DOWN in 0.01s.
2019-03-23 14:25:40,006 [BombeRLeWorld] INFO: STARTING STEP 65
2019-03-23 14:25:40,018 [BombeRLeWorld] INFO: Agent <qn_agent> chose action UP in 0.01s.
2019-03-23 14:25:40,111 [BombeRLeWorld] INFO: STARTING STEP 66
2019-03-23 14:25:40,125 [BombeRLeWorld] INFO: Agent <qn_agent> chose action DOWN in 0.01s.
2019-03-23 14:25:40,218 [BombeRLeWorld] INFO: STARTING STEP 67
2019-03-23 14:25:40,230 [BombeRLeWorld] INFO: Agent <qn_agent> chose action UP in 0.01s.
2019-03-23 14:25:40,323 [BombeRLeWorld] INFO: STARTING STEP 68
2019-03-23 14:25:40,330 [BombeRLeWorld] INFO: Agent <qn_agent> chose action RIGHT in 0.01s.
2019-03-23 14:25:40,427 [BombeRLeWorld] INFO: STARTING STEP 69
2019-03-23 14:25:40,439 [BombeRLeWorld] INFO: Agent <qn_agent> chose action BOMB in 0.01s.
2019-03-23 14:25:40,440 [BombeRLeWorld] INFO: Agent <qn_agent> drops bomb at (1, 14)
2019-03-23 14:25:40,532 [BombeRLeWorld] INFO: STARTING STEP 70
2019-03-23 14:25:40,545 [BombeRLeWorld] INFO: Agent <qn_agent> chose action DOWN in 0.01s.
2019-03-23 14:25:40,637 [BombeRLeWorld] INFO: STARTING STEP 71
2019-03-23 14:25:40,655 [BombeRLeWorld] INFO: Agent <qn_agent> chose action RIGHT in 0.01s.
2019-03-23 14:25:40,742 [BombeRLeWorld] INFO: STARTING STEP 72
2019-03-23 14:25:40,754 [BombeRLeWorld] INFO: Agent <qn_agent> chose action LEFT in 0.01s.
2019-03-23 14:25:40,846 [BombeRLeWorld] INFO: STARTING STEP 73
2019-03-23 14:25:40,862 [BombeRLeWorld] INFO: Agent <qn_agent> chose action RIGHT in 0.01s.
2019-03-23 14:25:40,951 [BombeRLeWorld] INFO: STARTING STEP 74
2019-03-23 14:25:40,964 [BombeRLeWorld] INFO: Agent <qn_agent> chose action WAIT in 0.01s.
2019-03-23 14:25:40,964 [BombeRLeWorld] INFO: Agent <qn_agent>'s bomb at (1, 14) explodes
2019-03-23 14:25:41,055 [BombeRLeWorld] INFO: STARTING STEP 75
2019-03-23 14:25:41,067 [BombeRLeWorld] INFO: Agent <qn_agent> chose action LEFT in 0.01s.
2019-03-23 14:25:41,068 [BombeRLeWorld] INFO: Agent <qn_agent> blown up by own bomb
2019-03-23 14:25:41,068 [BombeRLeWorld] INFO: No agent left alive, wrap up round
2019-03-23 14:25:41,172 [BombeRLeWorld] INFO: WRAPPING UP ROUND #2
2019-03-23 14:25:42,640 [BombeRLeWorld] INFO: STARTING ROUND #3
2019-03-23 14:25:42,738 [BombeRLeWorld] INFO: STARTING STEP 1
2019-03-23 14:25:42,750 [BombeRLeWorld] INFO: Agent <qn_agent> chose action BOMB in 0.01s.
2019-03-23 14:25:42,750 [BombeRLeWorld] INFO: Agent <qn_agent> drops bomb at (1, 15)
2019-03-23 14:25:42,842 [BombeRLeWorld] INFO: STARTING STEP 2
2019-03-23 14:25:42,855 [BombeRLeWorld] INFO: Agent <qn_agent> chose action RIGHT in 0.01s.
2019-03-23 14:25:42,947 [BombeRLeWorld] INFO: STARTING STEP 3
2019-03-23 14:25:42,960 [BombeRLeWorld] INFO: Agent <qn_agent> chose action RIGHT in 0.01s.
2019-03-23 14:25:43,055 [BombeRLeWorld] INFO: STARTING STEP 4
2019-03-23 14:25:43,075 [BombeRLeWorld] INFO: Agent <qn_agent> chose action UP in 0.01s.
2019-03-23 14:25:43,159 [BombeRLeWorld] INFO: STARTING STEP 5
2019-03-23 14:25:43,168 [BombeRLeWorld] INFO: Agent <qn_agent> chose action WAIT in 0.01s.
2019-03-23 14:25:43,264 [BombeRLeWorld] INFO: STARTING STEP 6
2019-03-23 14:25:43,277 [BombeRLeWorld] INFO: Agent <qn_agent> chose action WAIT in 0.01s.
2019-03-23 14:25:43,277 [BombeRLeWorld] INFO: Agent <qn_agent>'s bomb at (1, 15) explodes
2019-03-23 14:25:43,277 [BombeRLeWorld] INFO: Coin found at (4, 15)
2019-03-23 14:25:43,369 [BombeRLeWorld] INFO: STARTING STEP 7
2019-03-23 14:25:43,384 [BombeRLeWorld] INFO: Agent <qn_agent> chose action DOWN in 0.01s.
2019-03-23 14:25:43,384 [BombeRLeWorld] INFO: Agent <qn_agent> blown up by own bomb
2019-03-23 14:25:43,384 [BombeRLeWorld] INFO: No agent left alive, wrap up round
2019-03-23 14:25:43,490 [BombeRLeWorld] INFO: WRAPPING UP ROUND #3
2019-03-23 14:25:44,836 [BombeRLeWorld] INFO: STARTING ROUND #4
2019-03-23 14:25:44,854 [BombeRLeWorld] INFO: STARTING STEP 1
2019-03-23 14:25:44,867 [BombeRLeWorld] INFO: Agent <qn_agent> chose action UP in 0.01s.
2019-03-23 14:25:44,958 [BombeRLeWorld] INFO: STARTING STEP 2
2019-03-23 14:25:44,971 [BombeRLeWorld] INFO: Agent <qn_agent> chose action UP in 0.01s.
2019-03-23 14:25:45,062 [BombeRLeWorld] INFO: STARTING STEP 3
2019-03-23 14:25:45,074 [BombeRLeWorld] INFO: Agent <qn_agent> chose action DOWN in 0.01s.
2019-03-23 14:25:45,167 [BombeRLeWorld] INFO: STARTING STEP 4
2019-03-23 14:25:45,179 [BombeRLeWorld] INFO: Agent <qn_agent> chose action UP in 0.01s.
2019-03-23 14:25:45,272 [BombeRLeWorld] INFO: STARTING STEP 5
2019-03-23 14:25:45,285 [BombeRLeWorld] INFO: Agent <qn_agent> chose action DOWN in 0.01s.
2019-03-23 14:25:45,375 [BombeRLeWorld] INFO: STARTING STEP 6
2019-03-23 14:25:45,389 [BombeRLeWorld] INFO: Agent <qn_agent> chose action UP in 0.01s.
2019-03-23 14:25:45,480 [BombeRLeWorld] INFO: STARTING STEP 7
2019-03-23 14:25:45,493 [BombeRLeWorld] INFO: Agent <qn_agent> chose action DOWN in 0.01s.
2019-03-23 14:25:45,584 [BombeRLeWorld] INFO: STARTING STEP 8
2019-03-23 14:25:45,596 [BombeRLeWorld] INFO: Agent <qn_agent> chose action UP in 0.01s.
2019-03-23 14:25:45,689 [BombeRLeWorld] INFO: STARTING STEP 9
2019-03-23 14:25:45,701 [BombeRLeWorld] INFO: Agent <qn_agent> chose action DOWN in 0.01s.
2019-03-23 14:25:45,792 [BombeRLeWorld] INFO: STARTING STEP 10
2019-03-23 14:25:45,805 [BombeRLeWorld] INFO: Agent <qn_agent> chose action UP in 0.01s.
2019-03-23 14:25:45,897 [BombeRLeWorld] INFO: STARTING STEP 11
2019-03-23 14:25:45,909 [BombeRLeWorld] INFO: Agent <qn_agent> chose action DOWN in 0.01s.
2019-03-23 14:25:46,002 [BombeRLeWorld] INFO: STARTING STEP 12
2019-03-23 14:25:46,016 [BombeRLeWorld] INFO: Agent <qn_agent> chose action UP in 0.01s.
2019-03-23 14:25:46,106 [BombeRLeWorld] INFO: STARTING STEP 13
2019-03-23 14:25:46,114 [BombeRLeWorld] INFO: Agent <qn_agent> chose action DOWN in 0.01s.
2019-03-23 14:25:46,211 [BombeRLeWorld] INFO: STARTING STEP 14
2019-03-23 14:25:46,222 [BombeRLeWorld] INFO: Agent <qn_agent> chose action UP in 0.01s.
2019-03-23 14:25:46,314 [BombeRLeWorld] INFO: STARTING STEP 15
2019-03-23 14:25:46,329 [BombeRLeWorld] INFO: Agent <qn_agent> chose action DOWN in 0.01s.
2019-03-23 14:25:46,419 [BombeRLeWorld] INFO: STARTING STEP 16
2019-03-23 14:25:46,427 [BombeRLeWorld] INFO: Agent <qn_agent> chose action UP in 0.01s.
2019-03-23 14:25:46,524 [BombeRLeWorld] INFO: STARTING STEP 17
2019-03-23 14:25:46,539 [BombeRLeWorld] INFO: Agent <qn_agent> chose action DOWN in 0.01s.
2019-03-23 14:25:46,628 [BombeRLeWorld] INFO: STARTING STEP 18
2019-03-23 14:25:46,636 [BombeRLeWorld] INFO: Agent <qn_agent> chose action UP in 0.01s.
2019-03-23 14:25:46,732 [BombeRLeWorld] INFO: STARTING STEP 19
2019-03-23 14:25:46,744 [BombeRLeWorld] INFO: Agent <qn_agent> chose action DOWN in 0.01s.
2019-03-23 14:25:46,837 [BombeRLeWorld] INFO: STARTING STEP 20
2019-03-23 14:25:46,849 [BombeRLeWorld] INFO: Agent <qn_agent> chose action UP in 0.01s.
2019-03-23 14:25:46,942 [BombeRLeWorld] INFO: STARTING STEP 21
2019-03-23 14:25:46,956 [BombeRLeWorld] INFO: Agent <qn_agent> chose action DOWN in 0.01s.
2019-03-23 14:25:47,046 [BombeRLeWorld] INFO: STARTING STEP 22
2019-03-23 14:25:47,053 [BombeRLeWorld] INFO: Agent <qn_agent> chose action UP in 0.01s.
2019-03-23 14:25:47,150 [BombeRLeWorld] INFO: STARTING STEP 23
2019-03-23 14:25:47,162 [BombeRLeWorld] INFO: Agent <qn_agent> chose action DOWN in 0.01s.
2019-03-23 14:25:47,255 [BombeRLeWorld] INFO: STARTING STEP 24
2019-03-23 14:25:47,264 [BombeRLeWorld] INFO: Agent <qn_agent> chose action RIGHT in 0.01s.
2019-03-23 14:25:47,359 [BombeRLeWorld] INFO: STARTING STEP 25
2019-03-23 14:25:47,372 [BombeRLeWorld] INFO: Agent <qn_agent> chose action UP in 0.01s.
2019-03-23 14:25:47,464 [BombeRLeWorld] INFO: STARTING STEP 26
2019-03-23 14:25:47,477 [BombeRLeWorld] INFO: Agent <qn_agent> chose action DOWN in 0.01s.
2019-03-23 14:25:47,569 [BombeRLeWorld] INFO: STARTING STEP 27
2019-03-23 14:25:47,584 [BombeRLeWorld] INFO: Agent <qn_agent> chose action UP in 0.01s.
2019-03-23 14:25:47,674 [BombeRLeWorld] INFO: STARTING STEP 28
2019-03-23 14:25:47,686 [BombeRLeWorld] INFO: Agent <qn_agent> chose action DOWN in 0.01s.
2019-03-23 14:25:47,777 [BombeRLeWorld] INFO: STARTING STEP 29
2019-03-23 14:25:47,789 [BombeRLeWorld] INFO: Agent <qn_agent> chose action UP in 0.01s.
2019-03-23 14:25:47,882 [BombeRLeWorld] INFO: STARTING STEP 30
2019-03-23 14:25:47,895 [BombeRLeWorld] INFO: Agent <qn_agent> chose action DOWN in 0.01s.
2019-03-23 14:25:47,988 [BombeRLeWorld] INFO: STARTING STEP 31
2019-03-23 14:25:48,001 [BombeRLeWorld] INFO: Agent <qn_agent> chose action UP in 0.01s.
2019-03-23 14:25:48,093 [BombeRLeWorld] INFO: STARTING STEP 32
2019-03-23 14:25:48,105 [BombeRLeWorld] INFO: Agent <qn_agent> chose action DOWN in 0.01s.
2019-03-23 14:25:48,198 [BombeRLeWorld] INFO: STARTING STEP 33
2019-03-23 14:25:48,206 [BombeRLeWorld] INFO: Agent <qn_agent> chose action UP in 0.01s.
2019-03-23 14:25:48,302 [BombeRLeWorld] INFO: STARTING STEP 34
2019-03-23 14:25:48,315 [BombeRLeWorld] INFO: Agent <qn_agent> chose action DOWN in 0.01s.
2019-03-23 14:25:48,407 [BombeRLeWorld] INFO: STARTING STEP 35
2019-03-23 14:25:48,427 [BombeRLeWorld] INFO: Agent <qn_agent> chose action UP in 0.01s.
2019-03-23 14:25:48,511 [BombeRLeWorld] INFO: STARTING STEP 36
2019-03-23 14:25:48,523 [BombeRLeWorld] INFO: Agent <qn_agent> chose action DOWN in 0.01s.
2019-03-23 14:25:48,615 [BombeRLeWorld] INFO: STARTING STEP 37
2019-03-23 14:25:48,627 [BombeRLeWorld] INFO: Agent <qn_agent> chose action UP in 0.01s.
2019-03-23 14:25:48,720 [BombeRLeWorld] INFO: STARTING STEP 38
2019-03-23 14:25:48,734 [BombeRLeWorld] INFO: Agent <qn_agent> chose action DOWN in 0.01s.
2019-03-23 14:25:48,823 [BombeRLeWorld] INFO: STARTING STEP 39
2019-03-23 14:25:48,836 [BombeRLeWorld] INFO: Agent <qn_agent> chose action UP in 0.01s.
2019-03-23 14:25:48,928 [BombeRLeWorld] INFO: STARTING STEP 40
2019-03-23 14:25:48,941 [BombeRLeWorld] INFO: Agent <qn_agent> chose action DOWN in 0.01s.
2019-03-23 14:25:49,033 [BombeRLeWorld] INFO: STARTING STEP 41
2019-03-23 14:25:49,044 [BombeRLeWorld] INFO: Agent <qn_agent> chose action UP in 0.01s.
2019-03-23 14:25:49,137 [BombeRLeWorld] INFO: STARTING STEP 42
2019-03-23 14:25:49,145 [BombeRLeWorld] INFO: Agent <qn_agent> chose action DOWN in 0.01s.
2019-03-23 14:25:49,242 [BombeRLeWorld] INFO: STARTING STEP 43
2019-03-23 14:25:49,255 [BombeRLeWorld] INFO: Agent <qn_agent> chose action UP in 0.01s.
2019-03-23 14:25:49,346 [BombeRLeWorld] INFO: STARTING STEP 44
2019-03-23 14:25:49,368 [BombeRLeWorld] INFO: Agent <qn_agent> chose action DOWN in 0.01s.
2019-03-23 14:25:49,449 [BombeRLeWorld] INFO: STARTING STEP 45
2019-03-23 14:25:49,457 [BombeRLeWorld] INFO: Agent <qn_agent> chose action UP in 0.01s.
2019-03-23 14:25:49,553 [BombeRLeWorld] INFO: STARTING STEP 46
2019-03-23 14:25:49,561 [BombeRLeWorld] INFO: Agent <qn_agent> chose action DOWN in 0.01s.
2019-03-23 14:25:49,658 [BombeRLeWorld] INFO: STARTING STEP 47
2019-03-23 14:25:49,670 [BombeRLeWorld] INFO: Agent <qn_agent> chose action UP in 0.01s.
2019-03-23 14:25:49,763 [BombeRLeWorld] INFO: STARTING STEP 48
2019-03-23 14:25:49,776 [BombeRLeWorld] INFO: Agent <qn_agent> chose action DOWN in 0.01s.
2019-03-23 14:25:49,868 [BombeRLeWorld] INFO: STARTING STEP 49
2019-03-23 14:25:49,880 [BombeRLeWorld] INFO: Agent <qn_agent> chose action UP in 0.01s.
2019-03-23 14:25:49,973 [BombeRLeWorld] INFO: STARTING STEP 50
2019-03-23 14:25:49,985 [BombeRLeWorld] INFO: Agent <qn_agent> chose action DOWN in 0.01s.
2019-03-23 14:25:50,078 [BombeRLeWorld] INFO: STARTING STEP 51
2019-03-23 14:25:50,089 [BombeRLeWorld] INFO: Agent <qn_agent> chose action UP in 0.01s.
2019-03-23 14:25:50,183 [BombeRLeWorld] INFO: STARTING STEP 52
2019-03-23 14:25:50,195 [BombeRLeWorld] INFO: Agent <qn_agent> chose action DOWN in 0.01s.
2019-03-23 14:25:50,286 [BombeRLeWorld] INFO: STARTING STEP 53
2019-03-23 14:25:50,305 [BombeRLeWorld] INFO: Agent <qn_agent> chose action UP in 0.01s.
2019-03-23 14:25:50,391 [BombeRLeWorld] INFO: STARTING STEP 54
2019-03-23 14:25:50,401 [BombeRLeWorld] INFO: Agent <qn_agent> chose action DOWN in 0.01s.
2019-03-23 14:25:50,496 [BombeRLeWorld] INFO: STARTING STEP 55
2019-03-23 14:25:50,504 [BombeRLeWorld] INFO: Agent <qn_agent> chose action UP in 0.01s.
2019-03-23 14:25:50,600 [BombeRLeWorld] INFO: STARTING STEP 56
2019-03-23 14:25:50,614 [BombeRLeWorld] INFO: Agent <qn_agent> chose action DOWN in 0.01s.
2019-03-23 14:25:50,703 [BombeRLeWorld] INFO: STARTING STEP 57
2019-03-23 14:25:50,711 [BombeRLeWorld] INFO: Agent <qn_agent> chose action LEFT in 0.01s.
2019-03-23 14:25:50,808 [BombeRLeWorld] INFO: STARTING STEP 58
2019-03-23 14:25:50,821 [BombeRLeWorld] INFO: Agent <qn_agent> chose action UP in 0.01s.
2019-03-23 14:25:50,912 [BombeRLeWorld] INFO: STARTING STEP 59
2019-03-23 14:25:50,925 [BombeRLeWorld] INFO: Agent <qn_agent> chose action RIGHT in 0.01s.
2019-03-23 14:25:51,017 [BombeRLeWorld] INFO: STARTING STEP 60
2019-03-23 14:25:51,029 [BombeRLeWorld] INFO: Agent <qn_agent> chose action DOWN in 0.01s.
2019-03-23 14:25:51,124 [BombeRLeWorld] INFO: STARTING STEP 61
2019-03-23 14:25:51,138 [BombeRLeWorld] INFO: Agent <qn_agent> chose action UP in 0.01s.
2019-03-23 14:25:51,227 [BombeRLeWorld] INFO: STARTING STEP 62
2019-03-23 14:25:51,241 [BombeRLeWorld] INFO: Agent <qn_agent> chose action DOWN in 0.01s.
2019-03-23 14:25:51,331 [BombeRLeWorld] INFO: STARTING STEP 63
2019-03-23 14:25:51,339 [BombeRLeWorld] INFO: Agent <qn_agent> chose action UP in 0.01s.
2019-03-23 14:25:51,434 [BombeRLeWorld] INFO: STARTING STEP 64
2019-03-23 14:25:51,442 [BombeRLeWorld] INFO: Agent <qn_agent> chose action DOWN in 0.01s.
2019-03-23 14:25:51,539 [BombeRLeWorld] INFO: STARTING STEP 65
2019-03-23 14:25:51,553 [BombeRLeWorld] INFO: Agent <qn_agent> chose action UP in 0.01s.
2019-03-23 14:25:51,643 [BombeRLeWorld] INFO: STARTING STEP 66
2019-03-23 14:25:51,656 [BombeRLeWorld] INFO: Agent <qn_agent> chose action DOWN in 0.01s.
2019-03-23 14:25:51,748 [BombeRLeWorld] INFO: STARTING STEP 67
2019-03-23 14:25:51,765 [BombeRLeWorld] INFO: Agent <qn_agent> chose action UP in 0.01s.
2019-03-23 14:25:51,852 [BombeRLeWorld] INFO: STARTING STEP 68
2019-03-23 14:25:51,865 [BombeRLeWorld] INFO: Agent <qn_agent> chose action DOWN in 0.01s.
2019-03-23 14:25:51,958 [BombeRLeWorld] INFO: STARTING STEP 69
2019-03-23 14:25:51,969 [BombeRLeWorld] INFO: Agent <qn_agent> chose action UP in 0.01s.
2019-03-23 14:25:52,062 [BombeRLeWorld] INFO: STARTING STEP 70
2019-03-23 14:25:52,073 [BombeRLeWorld] INFO: Agent <qn_agent> chose action DOWN in 0.01s.
2019-03-23 14:25:52,166 [BombeRLeWorld] INFO: STARTING STEP 71
2019-03-23 14:25:52,185 [BombeRLeWorld] INFO: Agent <qn_agent> chose action UP in 0.01s.
2019-03-23 14:25:52,271 [BombeRLeWorld] INFO: STARTING STEP 72
2019-03-23 14:25:52,283 [BombeRLeWorld] INFO: Agent <qn_agent> chose action UP in 0.01s.
2019-03-23 14:25:52,376 [BombeRLeWorld] INFO: STARTING STEP 73
2019-03-23 14:25:52,384 [BombeRLeWorld] INFO: Agent <qn_agent> chose action UP in 0.01s.
2019-03-23 14:25:52,480 [BombeRLeWorld] INFO: STARTING STEP 74
2019-03-23 14:25:52,490 [BombeRLeWorld] INFO: Agent <qn_agent> chose action UP in 0.01s.
2019-03-23 14:25:52,490 [BombeRLeWorld] INFO: Agent <qn_agent> picked up coin at (15, 10) and receives 1 point
2019-03-23 14:25:52,585 [BombeRLeWorld] INFO: STARTING STEP 75
2019-03-23 14:25:52,598 [BombeRLeWorld] INFO: Agent <qn_agent> chose action DOWN in 0.01s.
2019-03-23 14:25:52,690 [BombeRLeWorld] INFO: STARTING STEP 76
2019-03-23 14:25:52,708 [BombeRLeWorld] INFO: Agent <qn_agent> chose action UP in 0.01s.
2019-03-23 14:25:52,794 [BombeRLeWorld] INFO: STARTING STEP 77
2019-03-23 14:25:52,802 [BombeRLeWorld] INFO: Agent <qn_agent> chose action DOWN in 0.01s.
2019-03-23 14:25:52,899 [BombeRLeWorld] INFO: STARTING STEP 78
2019-03-23 14:25:52,907 [BombeRLeWorld] INFO: Agent <qn_agent> chose action DOWN in 0.01s.
2019-03-23 14:25:53,004 [BombeRLeWorld] INFO: STARTING STEP 79
2019-03-23 14:25:53,016 [BombeRLeWorld] INFO: Agent <qn_agent> chose action DOWN in 0.01s.
2019-03-23 14:25:53,109 [BombeRLeWorld] INFO: STARTING STEP 80
2019-03-23 14:25:53,123 [BombeRLeWorld] INFO: Agent <qn_agent> chose action DOWN in 0.01s.
2019-03-23 14:25:53,215 [BombeRLeWorld] INFO: STARTING STEP 81
2019-03-23 14:25:53,228 [BombeRLeWorld] INFO: Agent <qn_agent> chose action DOWN in 0.01s.
2019-03-23 14:25:53,319 [BombeRLeWorld] INFO: STARTING STEP 82
2019-03-23 14:25:53,331 [BombeRLeWorld] INFO: Agent <qn_agent> chose action LEFT in 0.01s.
2019-03-23 14:25:53,423 [BombeRLeWorld] INFO: STARTING STEP 83
2019-03-23 14:25:53,431 [BombeRLeWorld] INFO: Agent <qn_agent> chose action LEFT in 0.01s.
2019-03-23 14:25:53,526 [BombeRLeWorld] INFO: STARTING STEP 84
2019-03-23 14:25:53,538 [BombeRLeWorld] INFO: Agent <qn_agent> chose action DOWN in 0.01s.
2019-03-23 14:25:53,630 [BombeRLeWorld] INFO: STARTING STEP 85
2019-03-23 14:25:53,644 [BombeRLeWorld] INFO: Agent <qn_agent> chose action RIGHT in 0.01s.
2019-03-23 14:25:53,733 [BombeRLeWorld] INFO: STARTING STEP 86
2019-03-23 14:25:53,740 [BombeRLeWorld] INFO: Agent <qn_agent> chose action LEFT in 0.01s.
2019-03-23 14:25:53,838 [BombeRLeWorld] INFO: STARTING STEP 87
2019-03-23 14:25:53,846 [BombeRLeWorld] INFO: Agent <qn_agent> chose action RIGHT in 0.01s.
2019-03-23 14:25:53,943 [BombeRLeWorld] INFO: STARTING STEP 88
2019-03-23 14:25:53,959 [BombeRLeWorld] INFO: Agent <qn_agent> chose action LEFT in 0.01s.
2019-03-23 14:25:54,047 [BombeRLeWorld] INFO: STARTING STEP 89
2019-03-23 14:25:54,060 [BombeRLeWorld] INFO: Agent <qn_agent> chose action UP in 0.01s.
2019-03-23 14:25:54,060 [BombeRLeWorld] INFO: Agent <qn_agent> picked up coin at (13, 14) and receives 1 point
2019-03-23 14:25:54,152 [BombeRLeWorld] INFO: STARTING STEP 90
2019-03-23 14:25:54,164 [BombeRLeWorld] INFO: Agent <qn_agent> chose action UP in 0.01s.
2019-03-23 14:25:54,257 [BombeRLeWorld] INFO: STARTING STEP 91
2019-03-23 14:25:54,268 [BombeRLeWorld] INFO: Agent <qn_agent> chose action UP in 0.01s.
2019-03-23 14:25:54,362 [BombeRLeWorld] INFO: STARTING STEP 92
2019-03-23 14:25:54,375 [BombeRLeWorld] INFO: Agent <qn_agent> chose action UP in 0.01s.
2019-03-23 14:25:54,464 [BombeRLeWorld] INFO: STARTING STEP 93
2019-03-23 14:25:54,478 [BombeRLeWorld] INFO: Agent <qn_agent> chose action LEFT in 0.01s.
2019-03-23 14:25:54,569 [BombeRLeWorld] INFO: STARTING STEP 94
2019-03-23 14:25:54,585 [BombeRLeWorld] INFO: Agent <qn_agent> chose action LEFT in 0.01s.
2019-03-23 14:25:54,674 [BombeRLeWorld] INFO: STARTING STEP 95
2019-03-23 14:25:54,687 [BombeRLeWorld] INFO: Agent <qn_agent> chose action UP in 0.01s.
2019-03-23 14:25:54,778 [BombeRLeWorld] INFO: STARTING STEP 96
2019-03-23 14:25:54,790 [BombeRLeWorld] INFO: Agent <qn_agent> chose action UP in 0.01s.
2019-03-23 14:25:54,883 [BombeRLeWorld] INFO: STARTING STEP 97
2019-03-23 14:25:54,898 [BombeRLeWorld] INFO: Agent <qn_agent> chose action LEFT in 0.01s.
2019-03-23 14:25:54,988 [BombeRLeWorld] INFO: STARTING STEP 98
2019-03-23 14:25:55,007 [BombeRLeWorld] INFO: Agent <qn_agent> chose action LEFT in 0.01s.
2019-03-23 14:25:55,007 [BombeRLeWorld] INFO: Agent <qn_agent> picked up coin at (9, 9) and receives 1 point
2019-03-23 14:25:55,092 [BombeRLeWorld] INFO: STARTING STEP 99
2019-03-23 14:25:55,104 [BombeRLeWorld] INFO: Agent <qn_agent> chose action UP in 0.01s.
2019-03-23 14:25:55,196 [BombeRLeWorld] INFO: STARTING STEP 100
2019-03-23 14:25:55,210 [BombeRLeWorld] INFO: Agent <qn_agent> chose action UP in 0.01s.
2019-03-23 14:25:55,301 [BombeRLeWorld] INFO: STARTING STEP 101
2019-03-23 14:25:55,312 [BombeRLeWorld] INFO: Agent <qn_agent> chose action LEFT in 0.01s.
2019-03-23 14:25:55,405 [BombeRLeWorld] INFO: STARTING STEP 102
2019-03-23 14:25:55,417 [BombeRLeWorld] INFO: Agent <qn_agent> chose action UP in 0.01s.
2019-03-23 14:25:55,509 [BombeRLeWorld] INFO: STARTING STEP 103
2019-03-23 14:25:55,528 [BombeRLeWorld] INFO: Agent <qn_agent> chose action RIGHT in 0.01s.
2019-03-23 14:25:55,614 [BombeRLeWorld] INFO: STARTING STEP 104
2019-03-23 14:25:55,628 [BombeRLeWorld] INFO: Agent <qn_agent> chose action DOWN in 0.01s.
2019-03-23 14:25:55,719 [BombeRLeWorld] INFO: STARTING STEP 105
2019-03-23 14:25:55,726 [BombeRLeWorld] INFO: Agent <qn_agent> chose action UP in 0.01s.
2019-03-23 14:25:55,824 [BombeRLeWorld] INFO: STARTING STEP 106
2019-03-23 14:25:55,836 [BombeRLeWorld] INFO: Agent <qn_agent> chose action UP in 0.01s.
2019-03-23 14:25:55,928 [BombeRLeWorld] INFO: STARTING STEP 107
2019-03-23 14:25:55,941 [BombeRLeWorld] INFO: Agent <qn_agent> chose action UP in 0.01s.
2019-03-23 14:25:56,034 [BombeRLeWorld] INFO: STARTING STEP 108
2019-03-23 14:25:56,046 [BombeRLeWorld] INFO: Agent <qn_agent> chose action LEFT in 0.01s.
2019-03-23 14:25:56,136 [BombeRLeWorld] INFO: STARTING STEP 109
2019-03-23 14:25:56,144 [BombeRLeWorld] INFO: Agent <qn_agent> chose action LEFT in 0.01s.
2019-03-23 14:25:56,144 [BombeRLeWorld] INFO: Agent <qn_agent> picked up coin at (7, 5) and receives 1 point
2019-03-23 14:25:56,241 [BombeRLeWorld] INFO: STARTING STEP 110
2019-03-23 14:25:56,249 [BombeRLeWorld] INFO: Agent <qn_agent> chose action RIGHT in 0.01s.
2019-03-23 14:25:56,346 [BombeRLeWorld] INFO: STARTING STEP 111
2019-03-23 14:25:56,358 [BombeRLeWorld] INFO: Agent <qn_agent> chose action RIGHT in 0.01s.
2019-03-23 14:25:56,450 [BombeRLeWorld] INFO: STARTING STEP 112
2019-03-23 14:25:56,467 [BombeRLeWorld] INFO: Agent <qn_agent> chose action RIGHT in 0.01s.
2019-03-23 14:25:56,555 [BombeRLeWorld] INFO: STARTING STEP 113
2019-03-23 14:25:56,567 [BombeRLeWorld] INFO: Agent <qn_agent> chose action RIGHT in 0.01s.
2019-03-23 14:25:56,660 [BombeRLeWorld] INFO: STARTING STEP 114
2019-03-23 14:25:56,671 [BombeRLeWorld] INFO: Agent <qn_agent> chose action DOWN in 0.01s.
2019-03-23 14:25:56,764 [BombeRLeWorld] INFO: STARTING STEP 115
2019-03-23 14:25:56,776 [BombeRLeWorld] INFO: Agent <qn_agent> chose action UP in 0.01s.
2019-03-23 14:25:56,869 [BombeRLeWorld] INFO: STARTING STEP 116
2019-03-23 14:25:56,881 [BombeRLeWorld] INFO: Agent <qn_agent> chose action UP in 0.01s.
2019-03-23 14:25:56,973 [BombeRLeWorld] INFO: STARTING STEP 117
2019-03-23 14:25:56,985 [BombeRLeWorld] INFO: Agent <qn_agent> chose action UP in 0.01s.
2019-03-23 14:25:57,077 [BombeRLeWorld] INFO: STARTING STEP 118
2019-03-23 14:25:57,090 [BombeRLeWorld] INFO: Agent <qn_agent> chose action BOMB in 0.01s.
2019-03-23 14:25:57,090 [BombeRLeWorld] INFO: Agent <qn_agent> drops bomb at (11, 3)
2019-03-23 14:25:57,181 [BombeRLeWorld] INFO: STARTING STEP 119
2019-03-23 14:25:57,194 [BombeRLeWorld] INFO: Agent <qn_agent> chose action RIGHT in 0.01s.
2019-03-23 14:25:57,194 [BombeRLeWorld] INFO: Agent <qn_agent> picked up coin at (12, 3) and receives 1 point
2019-03-23 14:25:57,286 [BombeRLeWorld] INFO: STARTING STEP 120
2019-03-23 14:25:57,298 [BombeRLeWorld] INFO: Agent <qn_agent> chose action RIGHT in 0.01s.
2019-03-23 14:25:57,397 [BombeRLeWorld] INFO: STARTING STEP 121
2019-03-23 14:25:57,417 [BombeRLeWorld] INFO: Agent <qn_agent> chose action LEFT in 0.01s.
2019-03-23 14:25:57,502 [BombeRLeWorld] INFO: STARTING STEP 122
2019-03-23 14:25:57,514 [BombeRLeWorld] INFO: Agent <qn_agent> chose action LEFT in 0.01s.
2019-03-23 14:25:57,604 [BombeRLeWorld] INFO: STARTING STEP 123
2019-03-23 14:25:57,617 [BombeRLeWorld] INFO: Agent <qn_agent> chose action LEFT in 0.01s.
2019-03-23 14:25:57,618 [BombeRLeWorld] INFO: Agent <qn_agent>'s bomb at (11, 3) explodes
2019-03-23 14:25:57,618 [BombeRLeWorld] INFO: Agent <qn_agent> blown up by own bomb
2019-03-23 14:25:57,619 [BombeRLeWorld] INFO: No agent left alive, wrap up round
2019-03-23 14:25:57,723 [BombeRLeWorld] INFO: WRAPPING UP ROUND #4
2019-03-23 14:26:01,540 [BombeRLeWorld] WARNING: End-of-round requested while no round was running
2019-03-23 14:26:01,541 [BombeRLeWorld] INFO: SHUT DOWN
