2019-03-25 12:07:54,632 [BombeRLeWorld] INFO: Initializing game world
2019-03-25 12:07:54,843 [BombeRLeWorld] INFO: Starting process for agent <simple_agent_0>
2019-03-25 12:07:54,923 [BombeRLeWorld] INFO: Starting process for agent <simple_agent_1>
2019-03-25 12:07:54,942 [BombeRLeWorld] INFO: Starting process for agent <qn_agent>
2019-03-25 12:07:57,193 [BombeRLeWorld] INFO: STARTING ROUND #1
2019-03-25 12:07:57,302 [BombeRLeWorld] INFO: STARTING STEP 1
2019-03-25 12:07:57,344 [BombeRLeWorld] INFO: Agent <simple_agent_0> chose action RIGHT in 0.00s.
2019-03-25 12:07:57,345 [BombeRLeWorld] INFO: Agent <qn_agent> chose action BOMB in 0.04s.
2019-03-25 12:07:57,345 [BombeRLeWorld] INFO: Agent <qn_agent> drops bomb at (15, 1)
2019-03-25 12:07:57,345 [BombeRLeWorld] INFO: Agent <simple_agent_1> chose action LEFT in 0.00s.
2019-03-25 12:07:57,405 [BombeRLeWorld] INFO: STARTING STEP 2
2019-03-25 12:07:57,422 [BombeRLeWorld] INFO: Agent <qn_agent> chose action LEFT in 0.01s.
2019-03-25 12:07:57,423 [BombeRLeWorld] INFO: Agent <simple_agent_1> chose action BOMB in 0.00s.
2019-03-25 12:07:57,423 [BombeRLeWorld] INFO: Agent <simple_agent_1> drops bomb at (14, 15)
2019-03-25 12:07:57,423 [BombeRLeWorld] INFO: Agent <simple_agent_0> chose action BOMB in 0.00s.
2019-03-25 12:07:57,423 [BombeRLeWorld] INFO: Agent <simple_agent_0> drops bomb at (2, 15)
2019-03-25 12:07:57,510 [BombeRLeWorld] INFO: STARTING STEP 3
2019-03-25 12:07:57,532 [BombeRLeWorld] INFO: Agent <qn_agent> chose action RIGHT in 0.01s.
2019-03-25 12:07:57,532 [BombeRLeWorld] INFO: Agent <simple_agent_1> chose action RIGHT in 0.00s.
2019-03-25 12:07:57,532 [BombeRLeWorld] INFO: Agent <simple_agent_0> chose action LEFT in 0.00s.
2019-03-25 12:07:57,614 [BombeRLeWorld] INFO: STARTING STEP 4
2019-03-25 12:07:57,639 [BombeRLeWorld] INFO: Agent <simple_agent_0> chose action UP in 0.00s.
2019-03-25 12:07:57,639 [BombeRLeWorld] INFO: Agent <simple_agent_1> chose action UP in 0.00s.
2019-03-25 12:07:57,639 [BombeRLeWorld] INFO: Agent <qn_agent> chose action BOMB in 0.02s.
2019-03-25 12:07:57,722 [BombeRLeWorld] INFO: STARTING STEP 5
2019-03-25 12:07:57,744 [BombeRLeWorld] INFO: Agent <qn_agent> chose action BOMB in 0.02s.
2019-03-25 12:07:57,744 [BombeRLeWorld] INFO: Agent <simple_agent_1> chose action DOWN in 0.00s.
2019-03-25 12:07:57,745 [BombeRLeWorld] INFO: Agent <simple_agent_0> chose action DOWN in 0.00s.
2019-03-25 12:07:57,825 [BombeRLeWorld] INFO: STARTING STEP 6
2019-03-25 12:07:57,848 [BombeRLeWorld] INFO: Agent <simple_agent_0> chose action UP in 0.00s.
2019-03-25 12:07:57,848 [BombeRLeWorld] INFO: Agent <qn_agent> chose action BOMB in 0.02s.
2019-03-25 12:07:57,848 [BombeRLeWorld] INFO: Agent <simple_agent_1> chose action UP in 0.00s.
2019-03-25 12:07:57,849 [BombeRLeWorld] INFO: Agent <qn_agent>'s bomb at (15, 1) explodes
2019-03-25 12:07:57,849 [BombeRLeWorld] INFO: Coin found at (13, 1)
2019-03-25 12:07:57,850 [BombeRLeWorld] INFO: Agent <qn_agent> blown up by own bomb
2019-03-25 12:07:57,851 [BombeRLeWorld] INFO: No training agent left alive, wrap up round
2019-03-25 12:07:57,954 [BombeRLeWorld] INFO: WRAPPING UP ROUND #1
2019-03-25 12:07:58,037 [BombeRLeWorld] INFO: Agent <qn_agent> loses 1 point for being slowest (avg. 0.019s)
2019-03-25 12:08:03,663 [BombeRLeWorld] INFO: STARTING ROUND #2
2019-03-25 12:08:03,676 [BombeRLeWorld] INFO: STARTING STEP 1
2019-03-25 12:08:03,694 [BombeRLeWorld] INFO: Agent <qn_agent> chose action LEFT in 0.01s.
2019-03-25 12:08:03,695 [BombeRLeWorld] INFO: Agent <simple_agent_1> chose action LEFT in 0.00s.
2019-03-25 12:08:03,695 [BombeRLeWorld] INFO: Agent <simple_agent_0> chose action DOWN in 0.00s.
2019-03-25 12:08:03,780 [BombeRLeWorld] INFO: STARTING STEP 2
2019-03-25 12:08:03,796 [BombeRLeWorld] INFO: Agent <simple_agent_0> chose action BOMB in 0.00s.
2019-03-25 12:08:03,796 [BombeRLeWorld] INFO: Agent <simple_agent_0> drops bomb at (1, 2)
2019-03-25 12:08:03,797 [BombeRLeWorld] INFO: Agent <simple_agent_1> chose action BOMB in 0.00s.
2019-03-25 12:08:03,797 [BombeRLeWorld] INFO: Agent <simple_agent_1> drops bomb at (14, 1)
2019-03-25 12:08:03,797 [BombeRLeWorld] INFO: Agent <qn_agent> chose action WAIT in 0.01s.
2019-03-25 12:08:03,884 [BombeRLeWorld] INFO: STARTING STEP 3
2019-03-25 12:08:03,901 [BombeRLeWorld] INFO: Agent <simple_agent_1> chose action RIGHT in 0.00s.
2019-03-25 12:08:03,901 [BombeRLeWorld] INFO: Agent <qn_agent> chose action RIGHT in 0.01s.
2019-03-25 12:08:03,901 [BombeRLeWorld] INFO: Agent <simple_agent_0> chose action UP in 0.00s.
2019-03-25 12:08:03,989 [BombeRLeWorld] INFO: STARTING STEP 4
2019-03-25 12:08:04,008 [BombeRLeWorld] INFO: Agent <simple_agent_0> chose action RIGHT in 0.00s.
2019-03-25 12:08:04,009 [BombeRLeWorld] INFO: Agent <simple_agent_1> chose action DOWN in 0.00s.
2019-03-25 12:08:04,009 [BombeRLeWorld] INFO: Agent <qn_agent> chose action UP in 0.01s.
2019-03-25 12:08:04,093 [BombeRLeWorld] INFO: STARTING STEP 5
2019-03-25 12:08:04,115 [BombeRLeWorld] INFO: Agent <simple_agent_0> chose action LEFT in 0.00s.
2019-03-25 12:08:04,115 [BombeRLeWorld] INFO: Agent <simple_agent_1> chose action DOWN in 0.00s.
2019-03-25 12:08:04,116 [BombeRLeWorld] INFO: Agent <qn_agent> chose action WAIT in 0.01s.
2019-03-25 12:08:04,198 [BombeRLeWorld] INFO: STARTING STEP 6
2019-03-25 12:08:04,214 [BombeRLeWorld] INFO: Agent <qn_agent> chose action DOWN in 0.01s.
2019-03-25 12:08:04,214 [BombeRLeWorld] INFO: Agent <simple_agent_0> chose action RIGHT in 0.00s.
2019-03-25 12:08:04,214 [BombeRLeWorld] INFO: Agent <simple_agent_1> chose action UP in 0.00s.
2019-03-25 12:08:04,302 [BombeRLeWorld] INFO: STARTING STEP 7
2019-03-25 12:08:04,318 [BombeRLeWorld] INFO: Agent <qn_agent> chose action LEFT in 0.01s.
2019-03-25 12:08:04,318 [BombeRLeWorld] INFO: Agent <simple_agent_0> chose action WAIT in 0.00s.
2019-03-25 12:08:04,318 [BombeRLeWorld] INFO: Agent <simple_agent_1> chose action DOWN in 0.00s.
2019-03-25 12:08:04,318 [BombeRLeWorld] INFO: Agent <simple_agent_0>'s bomb at (1, 2) explodes
2019-03-25 12:08:04,319 [BombeRLeWorld] INFO: Agent <simple_agent_1>'s bomb at (14, 1) explodes
2019-03-25 12:08:04,319 [BombeRLeWorld] INFO: Coin found at (13, 1)
2019-03-25 12:08:04,407 [BombeRLeWorld] INFO: STARTING STEP 8
2019-03-25 12:08:04,429 [BombeRLeWorld] INFO: Agent <simple_agent_1> chose action BOMB in 0.00s.
2019-03-25 12:08:04,430 [BombeRLeWorld] INFO: Agent <simple_agent_1> drops bomb at (15, 3)
2019-03-25 12:08:04,430 [BombeRLeWorld] INFO: Agent <simple_agent_0> chose action BOMB in 0.00s.
2019-03-25 12:08:04,430 [BombeRLeWorld] INFO: Agent <simple_agent_0> drops bomb at (2, 1)
2019-03-25 12:08:04,431 [BombeRLeWorld] INFO: Agent <qn_agent> chose action DOWN in 0.01s.
2019-03-25 12:08:04,513 [BombeRLeWorld] INFO: STARTING STEP 9
2019-03-25 12:08:04,539 [BombeRLeWorld] INFO: Agent <simple_agent_0> chose action LEFT in 0.00s.
2019-03-25 12:08:04,539 [BombeRLeWorld] INFO: Agent <simple_agent_1> chose action UP in 0.00s.
2019-03-25 12:08:04,539 [BombeRLeWorld] INFO: Agent <qn_agent> chose action WAIT in 0.02s.
2019-03-25 12:08:04,617 [BombeRLeWorld] INFO: STARTING STEP 10
2019-03-25 12:08:04,635 [BombeRLeWorld] INFO: Agent <qn_agent> chose action WAIT in 0.01s.
2019-03-25 12:08:04,635 [BombeRLeWorld] INFO: Agent <simple_agent_1> chose action UP in 0.00s.
2019-03-25 12:08:04,635 [BombeRLeWorld] INFO: Agent <simple_agent_0> chose action DOWN in 0.00s.
2019-03-25 12:08:04,719 [BombeRLeWorld] INFO: STARTING STEP 11
2019-03-25 12:08:04,736 [BombeRLeWorld] INFO: Agent <simple_agent_1> chose action LEFT in 0.00s.
2019-03-25 12:08:04,736 [BombeRLeWorld] INFO: Agent <qn_agent> chose action WAIT in 0.01s.
2019-03-25 12:08:04,736 [BombeRLeWorld] INFO: Agent <simple_agent_0> chose action DOWN in 0.00s.
2019-03-25 12:08:04,824 [BombeRLeWorld] INFO: STARTING STEP 12
2019-03-25 12:08:04,840 [BombeRLeWorld] INFO: Agent <simple_agent_1> chose action LEFT in 0.00s.
2019-03-25 12:08:04,841 [BombeRLeWorld] INFO: Agent <simple_agent_0> chose action DOWN in 0.00s.
2019-03-25 12:08:04,841 [BombeRLeWorld] INFO: Agent <qn_agent> chose action WAIT in 0.01s.
2019-03-25 12:08:04,841 [BombeRLeWorld] INFO: Agent <simple_agent_1> picked up coin at (13, 1) and receives 1 point
2019-03-25 12:08:04,934 [BombeRLeWorld] INFO: STARTING STEP 13
2019-03-25 12:08:04,957 [BombeRLeWorld] INFO: Agent <simple_agent_1> chose action LEFT in 0.00s.
2019-03-25 12:08:04,957 [BombeRLeWorld] INFO: Agent <qn_agent> chose action RIGHT in 0.02s.
2019-03-25 12:08:04,957 [BombeRLeWorld] INFO: Agent <simple_agent_0> chose action DOWN in 0.00s.
2019-03-25 12:08:04,957 [BombeRLeWorld] INFO: Agent <simple_agent_1>'s bomb at (15, 3) explodes
2019-03-25 12:08:04,958 [BombeRLeWorld] INFO: Agent <simple_agent_0>'s bomb at (2, 1) explodes
2019-03-25 12:08:04,958 [BombeRLeWorld] INFO: Coin found at (4, 1)
2019-03-25 12:08:05,035 [BombeRLeWorld] INFO: STARTING STEP 14
2019-03-25 12:08:05,053 [BombeRLeWorld] INFO: Agent <simple_agent_0> chose action RIGHT in 0.00s.
2019-03-25 12:08:05,053 [BombeRLeWorld] INFO: Agent <qn_agent> chose action WAIT in 0.01s.
2019-03-25 12:08:05,053 [BombeRLeWorld] INFO: Agent <simple_agent_1> chose action LEFT in 0.00s.
2019-03-25 12:08:05,140 [BombeRLeWorld] INFO: STARTING STEP 15
2019-03-25 12:08:05,156 [BombeRLeWorld] INFO: Agent <simple_agent_1> chose action BOMB in 0.00s.
2019-03-25 12:08:05,156 [BombeRLeWorld] INFO: Agent <simple_agent_1> drops bomb at (11, 1)
2019-03-25 12:08:05,157 [BombeRLeWorld] INFO: Agent <qn_agent> chose action WAIT in 0.01s.
2019-03-25 12:08:05,157 [BombeRLeWorld] INFO: Agent <simple_agent_0> chose action BOMB in 0.00s.
2019-03-25 12:08:05,157 [BombeRLeWorld] INFO: Agent <simple_agent_0> drops bomb at (2, 5)
2019-03-25 12:08:05,243 [BombeRLeWorld] INFO: STARTING STEP 16
2019-03-25 12:08:05,272 [BombeRLeWorld] INFO: Agent <simple_agent_1> chose action RIGHT in 0.00s.
2019-03-25 12:08:05,272 [BombeRLeWorld] INFO: Agent <qn_agent> chose action WAIT in 0.01s.
2019-03-25 12:08:05,272 [BombeRLeWorld] INFO: Agent <simple_agent_0> chose action LEFT in 0.00s.
2019-03-25 12:08:05,353 [BombeRLeWorld] INFO: STARTING STEP 17
2019-03-25 12:08:05,381 [BombeRLeWorld] INFO: Agent <simple_agent_1> chose action RIGHT in 0.00s.
2019-03-25 12:08:05,381 [BombeRLeWorld] INFO: Agent <simple_agent_0> chose action DOWN in 0.00s.
2019-03-25 12:08:05,381 [BombeRLeWorld] INFO: Agent <qn_agent> chose action WAIT in 0.02s.
2019-03-25 12:08:05,455 [BombeRLeWorld] INFO: STARTING STEP 18
2019-03-25 12:08:05,475 [BombeRLeWorld] INFO: Agent <simple_agent_0> chose action UP in 0.00s.
2019-03-25 12:08:05,475 [BombeRLeWorld] INFO: Agent <qn_agent> chose action WAIT in 0.02s.
2019-03-25 12:08:05,475 [BombeRLeWorld] INFO: Agent <simple_agent_1> chose action RIGHT in 0.00s.
2019-03-25 12:08:05,555 [BombeRLeWorld] INFO: STARTING STEP 19
2019-03-25 12:08:05,575 [BombeRLeWorld] INFO: Agent <qn_agent> chose action WAIT in 0.02s.
2019-03-25 12:08:05,575 [BombeRLeWorld] INFO: Agent <simple_agent_1> chose action RIGHT in 0.00s.
2019-03-25 12:08:05,575 [BombeRLeWorld] INFO: Agent <simple_agent_0> chose action DOWN in 0.00s.
2019-03-25 12:08:05,660 [BombeRLeWorld] INFO: STARTING STEP 20
2019-03-25 12:08:05,679 [BombeRLeWorld] INFO: Agent <simple_agent_1> chose action DOWN in 0.00s.
2019-03-25 12:08:05,679 [BombeRLeWorld] INFO: Agent <qn_agent> chose action LEFT in 0.01s.
2019-03-25 12:08:05,680 [BombeRLeWorld] INFO: Agent <simple_agent_0> chose action WAIT in 0.00s.
2019-03-25 12:08:05,680 [BombeRLeWorld] INFO: Agent <simple_agent_1>'s bomb at (11, 1) explodes
2019-03-25 12:08:05,681 [BombeRLeWorld] INFO: Agent <simple_agent_0>'s bomb at (2, 5) explodes
2019-03-25 12:08:05,764 [BombeRLeWorld] INFO: STARTING STEP 21
2019-03-25 12:08:05,782 [BombeRLeWorld] INFO: Agent <simple_agent_1> chose action DOWN in 0.00s.
2019-03-25 12:08:05,782 [BombeRLeWorld] INFO: Agent <qn_agent> chose action WAIT in 0.01s.
2019-03-25 12:08:05,783 [BombeRLeWorld] INFO: Agent <simple_agent_0> chose action BOMB in 0.00s.
2019-03-25 12:08:05,783 [BombeRLeWorld] INFO: Agent <simple_agent_0> drops bomb at (1, 6)
2019-03-25 12:08:05,868 [BombeRLeWorld] INFO: STARTING STEP 22
2019-03-25 12:08:05,898 [BombeRLeWorld] INFO: Agent <simple_agent_0> chose action UP in 0.00s.
2019-03-25 12:08:05,898 [BombeRLeWorld] INFO: Agent <simple_agent_1> chose action DOWN in 0.00s.
2019-03-25 12:08:05,899 [BombeRLeWorld] INFO: Agent <qn_agent> chose action WAIT in 0.02s.
2019-03-25 12:08:05,973 [BombeRLeWorld] INFO: STARTING STEP 23
2019-03-25 12:08:05,991 [BombeRLeWorld] INFO: Agent <simple_agent_1> chose action DOWN in 0.00s.
2019-03-25 12:08:05,991 [BombeRLeWorld] INFO: Agent <simple_agent_0> chose action RIGHT in 0.00s.
2019-03-25 12:08:05,991 [BombeRLeWorld] INFO: Agent <qn_agent> chose action WAIT in 0.01s.
2019-03-25 12:08:06,078 [BombeRLeWorld] INFO: STARTING STEP 24
2019-03-25 12:08:06,093 [BombeRLeWorld] INFO: Agent <simple_agent_0> chose action RIGHT in 0.00s.
2019-03-25 12:08:06,093 [BombeRLeWorld] INFO: Agent <simple_agent_1> chose action DOWN in 0.00s.
2019-03-25 12:08:06,093 [BombeRLeWorld] INFO: Agent <qn_agent> chose action WAIT in 0.01s.
2019-03-25 12:08:06,182 [BombeRLeWorld] INFO: STARTING STEP 25
2019-03-25 12:08:06,200 [BombeRLeWorld] INFO: Agent <simple_agent_0> chose action RIGHT in 0.00s.
2019-03-25 12:08:06,201 [BombeRLeWorld] INFO: Agent <qn_agent> chose action WAIT in 0.01s.
2019-03-25 12:08:06,201 [BombeRLeWorld] INFO: Agent <simple_agent_1> chose action BOMB in 0.00s.
2019-03-25 12:08:06,201 [BombeRLeWorld] INFO: Agent <simple_agent_1> drops bomb at (15, 6)
2019-03-25 12:08:06,290 [BombeRLeWorld] INFO: STARTING STEP 26
2019-03-25 12:08:06,313 [BombeRLeWorld] INFO: Agent <qn_agent> chose action WAIT in 0.01s.
2019-03-25 12:08:06,313 [BombeRLeWorld] INFO: Agent <simple_agent_1> chose action UP in 0.01s.
2019-03-25 12:08:06,313 [BombeRLeWorld] INFO: Agent <simple_agent_0> chose action RIGHT in 0.00s.
2019-03-25 12:08:06,314 [BombeRLeWorld] INFO: Agent <simple_agent_0>'s bomb at (1, 6) explodes
2019-03-25 12:08:06,314 [BombeRLeWorld] INFO: Coin found at (1, 7)
2019-03-25 12:08:06,395 [BombeRLeWorld] INFO: STARTING STEP 27
2019-03-25 12:08:06,414 [BombeRLeWorld] INFO: Agent <simple_agent_1> chose action UP in 0.00s.
2019-03-25 12:08:06,415 [BombeRLeWorld] INFO: Agent <qn_agent> chose action WAIT in 0.01s.
2019-03-25 12:08:06,416 [BombeRLeWorld] INFO: Agent <simple_agent_0> chose action UP in 0.00s.
2019-03-25 12:08:06,499 [BombeRLeWorld] INFO: STARTING STEP 28
2019-03-25 12:08:06,514 [BombeRLeWorld] INFO: Agent <qn_agent> chose action WAIT in 0.01s.
2019-03-25 12:08:06,514 [BombeRLeWorld] INFO: Agent <simple_agent_1> chose action UP in 0.01s.
2019-03-25 12:08:06,514 [BombeRLeWorld] INFO: Agent <simple_agent_0> chose action BOMB in 0.00s.
2019-03-25 12:08:06,514 [BombeRLeWorld] INFO: Agent <simple_agent_0> drops bomb at (5, 4)
2019-03-25 12:08:06,602 [BombeRLeWorld] INFO: STARTING STEP 29
2019-03-25 12:08:06,619 [BombeRLeWorld] INFO: Agent <simple_agent_0> chose action DOWN in 0.00s.
2019-03-25 12:08:06,619 [BombeRLeWorld] INFO: Agent <simple_agent_1> chose action LEFT in 0.00s.
2019-03-25 12:08:06,619 [BombeRLeWorld] INFO: Agent <qn_agent> chose action WAIT in 0.01s.
2019-03-25 12:08:06,711 [BombeRLeWorld] INFO: STARTING STEP 30
2019-03-25 12:08:06,736 [BombeRLeWorld] INFO: Agent <simple_agent_0> chose action LEFT in 0.00s.
2019-03-25 12:08:06,737 [BombeRLeWorld] INFO: Agent <simple_agent_1> chose action LEFT in 0.00s.
2019-03-25 12:08:06,737 [BombeRLeWorld] INFO: Agent <qn_agent> chose action DOWN in 0.01s.
2019-03-25 12:08:06,737 [BombeRLeWorld] INFO: Agent <simple_agent_1>'s bomb at (15, 6) explodes
2019-03-25 12:08:06,816 [BombeRLeWorld] INFO: STARTING STEP 31
2019-03-25 12:08:06,836 [BombeRLeWorld] INFO: Agent <simple_agent_1> chose action LEFT in 0.00s.
2019-03-25 12:08:06,836 [BombeRLeWorld] INFO: Agent <simple_agent_0> chose action LEFT in 0.00s.
2019-03-25 12:08:06,836 [BombeRLeWorld] INFO: Agent <qn_agent> chose action WAIT in 0.01s.
2019-03-25 12:08:06,919 [BombeRLeWorld] INFO: STARTING STEP 32
2019-03-25 12:08:06,937 [BombeRLeWorld] INFO: Agent <simple_agent_0> chose action LEFT in 0.00s.
2019-03-25 12:08:06,937 [BombeRLeWorld] INFO: Agent <simple_agent_1> chose action LEFT in 0.00s.
2019-03-25 12:08:06,937 [BombeRLeWorld] INFO: Agent <qn_agent> chose action WAIT in 0.01s.
2019-03-25 12:08:07,021 [BombeRLeWorld] INFO: STARTING STEP 33
2019-03-25 12:08:07,045 [BombeRLeWorld] INFO: Agent <qn_agent> chose action WAIT in 0.01s.
2019-03-25 12:08:07,045 [BombeRLeWorld] INFO: Agent <simple_agent_1> chose action DOWN in 0.00s.
2019-03-25 12:08:07,045 [BombeRLeWorld] INFO: Agent <simple_agent_0> chose action LEFT in 0.00s.
2019-03-25 12:08:07,045 [BombeRLeWorld] INFO: Agent <simple_agent_0>'s bomb at (5, 4) explodes
2019-03-25 12:08:07,126 [BombeRLeWorld] INFO: STARTING STEP 34
2019-03-25 12:08:07,153 [BombeRLeWorld] INFO: Agent <simple_agent_0> chose action DOWN in 0.00s.
2019-03-25 12:08:07,153 [BombeRLeWorld] INFO: Agent <qn_agent> chose action WAIT in 0.02s.
2019-03-25 12:08:07,154 [BombeRLeWorld] INFO: Agent <simple_agent_1> chose action BOMB in 0.00s.
2019-03-25 12:08:07,154 [BombeRLeWorld] INFO: Agent <simple_agent_1> drops bomb at (11, 4)
2019-03-25 12:08:07,227 [BombeRLeWorld] INFO: STARTING STEP 35
2019-03-25 12:08:07,246 [BombeRLeWorld] INFO: Agent <simple_agent_0> chose action DOWN in 0.00s.
2019-03-25 12:08:07,246 [BombeRLeWorld] INFO: Agent <simple_agent_1> chose action UP in 0.00s.
2019-03-25 12:08:07,246 [BombeRLeWorld] INFO: Agent <qn_agent> chose action WAIT in 0.01s.
2019-03-25 12:08:07,246 [BombeRLeWorld] INFO: Agent <simple_agent_0> picked up coin at (1, 7) and receives 1 point
2019-03-25 12:08:07,331 [BombeRLeWorld] INFO: STARTING STEP 36
2019-03-25 12:08:07,350 [BombeRLeWorld] INFO: Agent <simple_agent_0> chose action DOWN in 0.00s.
2019-03-25 12:08:07,350 [BombeRLeWorld] INFO: Agent <simple_agent_1> chose action RIGHT in 0.00s.
2019-03-25 12:08:07,351 [BombeRLeWorld] INFO: Agent <qn_agent> chose action WAIT in 0.01s.
2019-03-25 12:08:07,436 [BombeRLeWorld] INFO: STARTING STEP 37
2019-03-25 12:08:07,451 [BombeRLeWorld] INFO: Agent <simple_agent_1> chose action LEFT in 0.00s.
2019-03-25 12:08:07,452 [BombeRLeWorld] INFO: Agent <qn_agent> chose action WAIT in 0.01s.
2019-03-25 12:08:07,452 [BombeRLeWorld] INFO: Agent <simple_agent_0> chose action DOWN in 0.00s.
2019-03-25 12:08:07,545 [BombeRLeWorld] INFO: STARTING STEP 38
2019-03-25 12:08:07,566 [BombeRLeWorld] INFO: Agent <simple_agent_0> chose action BOMB in 0.00s.
2019-03-25 12:08:07,566 [BombeRLeWorld] INFO: Agent <simple_agent_0> drops bomb at (1, 9)
2019-03-25 12:08:07,566 [BombeRLeWorld] INFO: Agent <simple_agent_1> chose action RIGHT in 0.01s.
2019-03-25 12:08:07,566 [BombeRLeWorld] INFO: Agent <qn_agent> chose action WAIT in 0.01s.
2019-03-25 12:08:07,650 [BombeRLeWorld] INFO: STARTING STEP 39
2019-03-25 12:08:07,670 [BombeRLeWorld] INFO: Agent <qn_agent> chose action WAIT in 0.01s.
2019-03-25 12:08:07,670 [BombeRLeWorld] INFO: Agent <simple_agent_0> chose action UP in 0.01s.
2019-03-25 12:08:07,670 [BombeRLeWorld] INFO: Agent <simple_agent_1> chose action RIGHT in 0.01s.
2019-03-25 12:08:07,671 [BombeRLeWorld] INFO: Agent <simple_agent_1>'s bomb at (11, 4) explodes
2019-03-25 12:08:07,754 [BombeRLeWorld] INFO: STARTING STEP 40
2019-03-25 12:08:07,774 [BombeRLeWorld] INFO: Agent <simple_agent_1> chose action LEFT in 0.00s.
2019-03-25 12:08:07,774 [BombeRLeWorld] INFO: Agent <qn_agent> chose action WAIT in 0.01s.
2019-03-25 12:08:07,774 [BombeRLeWorld] INFO: Agent <simple_agent_0> chose action UP in 0.01s.
2019-03-25 12:08:07,856 [BombeRLeWorld] INFO: STARTING STEP 41
2019-03-25 12:08:07,880 [BombeRLeWorld] INFO: Agent <qn_agent> chose action DOWN in 0.01s.
2019-03-25 12:08:07,880 [BombeRLeWorld] INFO: Agent <simple_agent_1> chose action LEFT in 0.00s.
2019-03-25 12:08:07,881 [BombeRLeWorld] INFO: Agent <simple_agent_0> chose action UP in 0.00s.
2019-03-25 12:08:07,962 [BombeRLeWorld] INFO: STARTING STEP 42
2019-03-25 12:08:07,984 [BombeRLeWorld] INFO: Agent <qn_agent> chose action WAIT in 0.01s.
2019-03-25 12:08:07,984 [BombeRLeWorld] INFO: Agent <simple_agent_1> chose action DOWN in 0.00s.
2019-03-25 12:08:07,985 [BombeRLeWorld] INFO: Agent <simple_agent_0> chose action UP in 0.01s.
2019-03-25 12:08:08,063 [BombeRLeWorld] INFO: STARTING STEP 43
2019-03-25 12:08:08,084 [BombeRLeWorld] INFO: Agent <qn_agent> chose action WAIT in 0.01s.
2019-03-25 12:08:08,084 [BombeRLeWorld] INFO: Agent <simple_agent_1> chose action DOWN in 0.00s.
2019-03-25 12:08:08,084 [BombeRLeWorld] INFO: Agent <simple_agent_0> chose action RIGHT in 0.01s.
2019-03-25 12:08:08,084 [BombeRLeWorld] INFO: Agent <simple_agent_0>'s bomb at (1, 9) explodes
2019-03-25 12:08:08,168 [BombeRLeWorld] INFO: STARTING STEP 44
2019-03-25 12:08:08,185 [BombeRLeWorld] INFO: Agent <qn_agent> chose action WAIT in 0.01s.
2019-03-25 12:08:08,185 [BombeRLeWorld] INFO: Agent <simple_agent_1> chose action LEFT in 0.00s.
2019-03-25 12:08:08,185 [BombeRLeWorld] INFO: Agent <simple_agent_0> chose action RIGHT in 0.01s.
2019-03-25 12:08:08,272 [BombeRLeWorld] INFO: STARTING STEP 45
2019-03-25 12:08:08,286 [BombeRLeWorld] INFO: Agent <qn_agent> chose action WAIT in 0.01s.
2019-03-25 12:08:08,287 [BombeRLeWorld] INFO: Agent <simple_agent_0> chose action RIGHT in 0.00s.
2019-03-25 12:08:08,287 [BombeRLeWorld] INFO: Agent <simple_agent_1> chose action BOMB in 0.00s.
2019-03-25 12:08:08,287 [BombeRLeWorld] INFO: Agent <simple_agent_1> drops bomb at (10, 5)
2019-03-25 12:08:08,381 [BombeRLeWorld] INFO: STARTING STEP 46
2019-03-25 12:08:08,402 [BombeRLeWorld] INFO: Agent <simple_agent_0> chose action RIGHT in 0.00s.
2019-03-25 12:08:08,403 [BombeRLeWorld] INFO: Agent <qn_agent> chose action WAIT in 0.01s.
2019-03-25 12:08:08,403 [BombeRLeWorld] INFO: Agent <simple_agent_1> chose action RIGHT in 0.00s.
2019-03-25 12:08:08,486 [BombeRLeWorld] INFO: STARTING STEP 47
2019-03-25 12:08:08,504 [BombeRLeWorld] INFO: Agent <qn_agent> chose action WAIT in 0.01s.
2019-03-25 12:08:08,505 [BombeRLeWorld] INFO: Agent <simple_agent_0> chose action DOWN in 0.00s.
2019-03-25 12:08:08,505 [BombeRLeWorld] INFO: Agent <simple_agent_1> chose action DOWN in 0.00s.
2019-03-25 12:08:08,586 [BombeRLeWorld] INFO: STARTING STEP 48
2019-03-25 12:08:08,603 [BombeRLeWorld] INFO: Agent <qn_agent> chose action WAIT in 0.01s.
2019-03-25 12:08:08,603 [BombeRLeWorld] INFO: Agent <simple_agent_1> chose action DOWN in 0.00s.
2019-03-25 12:08:08,604 [BombeRLeWorld] INFO: Agent <simple_agent_0> chose action DOWN in 0.00s.
2019-03-25 12:08:08,690 [BombeRLeWorld] INFO: STARTING STEP 49
2019-03-25 12:08:08,706 [BombeRLeWorld] INFO: Agent <qn_agent> chose action WAIT in 0.01s.
2019-03-25 12:08:08,707 [BombeRLeWorld] INFO: Agent <simple_agent_0> chose action BOMB in 0.00s.
2019-03-25 12:08:08,707 [BombeRLeWorld] INFO: Agent <simple_agent_0> drops bomb at (5, 7)
2019-03-25 12:08:08,707 [BombeRLeWorld] INFO: Agent <simple_agent_1> chose action LEFT in 0.00s.
2019-03-25 12:08:08,798 [BombeRLeWorld] INFO: STARTING STEP 50
2019-03-25 12:08:08,824 [BombeRLeWorld] INFO: Agent <simple_agent_1> chose action RIGHT in 0.00s.
2019-03-25 12:08:08,824 [BombeRLeWorld] INFO: Agent <simple_agent_0> chose action UP in 0.00s.
2019-03-25 12:08:08,824 [BombeRLeWorld] INFO: Agent <qn_agent> chose action WAIT in 0.01s.
2019-03-25 12:08:08,824 [BombeRLeWorld] INFO: Agent <simple_agent_1>'s bomb at (10, 5) explodes
2019-03-25 12:08:08,903 [BombeRLeWorld] INFO: STARTING STEP 51
2019-03-25 12:08:08,923 [BombeRLeWorld] INFO: Agent <simple_agent_1> chose action DOWN in 0.00s.
2019-03-25 12:08:08,923 [BombeRLeWorld] INFO: Agent <qn_agent> chose action WAIT in 0.01s.
2019-03-25 12:08:08,923 [BombeRLeWorld] INFO: Agent <simple_agent_0> chose action UP in 0.00s.
2019-03-25 12:08:09,005 [BombeRLeWorld] INFO: STARTING STEP 52
2019-03-25 12:08:09,023 [BombeRLeWorld] INFO: Agent <simple_agent_1> chose action BOMB in 0.00s.
2019-03-25 12:08:09,023 [BombeRLeWorld] INFO: Agent <simple_agent_1> drops bomb at (11, 8)
2019-03-25 12:08:09,023 [BombeRLeWorld] INFO: Agent <qn_agent> chose action WAIT in 0.01s.
2019-03-25 12:08:09,023 [BombeRLeWorld] INFO: Agent <simple_agent_0> chose action LEFT in 0.00s.
2019-03-25 12:08:09,109 [BombeRLeWorld] INFO: STARTING STEP 53
2019-03-25 12:08:09,133 [BombeRLeWorld] INFO: Agent <qn_agent> chose action WAIT in 0.01s.
2019-03-25 12:08:09,133 [BombeRLeWorld] INFO: Agent <simple_agent_0> chose action RIGHT in 0.00s.
2019-03-25 12:08:09,133 [BombeRLeWorld] INFO: Agent <simple_agent_1> chose action UP in 0.00s.
2019-03-25 12:08:09,215 [BombeRLeWorld] INFO: STARTING STEP 54
2019-03-25 12:08:09,235 [BombeRLeWorld] INFO: Agent <qn_agent> chose action UP in 0.01s.
2019-03-25 12:08:09,236 [BombeRLeWorld] INFO: Agent <simple_agent_1> chose action LEFT in 0.00s.
2019-03-25 12:08:09,236 [BombeRLeWorld] INFO: Agent <simple_agent_0> chose action LEFT in 0.00s.
2019-03-25 12:08:09,236 [BombeRLeWorld] INFO: Agent <simple_agent_0>'s bomb at (5, 7) explodes
2019-03-25 12:08:09,317 [BombeRLeWorld] INFO: STARTING STEP 55
2019-03-25 12:08:09,336 [BombeRLeWorld] INFO: Agent <simple_agent_0> chose action LEFT in 0.00s.
2019-03-25 12:08:09,336 [BombeRLeWorld] INFO: Agent <simple_agent_1> chose action RIGHT in 0.00s.
2019-03-25 12:08:09,336 [BombeRLeWorld] INFO: Agent <qn_agent> chose action WAIT in 0.01s.
2019-03-25 12:08:09,421 [BombeRLeWorld] INFO: STARTING STEP 56
2019-03-25 12:08:09,440 [BombeRLeWorld] INFO: Agent <simple_agent_1> chose action LEFT in 0.00s.
2019-03-25 12:08:09,440 [BombeRLeWorld] INFO: Agent <simple_agent_0> chose action RIGHT in 0.00s.
2019-03-25 12:08:09,440 [BombeRLeWorld] INFO: Agent <qn_agent> chose action WAIT in 0.01s.
2019-03-25 12:08:09,526 [BombeRLeWorld] INFO: STARTING STEP 57
2019-03-25 12:08:09,540 [BombeRLeWorld] INFO: Agent <qn_agent> chose action WAIT in 0.01s.
2019-03-25 12:08:09,540 [BombeRLeWorld] INFO: Agent <simple_agent_0> chose action RIGHT in 0.00s.
2019-03-25 12:08:09,541 [BombeRLeWorld] INFO: Agent <simple_agent_1> chose action WAIT in 0.00s.
2019-03-25 12:08:09,541 [BombeRLeWorld] INFO: Agent <simple_agent_1>'s bomb at (11, 8) explodes
2019-03-25 12:08:09,632 [BombeRLeWorld] INFO: STARTING STEP 58
2019-03-25 12:08:09,651 [BombeRLeWorld] INFO: Agent <qn_agent> chose action WAIT in 0.01s.
2019-03-25 12:08:09,651 [BombeRLeWorld] INFO: Agent <simple_agent_1> chose action BOMB in 0.00s.
2019-03-25 12:08:09,651 [BombeRLeWorld] INFO: Agent <simple_agent_1> drops bomb at (10, 7)
2019-03-25 12:08:09,652 [BombeRLeWorld] INFO: Agent <simple_agent_0> chose action UP in 0.00s.
2019-03-25 12:08:09,737 [BombeRLeWorld] INFO: STARTING STEP 59
2019-03-25 12:08:09,756 [BombeRLeWorld] INFO: Agent <simple_agent_1> chose action RIGHT in 0.00s.
2019-03-25 12:08:09,756 [BombeRLeWorld] INFO: Agent <qn_agent> chose action WAIT in 0.01s.
2019-03-25 12:08:09,757 [BombeRLeWorld] INFO: Agent <simple_agent_0> chose action UP in 0.00s.
2019-03-25 12:08:09,841 [BombeRLeWorld] INFO: STARTING STEP 60
2019-03-25 12:08:09,857 [BombeRLeWorld] INFO: Agent <qn_agent> chose action WAIT in 0.01s.
2019-03-25 12:08:09,857 [BombeRLeWorld] INFO: Agent <simple_agent_0> chose action RIGHT in 0.00s.
2019-03-25 12:08:09,857 [BombeRLeWorld] INFO: Agent <simple_agent_1> chose action DOWN in 0.00s.
2019-03-25 12:08:09,945 [BombeRLeWorld] INFO: STARTING STEP 61
2019-03-25 12:08:09,966 [BombeRLeWorld] INFO: Agent <simple_agent_0> chose action BOMB in 0.00s.
2019-03-25 12:08:09,966 [BombeRLeWorld] INFO: Agent <simple_agent_0> drops bomb at (6, 3)
2019-03-25 12:08:09,967 [BombeRLeWorld] INFO: Agent <qn_agent> chose action WAIT in 0.01s.
2019-03-25 12:08:09,967 [BombeRLeWorld] INFO: Agent <simple_agent_1> chose action DOWN in 0.00s.
2019-03-25 12:08:10,051 [BombeRLeWorld] INFO: STARTING STEP 62
2019-03-25 12:08:10,076 [BombeRLeWorld] INFO: Agent <simple_agent_1> chose action DOWN in 0.00s.
2019-03-25 12:08:10,076 [BombeRLeWorld] INFO: Agent <qn_agent> chose action WAIT in 0.02s.
2019-03-25 12:08:10,076 [BombeRLeWorld] INFO: Agent <simple_agent_0> chose action LEFT in 0.00s.
2019-03-25 12:08:10,156 [BombeRLeWorld] INFO: STARTING STEP 63
2019-03-25 12:08:10,176 [BombeRLeWorld] INFO: Agent <simple_agent_0> chose action DOWN in 0.00s.
2019-03-25 12:08:10,176 [BombeRLeWorld] INFO: Agent <qn_agent> chose action WAIT in 0.01s.
2019-03-25 12:08:10,176 [BombeRLeWorld] INFO: Agent <simple_agent_1> chose action DOWN in 0.00s.
2019-03-25 12:08:10,177 [BombeRLeWorld] INFO: Agent <simple_agent_1>'s bomb at (10, 7) explodes
2019-03-25 12:08:10,177 [BombeRLeWorld] INFO: Coin found at (13, 7)
2019-03-25 12:08:10,258 [BombeRLeWorld] INFO: STARTING STEP 64
2019-03-25 12:08:10,275 [BombeRLeWorld] INFO: Agent <qn_agent> chose action WAIT in 0.01s.
2019-03-25 12:08:10,275 [BombeRLeWorld] INFO: Agent <simple_agent_0> chose action UP in 0.00s.
2019-03-25 12:08:10,276 [BombeRLeWorld] INFO: Agent <simple_agent_1> chose action LEFT in 0.00s.
2019-03-25 12:08:10,362 [BombeRLeWorld] INFO: STARTING STEP 65
2019-03-25 12:08:10,385 [BombeRLeWorld] INFO: Agent <qn_agent> chose action WAIT in 0.01s.
2019-03-25 12:08:10,385 [BombeRLeWorld] INFO: Agent <simple_agent_0> chose action DOWN in 0.00s.
2019-03-25 12:08:10,385 [BombeRLeWorld] INFO: Agent <simple_agent_1> chose action BOMB in 0.00s.
2019-03-25 12:08:10,385 [BombeRLeWorld] INFO: Agent <simple_agent_1> drops bomb at (10, 11)
2019-03-25 12:08:10,466 [BombeRLeWorld] INFO: STARTING STEP 66
2019-03-25 12:08:10,489 [BombeRLeWorld] INFO: Agent <simple_agent_1> chose action RIGHT in 0.00s.
2019-03-25 12:08:10,489 [BombeRLeWorld] INFO: Agent <qn_agent> chose action WAIT in 0.01s.
2019-03-25 12:08:10,489 [BombeRLeWorld] INFO: Agent <simple_agent_0> chose action DOWN in 0.00s.
2019-03-25 12:08:10,490 [BombeRLeWorld] INFO: Agent <simple_agent_0>'s bomb at (6, 3) explodes
2019-03-25 12:08:10,571 [BombeRLeWorld] INFO: STARTING STEP 67
2019-03-25 12:08:10,586 [BombeRLeWorld] INFO: Agent <simple_agent_0> chose action DOWN in 0.01s.
2019-03-25 12:08:10,586 [BombeRLeWorld] INFO: Agent <qn_agent> chose action WAIT in 0.01s.
2019-03-25 12:08:10,586 [BombeRLeWorld] INFO: Agent <simple_agent_1> chose action UP in 0.00s.
2019-03-25 12:08:10,675 [BombeRLeWorld] INFO: STARTING STEP 68
2019-03-25 12:08:10,689 [BombeRLeWorld] INFO: Agent <simple_agent_1> chose action UP in 0.00s.
2019-03-25 12:08:10,689 [BombeRLeWorld] INFO: Agent <simple_agent_0> chose action DOWN in 0.00s.
2019-03-25 12:08:10,690 [BombeRLeWorld] INFO: Agent <qn_agent> chose action WAIT in 0.01s.
2019-03-25 12:08:10,780 [BombeRLeWorld] INFO: STARTING STEP 69
2019-03-25 12:08:10,801 [BombeRLeWorld] INFO: Agent <qn_agent> chose action WAIT in 0.01s.
2019-03-25 12:08:10,802 [BombeRLeWorld] INFO: Agent <simple_agent_0> chose action RIGHT in 0.00s.
2019-03-25 12:08:10,802 [BombeRLeWorld] INFO: Agent <simple_agent_1> chose action UP in 0.00s.
2019-03-25 12:08:10,885 [BombeRLeWorld] INFO: STARTING STEP 70
2019-03-25 12:08:10,903 [BombeRLeWorld] INFO: Agent <qn_agent> chose action WAIT in 0.01s.
2019-03-25 12:08:10,903 [BombeRLeWorld] INFO: Agent <simple_agent_0> chose action RIGHT in 0.00s.
2019-03-25 12:08:10,903 [BombeRLeWorld] INFO: Agent <simple_agent_1> chose action UP in 0.00s.
2019-03-25 12:08:10,904 [BombeRLeWorld] INFO: Agent <simple_agent_1>'s bomb at (10, 11) explodes
2019-03-25 12:08:10,904 [BombeRLeWorld] INFO: Coin found at (12, 11)
2019-03-25 12:08:10,989 [BombeRLeWorld] INFO: STARTING STEP 71
2019-03-25 12:08:11,006 [BombeRLeWorld] INFO: Agent <qn_agent> chose action WAIT in 0.01s.
2019-03-25 12:08:11,006 [BombeRLeWorld] INFO: Agent <simple_agent_0> chose action DOWN in 0.00s.
2019-03-25 12:08:11,007 [BombeRLeWorld] INFO: Agent <simple_agent_1> chose action RIGHT in 0.00s.
2019-03-25 12:08:11,094 [BombeRLeWorld] INFO: STARTING STEP 72
2019-03-25 12:08:11,111 [BombeRLeWorld] INFO: Agent <simple_agent_0> chose action BOMB in 0.00s.
2019-03-25 12:08:11,111 [BombeRLeWorld] INFO: Agent <simple_agent_0> drops bomb at (7, 8)
2019-03-25 12:08:11,112 [BombeRLeWorld] INFO: Agent <qn_agent> chose action WAIT in 0.01s.
2019-03-25 12:08:11,112 [BombeRLeWorld] INFO: Agent <simple_agent_1> chose action RIGHT in 0.00s.
2019-03-25 12:08:11,112 [BombeRLeWorld] INFO: Agent <simple_agent_1> picked up coin at (13, 7) and receives 1 point
2019-03-25 12:08:11,199 [BombeRLeWorld] INFO: STARTING STEP 73
2019-03-25 12:08:11,220 [BombeRLeWorld] INFO: Agent <qn_agent> chose action WAIT in 0.01s.
2019-03-25 12:08:11,220 [BombeRLeWorld] INFO: Agent <simple_agent_1> chose action RIGHT in 0.00s.
2019-03-25 12:08:11,220 [BombeRLeWorld] INFO: Agent <simple_agent_0> chose action UP in 0.00s.
2019-03-25 12:08:11,303 [BombeRLeWorld] INFO: STARTING STEP 74
2019-03-25 12:08:11,321 [BombeRLeWorld] INFO: Agent <simple_agent_1> chose action RIGHT in 0.00s.
2019-03-25 12:08:11,322 [BombeRLeWorld] INFO: Agent <qn_agent> chose action WAIT in 0.01s.
2019-03-25 12:08:11,322 [BombeRLeWorld] INFO: Agent <simple_agent_0> chose action RIGHT in 0.00s.
2019-03-25 12:08:11,407 [BombeRLeWorld] INFO: STARTING STEP 75
2019-03-25 12:08:11,424 [BombeRLeWorld] INFO: Agent <simple_agent_0> chose action RIGHT in 0.00s.
2019-03-25 12:08:11,424 [BombeRLeWorld] INFO: Agent <qn_agent> chose action WAIT in 0.01s.
2019-03-25 12:08:11,424 [BombeRLeWorld] INFO: Agent <simple_agent_1> chose action DOWN in 0.00s.
2019-03-25 12:08:11,512 [BombeRLeWorld] INFO: STARTING STEP 76
2019-03-25 12:08:11,525 [BombeRLeWorld] INFO: Agent <simple_agent_1> chose action DOWN in 0.00s.
2019-03-25 12:08:11,525 [BombeRLeWorld] INFO: Agent <simple_agent_0> chose action DOWN in 0.00s.
2019-03-25 12:08:11,525 [BombeRLeWorld] INFO: Agent <qn_agent> chose action WAIT in 0.01s.
2019-03-25 12:08:11,615 [BombeRLeWorld] INFO: STARTING STEP 77
2019-03-25 12:08:11,634 [BombeRLeWorld] INFO: Agent <simple_agent_0> chose action DOWN in 0.00s.
2019-03-25 12:08:11,635 [BombeRLeWorld] INFO: Agent <qn_agent> chose action WAIT in 0.02s.
2019-03-25 12:08:11,635 [BombeRLeWorld] INFO: Agent <simple_agent_1> chose action BOMB in 0.00s.
2019-03-25 12:08:11,635 [BombeRLeWorld] INFO: Agent <simple_agent_1> drops bomb at (15, 9)
2019-03-25 12:08:11,635 [BombeRLeWorld] INFO: Agent <simple_agent_0>'s bomb at (7, 8) explodes
2019-03-25 12:08:11,720 [BombeRLeWorld] INFO: STARTING STEP 78
2019-03-25 12:08:11,738 [BombeRLeWorld] INFO: Agent <simple_agent_0> chose action BOMB in 0.00s.
2019-03-25 12:08:11,738 [BombeRLeWorld] INFO: Agent <simple_agent_0> drops bomb at (9, 9)
2019-03-25 12:08:11,739 [BombeRLeWorld] INFO: Agent <qn_agent> chose action WAIT in 0.01s.
2019-03-25 12:08:11,739 [BombeRLeWorld] INFO: Agent <simple_agent_1> chose action UP in 0.01s.
2019-03-25 12:08:11,824 [BombeRLeWorld] INFO: STARTING STEP 79
2019-03-25 12:08:11,842 [BombeRLeWorld] INFO: Agent <simple_agent_0> chose action UP in 0.01s.
2019-03-25 12:08:11,842 [BombeRLeWorld] INFO: Agent <qn_agent> chose action WAIT in 0.01s.
2019-03-25 12:08:11,842 [BombeRLeWorld] INFO: Agent <simple_agent_1> chose action UP in 0.01s.
2019-03-25 12:08:11,929 [BombeRLeWorld] INFO: STARTING STEP 80
2019-03-25 12:08:11,946 [BombeRLeWorld] INFO: Agent <qn_agent> chose action WAIT in 0.01s.
2019-03-25 12:08:11,946 [BombeRLeWorld] INFO: Agent <simple_agent_0> chose action UP in 0.01s.
2019-03-25 12:08:11,947 [BombeRLeWorld] INFO: Agent <simple_agent_1> chose action LEFT in 0.01s.
2019-03-25 12:08:12,034 [BombeRLeWorld] INFO: STARTING STEP 81
2019-03-25 12:08:12,051 [BombeRLeWorld] INFO: Agent <qn_agent> chose action WAIT in 0.01s.
2019-03-25 12:08:12,051 [BombeRLeWorld] INFO: Agent <simple_agent_0> chose action RIGHT in 0.01s.
2019-03-25 12:08:12,051 [BombeRLeWorld] INFO: Agent <simple_agent_1> chose action LEFT in 0.00s.
2019-03-25 12:08:12,138 [BombeRLeWorld] INFO: STARTING STEP 82
2019-03-25 12:08:12,158 [BombeRLeWorld] INFO: Agent <simple_agent_1> chose action LEFT in 0.00s.
2019-03-25 12:08:12,159 [BombeRLeWorld] INFO: Agent <simple_agent_0> chose action RIGHT in 0.00s.
2019-03-25 12:08:12,159 [BombeRLeWorld] INFO: Agent <qn_agent> chose action WAIT in 0.01s.
2019-03-25 12:08:12,159 [BombeRLeWorld] INFO: Agent <simple_agent_1>'s bomb at (15, 9) explodes
2019-03-25 12:08:12,243 [BombeRLeWorld] INFO: STARTING STEP 83
2019-03-25 12:08:12,264 [BombeRLeWorld] INFO: Agent <simple_agent_1> chose action BOMB in 0.00s.
2019-03-25 12:08:12,264 [BombeRLeWorld] INFO: Agent <simple_agent_1> drops bomb at (12, 7)
2019-03-25 12:08:12,264 [BombeRLeWorld] INFO: Agent <simple_agent_0> chose action DOWN in 0.01s.
2019-03-25 12:08:12,264 [BombeRLeWorld] INFO: Agent <qn_agent> chose action WAIT in 0.01s.
2019-03-25 12:08:12,265 [BombeRLeWorld] INFO: Agent <simple_agent_0>'s bomb at (9, 9) explodes
2019-03-25 12:08:12,265 [BombeRLeWorld] INFO: Coin found at (9, 10)
2019-03-25 12:08:12,348 [BombeRLeWorld] INFO: STARTING STEP 84
2019-03-25 12:08:12,360 [BombeRLeWorld] INFO: Agent <simple_agent_0> chose action UP in 0.01s.
2019-03-25 12:08:12,360 [BombeRLeWorld] INFO: Agent <qn_agent> chose action WAIT in 0.01s.
2019-03-25 12:08:12,361 [BombeRLeWorld] INFO: Agent <simple_agent_1> chose action LEFT in 0.00s.
2019-03-25 12:08:12,453 [BombeRLeWorld] INFO: STARTING STEP 85
2019-03-25 12:08:12,481 [BombeRLeWorld] INFO: Agent <simple_agent_1> chose action RIGHT in 0.01s.
2019-03-25 12:08:12,481 [BombeRLeWorld] INFO: Agent <qn_agent> chose action WAIT in 0.01s.
2019-03-25 12:08:12,481 [BombeRLeWorld] INFO: Agent <simple_agent_0> chose action DOWN in 0.01s.
2019-03-25 12:08:12,557 [BombeRLeWorld] INFO: STARTING STEP 86
2019-03-25 12:08:12,574 [BombeRLeWorld] INFO: Agent <qn_agent> chose action WAIT in 0.01s.
2019-03-25 12:08:12,575 [BombeRLeWorld] INFO: Agent <simple_agent_1> chose action UP in 0.01s.
2019-03-25 12:08:12,575 [BombeRLeWorld] INFO: Agent <simple_agent_0> chose action UP in 0.01s.
2019-03-25 12:08:12,661 [BombeRLeWorld] INFO: STARTING STEP 87
2019-03-25 12:08:12,677 [BombeRLeWorld] INFO: Agent <simple_agent_0> chose action DOWN in 0.00s.
2019-03-25 12:08:12,678 [BombeRLeWorld] INFO: Agent <simple_agent_1> chose action DOWN in 0.01s.
2019-03-25 12:08:12,678 [BombeRLeWorld] INFO: Agent <qn_agent> chose action DOWN in 0.01s.
2019-03-25 12:08:12,766 [BombeRLeWorld] INFO: STARTING STEP 88
2019-03-25 12:08:12,782 [BombeRLeWorld] INFO: Agent <qn_agent> chose action WAIT in 0.01s.
2019-03-25 12:08:12,783 [BombeRLeWorld] INFO: Agent <simple_agent_0> chose action DOWN in 0.00s.
2019-03-25 12:08:12,783 [BombeRLeWorld] INFO: Agent <simple_agent_1> chose action UP in 0.01s.
2019-03-25 12:08:12,783 [BombeRLeWorld] INFO: Agent <simple_agent_1>'s bomb at (12, 7) explodes
2019-03-25 12:08:12,870 [BombeRLeWorld] INFO: STARTING STEP 89
2019-03-25 12:08:12,886 [BombeRLeWorld] INFO: Agent <simple_agent_0> chose action LEFT in 0.00s.
2019-03-25 12:08:12,886 [BombeRLeWorld] INFO: Agent <qn_agent> chose action WAIT in 0.01s.
2019-03-25 12:08:12,886 [BombeRLeWorld] INFO: Agent <simple_agent_1> chose action UP in 0.01s.
2019-03-25 12:08:12,975 [BombeRLeWorld] INFO: STARTING STEP 90
2019-03-25 12:08:12,989 [BombeRLeWorld] INFO: Agent <simple_agent_0> chose action LEFT in 0.00s.
2019-03-25 12:08:12,990 [BombeRLeWorld] INFO: Agent <qn_agent> chose action WAIT in 0.01s.
2019-03-25 12:08:12,990 [BombeRLeWorld] INFO: Agent <simple_agent_1> chose action DOWN in 0.01s.
2019-03-25 12:08:13,079 [BombeRLeWorld] INFO: STARTING STEP 91
2019-03-25 12:08:13,096 [BombeRLeWorld] INFO: Agent <simple_agent_0> chose action DOWN in 0.00s.
2019-03-25 12:08:13,096 [BombeRLeWorld] INFO: Agent <simple_agent_1> chose action DOWN in 0.01s.
2019-03-25 12:08:13,096 [BombeRLeWorld] INFO: Agent <qn_agent> chose action WAIT in 0.01s.
2019-03-25 12:08:13,096 [BombeRLeWorld] INFO: Agent <simple_agent_0> picked up coin at (9, 10) and receives 1 point
2019-03-25 12:08:13,184 [BombeRLeWorld] INFO: STARTING STEP 92
2019-03-25 12:08:13,197 [BombeRLeWorld] INFO: Agent <simple_agent_0> chose action DOWN in 0.00s.
2019-03-25 12:08:13,197 [BombeRLeWorld] INFO: Agent <simple_agent_1> chose action RIGHT in 0.01s.
2019-03-25 12:08:13,198 [BombeRLeWorld] INFO: Agent <qn_agent> chose action WAIT in 0.01s.
2019-03-25 12:08:13,288 [BombeRLeWorld] INFO: STARTING STEP 93
2019-03-25 12:08:13,308 [BombeRLeWorld] INFO: Agent <simple_agent_1> chose action RIGHT in 0.00s.
2019-03-25 12:08:13,308 [BombeRLeWorld] INFO: Agent <simple_agent_0> chose action DOWN in 0.00s.
2019-03-25 12:08:13,309 [BombeRLeWorld] INFO: Agent <qn_agent> chose action WAIT in 0.01s.
2019-03-25 12:08:13,393 [BombeRLeWorld] INFO: STARTING STEP 94
2019-03-25 12:08:13,408 [BombeRLeWorld] INFO: Agent <simple_agent_1> chose action DOWN in 0.00s.
2019-03-25 12:08:13,408 [BombeRLeWorld] INFO: Agent <simple_agent_0> chose action BOMB in 0.00s.
2019-03-25 12:08:13,408 [BombeRLeWorld] INFO: Agent <simple_agent_0> drops bomb at (9, 12)
2019-03-25 12:08:13,408 [BombeRLeWorld] INFO: Agent <qn_agent> chose action BOMB in 0.01s.
2019-03-25 12:08:13,408 [BombeRLeWorld] INFO: Agent <qn_agent> drops bomb at (14, 15)
2019-03-25 12:08:13,496 [BombeRLeWorld] INFO: STARTING STEP 95
2019-03-25 12:08:13,513 [BombeRLeWorld] INFO: Agent <qn_agent> chose action BOMB in 0.01s.
2019-03-25 12:08:13,514 [BombeRLeWorld] INFO: Agent <simple_agent_1> chose action DOWN in 0.00s.
2019-03-25 12:08:13,514 [BombeRLeWorld] INFO: Agent <simple_agent_0> chose action UP in 0.00s.
2019-03-25 12:08:13,600 [BombeRLeWorld] INFO: STARTING STEP 96
2019-03-25 12:08:13,617 [BombeRLeWorld] INFO: Agent <simple_agent_1> chose action DOWN in 0.00s.
2019-03-25 12:08:13,618 [BombeRLeWorld] INFO: Agent <qn_agent> chose action BOMB in 0.01s.
2019-03-25 12:08:13,618 [BombeRLeWorld] INFO: Agent <simple_agent_0> chose action RIGHT in 0.00s.
2019-03-25 12:08:13,710 [BombeRLeWorld] INFO: STARTING STEP 97
2019-03-25 12:08:13,731 [BombeRLeWorld] INFO: Agent <simple_agent_1> chose action DOWN in 0.00s.
2019-03-25 12:08:13,732 [BombeRLeWorld] INFO: Agent <qn_agent> chose action BOMB in 0.01s.
2019-03-25 12:08:13,732 [BombeRLeWorld] INFO: Agent <simple_agent_0> chose action RIGHT in 0.00s.
2019-03-25 12:08:13,814 [BombeRLeWorld] INFO: STARTING STEP 98
2019-03-25 12:08:13,831 [BombeRLeWorld] INFO: Agent <simple_agent_1> chose action DOWN in 0.00s.
2019-03-25 12:08:13,831 [BombeRLeWorld] INFO: Agent <simple_agent_0> chose action RIGHT in 0.00s.
2019-03-25 12:08:13,832 [BombeRLeWorld] INFO: Agent <qn_agent> chose action BOMB in 0.01s.
2019-03-25 12:08:13,832 [BombeRLeWorld] INFO: Agent <simple_agent_0> picked up coin at (12, 11) and receives 1 point
2019-03-25 12:08:13,915 [BombeRLeWorld] INFO: STARTING STEP 99
2019-03-25 12:08:13,932 [BombeRLeWorld] INFO: Agent <simple_agent_0> chose action RIGHT in 0.00s.
2019-03-25 12:08:13,932 [BombeRLeWorld] INFO: Agent <qn_agent> chose action BOMB in 0.01s.
2019-03-25 12:08:13,932 [BombeRLeWorld] INFO: Agent <simple_agent_1> chose action BOMB in 0.00s.
2019-03-25 12:08:13,932 [BombeRLeWorld] INFO: Agent <simple_agent_1> drops bomb at (15, 12)
2019-03-25 12:08:13,933 [BombeRLeWorld] INFO: Agent <simple_agent_0>'s bomb at (9, 12) explodes
2019-03-25 12:08:13,934 [BombeRLeWorld] INFO: Agent <qn_agent>'s bomb at (14, 15) explodes
2019-03-25 12:08:13,935 [BombeRLeWorld] INFO: Agent <qn_agent> blown up by own bomb
2019-03-25 12:08:13,935 [BombeRLeWorld] INFO: No training agent left alive, wrap up round
2019-03-25 12:08:14,040 [BombeRLeWorld] INFO: WRAPPING UP ROUND #2
2019-03-25 12:08:14,134 [BombeRLeWorld] INFO: Agent <qn_agent> loses 1 point for being slowest (avg. 0.012s)
2019-03-25 12:08:41,778 [BombeRLeWorld] WARNING: End-of-round requested while no round was running
2019-03-25 12:08:41,778 [BombeRLeWorld] INFO: SHUT DOWN
